CAZy Family	PPR Subfamily	Gene ID	Frequency	Hits	Signature Peptides
GH1	1	XP_011567270.1	19.4	42	FSYYMS,GCIDLV,WTRIFP,GWQIDP,TFNEIN,WGGAVA,FRTSIA,FNEINN,MTFNEI,KRYGFI,AWTRIF,LWGGAV,GFSYYM,WMTFNE,PNEAGL,DFLWGG,FLWGGA,IAWTRI,AEMGFK,KVKYWM,LFAEMG,FYHRYK,TSIAWT,LFIVEN,FIVENG,YRIDYL,GYTPWG,FAEMGF,IDFYHR,CIDLVS,IDLVSA,WGCIDL,YWMTFN,AIDFYH,SIAWTR,WGWQID,DFYHRY,PLFIVE,VKYWMT,GGAVAA,KYWMTF,RTSIAW
GH1	1	XP_011566332.1	17.4	38	WTRIFP,GWQIDP,TFNEIN,WGGAVA,YQKPLF,FRTSIA,FNEINN,MTFNEI,AWTRIF,LWGGAV,KPLFIV,GFSYYM,WMTFNE,DFLWGG,FLWGGA,IAWTRI,AEMGFK,KVKYWM,LFAEMG,VASALA,TSIAWT,LFIVEN,FIVENG,YRIDYL,GYTPWG,FAEMGF,YWMTFN,SIAWTR,WGWQID,PLFIVE,RYQKPL,DDYRID,GGAVAA,KYWMTF,VKYWMT,RTSIAW,VIASNG,DYRIDY
GH1	1	XP_011566720.1	12.3	28	GCIDLV,YQKPLF,TFNEIN,KEDIAL,YKEDIA,FRTSIA,SKRYGF,FLWGGA,VENGLG,VASALA,FYHRYK,MSKRYG,IDFYHR,LTFNEI,CIDLVS,IDLVSA,KYWLTF,WGCIDL,DRYQKP,AIDFYH,YWLTFN,DFYHRY,VKYWLT,ENGLGA,RYQKPL,WLTFNE,RTSIAW,VIASNG
GH1	3	XP_011567408.1	24.9	48	ISENGM,TPSYPR,ENGMGV,EGGYLY,QPRRVK,PVEGGY,FNRSFL,NRSFLD,NAYKNR,YYQPRR,FTFNEP,GYLYDF,PIVPVE,HWFTFN,DFHYPN,FISENG,NGMGVE,SENGMG,YLYDFH,VPVEGG,TFNEPI,NYYQPR,IVPVEG,YQPRRV,KNRYGF,RGWEIY,NLTPSY,VEGGYL,NEPIVP,MPGRKM,LYDFHY,NPYRGW,LFGDRV,YRGWEI,PGRKMN,EPIVPV,YKNRYG,FNEPIV,RSFLDP,LTPSYP,AYKNRY,WFTFNE,PSYPRS,LNLTPS,YDFHYP,MNPYRG,GGYLYD,PYRGWE
GH1	4	XP_011548449.1	3.3	7	AAYQVE,YQVEGA,YHWDLP,AYQVEG,WLTINE,SAAYQV,QVEGAW
GH1	7	XP_011567357.1	47.8	66	ILSSQG,ENGIGV,IDILSS,VSSMQT,CYRFQI,GLIDIL,YHFDMP,GWGLID,TEGAWN,MQTEGA,WQIDPL,ISWSRV,NHDLKD,SSMQTE,WSRVCP,WGLIDI,WGNSVS,QIDPLG,FLWGNS,KRYGVV,LIDILS,LGWGLI,VFPIEN,LWGNSV,MNCYRF,GVVYVN,GMNCYR,VPKKSY,SMQTEG,YGVVYV,SVYDIR,EGAWNE,VVYVNR,IENGIG,DILSSQ,MICLYH,IDPLGF,QISWSR,NSVSSM,ARGIEP,ICLYHF,SDWKVA,PMICLY,GNSVSS,PVFPIE,SVSSMQ,CLYHFD,LYHFDM,GYLGWG,PIENGI,RYGVVY,HFDMPL,YLGWGL,FSYYAS,WNEGGK,TFNEQN,DPLGFR,RGIEPM,NCYRFQ,HDLKDL,SSQGDM,LSSQGD,FPIENG,QTEGAW,RVPKKS,NEGGKG
GH1	9	XP_011557578.1	6.93	7	LYHWDL,TLYHWD,HWDLPQ,YRFSLS,YHWDLP,VTLYHW,RFSLSW
GH1	13	XP_011553997.1	6.08	20	YQIEGA,MDNFEW,AATASY,SYQIEG,GAATAS,SWSRIL,GAWNED,FGDRVK,LQDLGG,HWDLPQ,WSRILP,ASYQIE,EGAWNE,AWNEDG,TASYQI,WNEDGK,IEGAWN,ATASYQ,NEDGKG,QIEGAW
GH1	13	XP_011554532.1	3.39	10	WNEDGK,AWNEDG,GAWNED,DSYHKY,LQDLGG,NEDGKG,RFSISW,SYHKYK,YRFSIS,EGAWNE
GH1	31	XP_011548743.1	8.5	19	TAAYQV,LMDNFE,LITENG,ATAAYQ,LYHWDL,MDNFEW,RFSISW,TLYHWD,AAYQVE,YQVEGA,HWDLPQ,AYQVEG,YRFSIS,VEGAWN,PVVTLY,YHWDLP,IEPVVT,QVEGAW,VVTLYH
GH1	31	XP_011559165.1	8.5	19	YHWDLP,YQVEGA,QVEGAW,LMDNFE,AAYQVE,TLYHWD,VVTLYH,ATAAYQ,LYHWDL,HWDLPQ,LITENG,AYQVEG,PVVTLY,RFSISW,VEGAWN,YRFSIS,IEPVVT,TAAYQV,MDNFEW
GH1	31	XP_011560972.1	8.5	19	YHWDLP,YQVEGA,QVEGAW,LMDNFE,AAYQVE,TLYHWD,VVTLYH,ATAAYQ,LYHWDL,HWDLPQ,LITENG,AYQVEG,PVVTLY,RFSISW,VEGAWN,YRFSIS,IEPVVT,TAAYQV,MDNFEW
GH1	45	XP_011548965.1	8.87	16	GAATAA,QVEGAW,TAAYQV,KGPSIW,FGAATA,TLYHWD,VEGAWN,AATAAY,YQVEGA,GPSIWD,AAYQVE,ATAAYQ,DGKGPS,AYQVEG,GKGPSI,EGAWNE
GH1	45	XP_011559164.1	8.01	13	TLYHWD,AAYQVE,VACDSY,ACDSYH,AYQVEG,WGAATA,YQVEGA,ATAAYQ,VEGAWN,TAAYQV,QVEGAW,GAATAA,AATAAY
GH1	45	XP_011560971.1	8.01	13	TLYHWD,AAYQVE,VACDSY,ACDSYH,AYQVEG,WGAATA,YQVEGA,ATAAYQ,VEGAWN,TAAYQV,QVEGAW,GAATAA,AATAAY
GH1	45	XP_011560990.1	7.29	11	AAYQVE,AYQVEG,WGAATA,ATAAYQ,YQVEGA,TIYHWD,VEGAWN,TAAYQV,QVEGAW,GAATAA,AATAAY
GH1	46	XP_011563308.1	6.0	6	SRLPEF,WSLMDS,RLPEFT,RSRLPE,LGGWTN,GGWTNP
GH1	46	XP_011551788.1	5.66	6	LGGWTN,GESIWD,FKDYAR,KGESIW,GGWTNP,DKGESI
GH1	46	XP_011564248.1	5.66	6	GGWTNP,DKGESI,GESIWD,KGESIW,LGGWTN,FKDYAR
GH1	54	XP_011561511.1	5.0	11	SLMDNF,GLYEVD,LYEVDF,AYQVEG,YRFSIS,IITENG,YQVEGG,WSLMDN,MDNFEW,LMDNFE,RFSISW
GH1	54	XP_011567669.1	5.0	11	AYQVEG,YQVEGG,YRFSIS,WSLMDN,RFSISW,MDNFEW,SLMDNF,LMDNFE,GLYEVD,LYEVDF,IITENG
GH1	54	XP_011569365.1	3.8	8	VTIFHW,WSLMDN,MDNFEW,SLMDNF,LMDNFE,ATSAYQ,TIFHWD,EFRSKQ
GH1	56	XP_011558678.1	13.3	25	FHWDLP,DFLGIN,YFRDYA,LVTLFH,YEICED,LFHWDL,FGGKIK,EPLVTL,LGGWAN,TLFHWD,IKGTSD,PLVTLF,IEPLVT,VTLFHW,HYTTHL,NIEPLV,GGWANP,GGKIKS,DLGGWA,DYFRDY,FRDYAD,LLDALA,LQDLGG,FNEPYE,QDLGGW
GH1	56	XP_011558680.1	13.3	25	FHWDLP,DFLGIN,YFRDYA,LVTLFH,YEICED,LFHWDL,FGGKIK,EPLVTL,LGGWAN,TLFHWD,IKGTSD,PLVTLF,IEPLVT,VTLFHW,HYTTHL,NIEPLV,GGWANP,GGKIKS,DLGGWA,DYFRDY,FRDYAD,LLDALA,LQDLGG,FNEPYE,QDLGGW
GH1	59	XP_011554237.1	16.2	29	GLNHYT,LNHYTT,RLPYFT,VTLFHW,FFGLNH,FEDYAR,FGLNHY,SDFFGL,LMDDFE,IVTENG,DHDTGV,WTLMDD,AADSYH,LLAHAR,GKIGIT,DFFGLN,SSDFFG,TLMDDF,IGITLD,GYFAWT,AAFQIE,YFAWTL,MDDFEW,FHWDLP,AWTLMD,IEGAWN,IIVTEN,FAWTLM,QIEGAW
GH1	59	XP_011556095.1	16.2	29	FFGLNH,AWTLMD,GLNHYT,LLAHAR,SDFFGL,FHWDLP,QIEGAW,DFFGLN,FGLNHY,IEGAWN,IGITLD,LNHYTT,IIVTEN,VTLFHW,AADSYH,DHDTGV,SSDFFG,GKIGIT,TLMDDF,GYFAWT,YFAWTL,AAFQIE,LMDDFE,FAWTLM,WTLMDD,RLPYFT,IVTENG,FEDYAR,MDDFEW
GH1	59	XP_011556122.1	7.0	11	FFGLNH,GLNHYT,NHYTTY,LNHYTT,IIVTEN,FGLNHY,IVTENG,EGAWNI,QIEGAW,DFFGLN,IEGAWN
