Gene ID	CAZy ID	% Identical	Length	Mismatches	Gap Open	Gene Start	Gene End	CAZy Start	CAZy End	E Value	Bit Score
XP_018564640.1	AJE75670.1|GH1|	68.2	491	153	2	7	494	11	501	1.6e-210	729.6
XP_018564647.1	AJE75670.1|GH1|	64.8	491	150	3	7	474	11	501	1.6e-196	682.9
XP_018565386.1	ATY36713.1|GH1|	80.3	502	99	0	1	502	1	502	3.0e-257	884.8
XP_018565412.1	AJE75667.1|GH1|	51.9	478	219	5	64	537	24	494	7.7e-142	501.5
XP_018565413.1	AJE75667.1|GH1|	49.4	476	228	5	23	493	24	491	1.4e-137	487.3
XP_018565416.1	AJE75662.1|GH1|	61.5	462	176	2	65	524	56	517	1.5e-174	610.1
XP_018565422.1	AJE75667.1|GH1|	49.7	471	226	6	28	493	29	493	1.2e-136	484.2
XP_018565423.1	AJE75667.1|GH1|	50.2	480	222	8	23	494	24	494	5.8e-136	481.9
XP_018565424.1	AHZ59670.1|GH1|	50.9	487	235	4	1	484	1	486	6.0e-143	505.4
XP_018565428.1	AHZ59670.1|GH1|	44.6	480	259	4	6	479	8	486	1.2e-123	441.0
XP_018565430.1	AJE75662.1|GH1|	47.6	441	226	4	23	458	53	493	9.2e-124	441.4
XP_018565432.1	AJE75662.1|GH1|	46.4	455	237	6	23	470	53	507	1.1e-124	444.5
XP_018565433.1	AJE75662.1|GH1|	45.3	475	253	6	23	490	53	527	1.6e-123	440.7
XP_018565434.1	AJE75662.1|GH1|	61.6	463	176	2	26	486	55	517	8.4e-179	624.4
XP_018565435.1	AJE75662.1|GH1|	61.3	463	177	2	26	486	55	517	1.3e-173	607.1
XP_018565438.1	AJE75662.1|GH1|	54.4	465	210	2	23	485	53	517	1.3e-159	560.5
XP_018565439.1	AJE75665.1|GH1|	59.4	468	189	1	21	487	17	484	4.2e-179	625.2
XP_018567100.1	AJE75661.1|GH1|	59.0	483	195	2	10	491	8	488	4.4e-184	641.7
XP_018567960.1	AJE75661.1|GH1|	58.4	485	199	2	7	490	6	488	2.3e-180	629.4
XP_018567975.1	AJE75665.1|GH1|	54.9	486	216	3	8	491	4	488	5.4e-166	581.6
XP_018568746.1	AJE75670.1|GH1|	67.2	494	159	2	8	498	8	501	1.4e-209	726.5
XP_018568747.1	AJE75670.1|GH1|	66.0	488	164	2	5	491	9	495	2.7e-205	712.2
XP_018568748.1	AJE75670.1|GH1|	68.8	487	151	1	5	490	9	495	1.2e-213	740.0
XP_018568749.1	AJE75670.1|GH1|	67.6	494	157	2	4	494	8	501	5.5e-211	731.1
XP_018568750.1	AJE75670.1|GH1|	69.6	487	147	1	5	490	9	495	6.3e-215	744.2
XP_018568760.1	AHZ59653.1|GH1|	57.8	486	202	1	6	488	7	492	8.2e-183	637.5
XP_018568761.1	AHZ59653.1|GH1|	57.8	486	202	1	6	488	7	492	8.2e-183	637.5
XP_018570324.1	AJE75667.1|GH1|	53.0	470	216	2	20	487	24	490	5.6e-163	571.6
XP_018570851.1	AJE75670.1|GH1|	68.0	494	155	2	4	494	8	501	3.1e-214	741.9
XP_018571131.1	AJE75667.1|GH1|	62.5	472	172	4	26	494	24	493	3.5e-189	658.7
XP_018571865.1	AEW46878.1|GH1|	54.0	470	208	4	23	488	31	496	6.8e-153	538.1
XP_018571866.1	AEW46878.1|GH1|	54.1	468	209	3	23	486	31	496	4.7e-154	542.0
XP_018572133.1	AJE75670.1|GH1|	65.7	493	166	2	5	494	9	501	2.8e-207	718.8
XP_018573206.1	AJE75661.1|GH1|	60.0	490	193	2	3	491	1	488	1.9e-187	652.9
XP_018573207.1	AJE75667.1|GH1|	62.4	489	179	4	6	491	7	493	1.2e-194	676.8
XP_018573208.1	AJE75667.1|GH1|	61.6	489	183	4	6	491	7	493	1.4e-190	663.3
XP_018573214.1	AJE75665.1|GH1|	61.1	473	182	2	23	493	17	489	2.7e-189	659.1
XP_018573472.1	AJE75661.1|GH1|	58.3	441	180	2	7	446	6	443	6.6e-163	571.2
XP_018573475.1	AJE75667.1|GH1|	60.3	489	189	4	6	491	7	493	3.5e-189	658.7
XP_018573476.1	AJE75671.1|GH1|	60.0	493	192	4	2	491	3	493	1.0e-185	647.1
XP_018573477.2	AFO93777.1|GH1|	46.6	977	468	17	26	990	938	1872	1.2e-265	913.7
XP_018573524.1	AJE75670.1|GH1|	67.2	494	159	2	4	494	8	501	7.9e-210	727.2
XP_018573699.1	AJE75667.1|GH1|	50.7	471	230	2	22	491	24	493	6.4e-143	505.0
XP_018573700.1	AJE75667.1|GH1|	49.3	471	237	2	21	490	24	493	4.3e-139	492.3
XP_018575352.1	AJE75670.1|GH1|	69.2	493	149	2	5	494	9	501	2.8e-215	745.3
XP_018576585.1	AJE75664.1|GH1|	66.1	487	164	1	16	501	16	502	3.4e-208	721.8
XP_018576586.1	AJE75664.1|GH1|	68.6	405	126	1	1	404	98	502	3.5e-179	625.2
XP_023310397.1	AJE75667.1|GH1|	50.0	480	223	8	23	494	24	494	2.9e-135	479.6
XP_023310604.1	AJE75667.1|GH1|	60.2	460	177	3	2	456	35	493	4.5e-175	611.7
XP_023310664.1	AJE75670.1|GH1|	69.2	487	149	1	5	490	9	495	2.4e-214	742.3
XP_023310665.1	AJE75670.1|GH1|	69.2	487	149	1	5	490	9	495	2.4e-214	742.3
XP_023310666.1	AJE75670.1|GH1|	67.0	488	159	2	5	491	9	495	4.8e-207	718.0
XP_023311341.1	AJE75667.1|GH1|	60.5	488	189	3	6	490	7	493	7.7e-189	657.5
XP_023311342.1	AJE75667.1|GH1|	61.8	489	182	4	6	491	7	493	1.1e-190	663.7
XP_023311344.1	AFO93777.1|GH1|	46.8	981	468	19	26	990	938	1880	1.4e-269	926.8
XP_023311495.1	AJE75661.1|GH1|	59.4	483	193	2	10	491	8	488	2.2e-188	656.0
XP_023311496.1	AJE75661.1|GH1|	59.2	483	194	2	10	491	8	488	3.2e-187	652.1
XP_023311712.1	AJE75667.1|GH1|	59.8	487	186	4	6	484	9	493	1.5e-184	643.3
XP_023312165.1	AJE75670.1|GH1|	70.6	269	78	1	4	271	8	276	1.6e-117	419.9
XP_023312484.1	AJE75664.1|GH1|	68.6	405	126	1	1	404	98	502	3.5e-179	625.2
XP_023312869.1	AJE75667.1|GH1|	62.4	474	170	5	22	491	24	493	9.1e-190	660.6
