CAZy Family	PPR Subfamily	Gene ID	Frequency	Hits	Signature Peptides
GH1	9	XP_018571865.1	9.9	10	TLYHWD,LYHWDL,RFSLSW,HWDLPQ,YHWDLP,FSLSWP,SLSWPR,VTLYHW,LSWPRI,YRFSLS
GH1	9	XP_018571866.1	9.9	10	TLYHWD,LYHWDL,RFSLSW,HWDLPQ,YHWDLP,FSLSWP,SLSWPR,VTLYHW,LSWPRI,YRFSLS
GH1	9	XP_018567960.1	9.86	10	YRFSLS,LYHWDL,VTLYHW,PFVTLY,FVTLYH,IEPFVT,RFSLSW,TLYHWD,EPFVTL,YHWDLP
GH1	9	XP_018573214.1	7.92	8	TLYHWD,LYHWDL,RFSLSW,HWDLPQ,TFNEPK,YHWDLP,VTLYHW,YRFSLS
GH1	13	XP_018573477.2	7.53	25	QDLGGW,ATASYQ,NVIGYT,YHKYKE,SYQIEG,TASYQI,SWSRIL,TMYHWD,ACDSYH,QIEGAW,YQIEGA,WSRILP,ASYQIE,DSYHKY,YTAWSL,LQDLGG,HWDLPQ,SYHKYK,HKYKED,CDSYHK,GYTAWS,YHWDLP,KYKEDV,MDNFEW,MYHWDL
GH1	13	XP_018570324.1	7.45	21	QDLGGW,SISWAR,AYQIEG,WARILP,SWARIL,FSISWA,ISWARI,AWNEDG,ACDSYH,QIEGAW,YQIEGA,WNEDGK,RFSISW,YRFSIS,IEGAWN,LQDLGG,EGAWNE,HWDLPQ,NEDGKG,YHWDLP,GAWNED
GH1	13	XP_018573475.1	7.23	24	QDLGGW,ATASYQ,NVIGYT,YHKYKE,AATASY,SYQIEG,TASYQI,SWSRIL,ACDSYH,QIEGAW,GAATAS,YQIEGA,WSRILP,ASYQIE,DSYHKY,YTAWSL,LQDLGG,HWDLPQ,SYHKYK,HKYKED,CDSYHK,GYTAWS,YHWDLP,KYKEDV
GH1	13	XP_018573207.1	6.91	23	QDLGGW,ATASYQ,NVIGYT,YHKYKE,AATASY,SWSRIL,TMYHWD,ACDSYH,GAATAS,WSRILP,DSYHKY,DNFEWL,YTAWSL,LQDLGG,HWDLPQ,SYHKYK,HKYKED,CDSYHK,GYTAWS,YHWDLP,KYKEDV,MDNFEW,MYHWDL
GH1	13	XP_018573473.1	6.73	22	QDLGGW,AYQIEG,YHKYKE,SWSRIL,AWNEDG,ACDSYH,QIEGAW,YQIEGA,WSRILP,WNEDGK,DSYHKY,IEGAWN,LQDLGG,EGAWNE,HWDLPQ,NEDGKG,SYHKYK,HKYKED,CDSYHK,YHWDLP,KYKEDV,GAWNED
GH1	13	XP_023311713.1	6.73	22	IEGAWN,DSYHKY,SWSRIL,AYQIEG,WNEDGK,ACDSYH,AWNEDG,YHKYKE,YQIEGA,NEDGKG,QIEGAW,QDLGGW,YHWDLP,EGAWNE,HKYKED,LQDLGG,CDSYHK,SYHKYK,GAWNED,WSRILP,KYKEDV,HWDLPQ
GH1	13	XP_023311344.1	6.69	22	DSYHKY,ATASYQ,SWSRIL,GAATAS,GYTAWS,MDNFEW,ACDSYH,YHKYKE,TMYHWD,NVIGYT,QDLGGW,YTAWSL,YHWDLP,AATASY,HKYKED,LQDLGG,CDSYHK,SYHKYK,MYHWDL,WSRILP,KYKEDV,HWDLPQ
GH1	13	XP_018565434.1	6.66	22	WSRILP,WSLIDN,AWNEDG,YQIEGA,WNEDGK,EGAWNE,QIEGAW,AYQIEG,HWDLPQ,SWSRIL,SLIDNF,IDNFEW,CDSYHK,NEDGKG,DSYHKY,YTAWSL,IEGAWN,GAWNED,ACDSYH,GYTAWS,LIDNFE,YHWDLP
GH1	13	XP_018565416.1	6.66	20	WSRILP,SYHKYK,AWNEDG,YQIEGA,YRFSIS,WNEDGK,EGAWNE,RFSISW,QIEGAW,AYQIEG,YHKYKE,HWDLPQ,SWSRIL,NEDGKG,YTAWSL,IEGAWN,GAWNED,GYTAWS,HKYKED,YHWDLP
GH1	13	XP_018573208.1	6.3	21	QDLGGW,ATASYQ,NVIGYT,YHKYKE,AATASY,SWSRIL,ACDSYH,GAATAS,WSRILP,DSYHKY,DNFEWL,YTAWSL,LQDLGG,HWDLPQ,SYHKYK,HKYKED,CDSYHK,GYTAWS,YHWDLP,KYKEDV,MDNFEW
GH1	13	XP_023311342.1	6.3	21	DSYHKY,ATASYQ,SWSRIL,GAATAS,GYTAWS,MDNFEW,ACDSYH,YHKYKE,NVIGYT,QDLGGW,YTAWSL,YHWDLP,AATASY,DNFEWL,HKYKED,LQDLGG,CDSYHK,SYHKYK,WSRILP,KYKEDV,HWDLPQ
GH1	13	XP_018573206.1	6.21	21	ATASYQ,YHKYKE,SASSWL,SWSRIL,AWNEDG,ACDSYH,WSRILP,WNEDGK,DSYHKY,YTAWSL,EGAWNE,HWDLPQ,NEDGKG,SYHKYK,HKYKED,CDSYHK,GYTAWS,YHWDLP,KYKEDV,GAWNED,MDNFEW
GH1	13	XP_023311712.1	6.11	21	DSYHKY,SWSRIL,WNEDGK,GYTAWS,MDNFEW,ACDSYH,AWNEDG,YHKYKE,NVIGYT,NEDGKG,QDLGGW,YTAWSL,EGAWNE,HKYKED,LQDLGG,CDSYHK,SYHKYK,GAWNED,WSRILP,KYKEDV,HWDLPQ
GH1	13	XP_023311341.1	5.92	20	DSYHKY,SWSRIL,GYTAWS,MDNFEW,SYQIEG,ACDSYH,YHKYKE,TMYHWD,YQIEGA,QIEGAW,YTAWSL,YHWDLP,DNFEWL,HKYKED,CDSYHK,SYHKYK,MYHWDL,WSRILP,KYKEDV,HWDLPQ
GH1	13	XP_018573472.1	5.57	19	WARILP,ATASYQ,YHKYKE,SASSWL,SWARIL,AWNEDG,ACDSYH,WNEDGK,DSYHKY,YTAWSL,EGAWNE,HWDLPQ,NEDGKG,SYHKYK,HKYKED,CDSYHK,GYTAWS,KYKEDV,GAWNED
GH1	13	XP_018567975.1	5.09	19	SYHKYK,AWNEDG,YQIEGA,NVIGYT,WNEDGK,EGAWNE,QIEGAW,YHKYKE,KYKEDV,SWSRIL,CDSYHK,NEDGKG,DSYHKY,IEGAWN,GAWNED,ACDSYH,GYTAWS,HKYKED,SYQIEG
GH1	13	XP_023311495.1	4.4	16	CDSYHK,NVIGYT,SYHKYK,DSYHKY,ATASYQ,SWSRIL,GAATAS,KYKEDV,AATASY,YHKYKE,HKYKED,GYTAWS,MDNFEW,WSRILP,ACDSYH,HWDLPQ
GH1	13	XP_023311496.1	4.4	16	CDSYHK,NVIGYT,SYHKYK,DSYHKY,ATASYQ,SWSRIL,GAATAS,KYKEDV,AATASY,YHKYKE,HKYKED,GYTAWS,MDNFEW,WSRILP,ACDSYH,HWDLPQ
GH1	13	XP_018573476.1	4.4	15	AATASY,MDNFEW,DSYHKY,WSRILP,HWDLPQ,SYHKYK,HKYKED,CDSYHK,ATASYQ,YHWDLP,SWSRIL,KYKEDV,YHKYKE,ACDSYH,GAATAS
GH1	13	XP_018573700.1	4.34	15	MDNFEW,YQIEGA,ITFNEP,WITFNE,IEGAWN,EGAWNE,FGDRVK,AYQIEG,VTMYHW,CDSYHK,TMYHWD,DSYHKY,ACDSYH,YTAWSL,QIEGAW
GH1	13	XP_018568750.1	3.91	13	QIEGGW,YHKYKE,WSRILP,HWDLPQ,WNEDGK,NEDGKG,SYHKYK,HKYKED,CDSYHK,YHWDLP,KYKEDV,DSYHKY,ACDSYH
GH1	13	XP_018575352.1	3.91	13	QIEGGW,YHKYKE,WSRILP,HWDLPQ,WNEDGK,NEDGKG,SYHKYK,HKYKED,CDSYHK,YHWDLP,KYKEDV,DSYHKY,ACDSYH
GH1	13	XP_023310664.1	3.91	13	CDSYHK,SYHKYK,DSYHKY,KYKEDV,YHWDLP,WNEDGK,YHKYKE,QIEGGW,HKYKED,WSRILP,ACDSYH,NEDGKG,HWDLPQ
GH1	13	XP_023310665.1	3.91	13	CDSYHK,SYHKYK,DSYHKY,KYKEDV,YHWDLP,WNEDGK,YHKYKE,QIEGGW,HKYKED,WSRILP,ACDSYH,NEDGKG,HWDLPQ
GH1	13	XP_018573524.1	3.73	12	QIEGGW,YHKYKE,HWDLPQ,WNEDGK,SYHKYK,HKYKED,WARILP,CDSYHK,YHWDLP,KYKEDV,DSYHKY,ACDSYH
GH1	13	XP_023312165.1	3.73	12	CDSYHK,SYHKYK,DSYHKY,KYKEDV,WARILP,YHWDLP,WNEDGK,YHKYKE,QIEGGW,HKYKED,ACDSYH,HWDLPQ
GH1	13	XP_018568746.1	3.42	11	QIEGGW,YHKYKE,HWDLPQ,SYHKYK,HKYKED,WARILP,CDSYHK,YHWDLP,KYKEDV,DSYHKY,ACDSYH
GH1	13	XP_018568748.1	3.42	11	QIEGGW,YHKYKE,HWDLPQ,SYHKYK,HKYKED,WARILP,CDSYHK,YHWDLP,KYKEDV,DSYHKY,ACDSYH
GH1	13	XP_018570851.1	3.42	11	QIEGGW,YHKYKE,HWDLPQ,WNEDGK,SYHKYK,HKYKED,CDSYHK,YHWDLP,KYKEDV,DSYHKY,ACDSYH
GH1	13	XP_018565428.1	3.13	11	WSRILP,AWNEDG,IEGAWN,GAWNED,GYTAWS,YQIEGA,NVIGYT,WNEDGK,EGAWNE,QIEGAW,AYQIEG
GH1	13	XP_018567100.1	3.13	11	ATASYQ,AATASY,WSRILP,SYHKYK,DSYHKY,MDNFEW,GAATAS,HWDLPQ,SWSRIL,ACDSYH,CDSYHK
GH1	13	XP_018568749.1	3.11	10	QIEGGW,YHKYKE,HWDLPQ,SYHKYK,HKYKED,CDSYHK,YHWDLP,KYKEDV,DSYHKY,ACDSYH
GH1	13	XP_018572133.1	3.11	10	QIEGGW,YHKYKE,HWDLPQ,SYHKYK,HKYKED,CDSYHK,YHWDLP,KYKEDV,DSYHKY,ACDSYH
GH1	13	XP_018564640.1	2.79	9	WSRILP,QIEGGW,SYHKYK,DSYHKY,YHKYKE,HWDLPQ,KYKEDV,HKYKED,YHWDLP
GH1	13	XP_018564647.1	2.79	9	WSRILP,QIEGGW,SYHKYK,DSYHKY,YHKYKE,HWDLPQ,KYKEDV,HKYKED,YHWDLP
GH1	20	XP_018565422.1	7.52	8	IDGLLA,YYNNLI,LIDGLL,EYYNNL,ACDSYH,NNLIDG,YRFSIS,RFSISW
GH1	20	XP_018565423.1	6.44	7	IDGLLA,YYNNLI,LIDGLL,EYYNNL,NNLIDG,VEYYNN,GVEYYN
GH1	20	XP_023310397.1	6.44	7	GVEYYN,LIDGLL,VEYYNN,EYYNNL,YYNNLI,NNLIDG,IDGLLA
GH1	20	XP_018565412.1	5.68	6	YYNNLI,EYYNNL,YRFSIS,VEYYNN,GVEYYN,RFSISW
GH1	31	XP_023312869.1	11.5	26	FSISWS,TLYHWD,RVLPNG,MDNFEW,SISWSR,LRAHAK,AYQVEG,YQVEGG,LYHWDL,LMDNFE,YRFSIS,ISWSRV,RFSISW,NLLRAH,WSRVLP,YHWDLP,VEGGWN,LLRAHA,ATAAYQ,SWSRVL,AAYQVE,TAAYQV,KYKEDV,HNLLRA,QVEGGW,HWDLPQ
GH1	31	XP_018565438.1	8.9	21	VEGAWN,AAYQVE,RVLPTG,QVEGAW,KYKEDV,PVVTLY,SWSRVL,AYQVEG,WSRVLP,LMDNFE,VVTLYH,HWDLPQ,ATAAYQ,TAAYQV,DLPQPL,IEPVVT,LYHWDL,MDNFEW,TLYHWD,YQVEGA,YHWDLP
GH1	31	XP_018565439.1	8.0	17	DLPQPL,VEGAWN,MDNFEW,FSISWS,SISWSR,HWDLPQ,AAYQVE,QVEGAW,ATAAYQ,YQVEGA,KYKEDV,LMDNFE,YRFSIS,AYQVEG,TAAYQV,RFSISW,YHWDLP
GH1	31	XP_018565424.1	5.1	12	LYHWDL,VVTLYH,FSISWS,SISWSR,QVEGGW,HWDLPQ,YQVEGG,TLYHWD,PVVTLY,AYQVEG,GDIACD,YHWDLP
GH1	46	XP_018565386.1	9.83	10	SRLPEF,KFGLYH,LGGWTN,FGLYHV,RSRLPE,YQIEGG,GGWTNP,EKFGLY,LYHVDF,ELGGWT
GH1	46	XP_018565435.1	7.0	7	SRLPEF,KGESIW,GESIWD,FGLYHV,GWTNPE,RLPEFT,GGWTNP
GH1	46	XP_018576585.1	6.0	6	IEGGWN,GGWTNP,QIEGGW,YQIEGG,GWTNPE,WTNPEI
GH1	54	XP_018571131.1	7.2	16	TATSAY,TIFHWD,VTIFHW,IITENG,GTATSA,TSAYQV,LFGTAT,DFLFGT,ATSAYQ,TRCLVD,FLFGTA,AYQVEG,CDSYHK,SAYQVE,FGTATS,LIKELK
GH1	54	XP_018573699.1	5.0	11	MDNFEW,YRFSIA,RFSIAW,TRCLVD,ATSAYQ,ITENGY,HWDIPQ,CDSYHK,WSLMDN,SLMDNF,LMDNFE
GH1	54	XP_023312738.1	3.2	6	CDSYHK,TSAYQV,SAYQVE,ATSAYQ,AYQVEG,YQVEGG
GH1	54	XP_023310604.1	2.8	6	LIKELK,LMDNFE,WSLMDN,MDNFEW,SLMDNF,IITENG
GH1	55	XP_018565413.1	5.19	9	PLVYGD,LGWFLH,FLHPLV,WFLHPL,LVYGDY,VYGDYP,HPLVYG,LHPLVY,GWFLHP
