CAZy Family	PPR Subfamily	Gene ID	Frequency	Hits	Signature Peptides
GH1	13	XP_022915417.1	4.61	14	FGDRVK,QDLGGW,ENGFSD,NFGDRV,LQDLGG,WSRILP,HWDLPQ,TENGFS,ITENGF,WITFNE,GYTAWS,MDNFEW,ITFNEP,SWSRIL
GH1	13	XP_022915423.1	4.61	14	FGDRVK,QDLGGW,ENGFSD,NFGDRV,LQDLGG,WSRILP,HWDLPQ,TENGFS,ITENGF,WITFNE,GYTAWS,MDNFEW,ITFNEP,SWSRIL
GH1	13	XP_022915431.1	4.61	14	FGDRVK,QDLGGW,ENGFSD,NFGDRV,LQDLGG,WSRILP,HWDLPQ,TENGFS,ITENGF,WITFNE,GYTAWS,MDNFEW,ITFNEP,SWSRIL
GH1	13	XP_022915440.1	4.61	14	FGDRVK,QDLGGW,ENGFSD,NFGDRV,LQDLGG,WSRILP,HWDLPQ,TENGFS,ITENGF,WITFNE,GYTAWS,MDNFEW,ITFNEP,SWSRIL
GH1	13	XP_022915449.1	4.61	14	FGDRVK,QDLGGW,ENGFSD,NFGDRV,LQDLGG,WSRILP,HWDLPQ,TENGFS,ITENGF,WITFNE,GYTAWS,MDNFEW,ITFNEP,SWSRIL
GH1	13	XP_022915458.1	4.61	14	FGDRVK,QDLGGW,ENGFSD,NFGDRV,LQDLGG,WSRILP,HWDLPQ,TENGFS,ITENGF,WITFNE,GYTAWS,MDNFEW,ITFNEP,SWSRIL
GH1	20	XP_022913995.1	7.36	8	VTLFHF,HFDLPQ,MVTLFH,FHFDLP,ACDSYH,LFHFDL,PMVTLF,TLFHFD
GH1	20	XP_022915096.1	6.68	7	RIFPTG,SISWSR,FSISWS,ISWSRI,WSRIFP,SWSRIF,SRIFPT
GH1	31	XP_022915568.1	3.49	8	SISWSR,FSISWS,AYQVEG,DLPQPL,HWDLPQ,YQVEGG,GWFAHP,QVEGGW
GH1	45	XP_022917213.1	3.86	8	EGAWNE,WPRILP,YQVEGA,AYQVEG,QVEGAW,CDSYHK,SWPRIL,VEGAWN
GH1	46	XP_022906938.1	11.0	11	ELGGWT,QIEGGW,IEGGWN,YQIEGG,GGWTNP,LQELGG,EGGWNA,GESIWD,KGESIW,QELGGW,LGGWTN
GH1	46	XP_022906939.1	11.0	11	ELGGWT,QIEGGW,IEGGWN,YQIEGG,GGWTNP,LQELGG,EGGWNA,GESIWD,KGESIW,QELGGW,LGGWTN
GH1	46	XP_022913989.1	8.66	9	QIEGGW,IEGGWN,YQIEGG,LYHVDF,YHVDFN,EGGWNA,GESIWD,KGESIW,FGLYHV
GH1	46	XP_022913994.1	7.83	8	QIEGGW,IEGGWN,YQIEGG,LQELGG,GESIWD,EGGWNA,KGESIW,ESIWDY
GH1	54	XP_022915744.1	5.6	12	DNFEWA,RFSISW,YRFSIS,ATSAYQ,AYQVEG,SAYQVE,VTIFHW,TSAYQV,TIFHWD,SPNRTR,PNRTRT,SGYTQK
GH1	56	XP_022913990.1	3.4	6	DGIRYY,YRFSLS,GDIACD,DIACDS,ACDSYN,IACDSY
GH1	56	XP_022913991.1	3.4	6	DGIRYY,YRFSLS,GDIACD,DIACDS,ACDSYN,IACDSY
GH1	56	XP_022913993.1	3.4	6	DGIRYY,YRFSLS,GDIACD,DIACDS,ACDSYN,IACDSY
GH1	59	XP_022915768.1	7.39	12	DFFGLN,FFGLNH,YHWDLP,FGLNHY,SDFFGL,GLNHYT,LNHYTT,DGSNGD,GVATAA,SSDFFG,FGVATA,AHPIFS
GH1	59	XP_022915650.1	5.8	9	DFFGLN,FFGLNH,FHWDLP,FGLNHY,SDFFGL,GLNHYT,LNHYTT,SSDFFG,FGVATA
GH1	59	XP_022917226.1	2.99	7	WPRILP,FHWDLP,SDFFGL,ISWPRI,SSDFFG,SWPRIL,AHPIFS
