CAZy Family	PPR Subfamily	Gene ID	Frequency	Hits	Signature Peptides
GH1	2	XP_021183317.1	6.16	15	GDVACD,YHWDLP,TLYHWD,HWDLPQ,YITENG,LMDNFE,AAYQIE,WSLMDN,SLMDNF,LYHWDL,IYITEN,YQIEGA,AYQIEG,FGDRVK,MDNFEW
GH1	2	XP_021200129.1	5.49	13	LMDNFE,AAYQIE,YQIEGA,FGDRVK,AYQIEG,TLYHWD,HWDLPQ,MDNFEW,GDVACD,WSLMDN,YHWDLP,LYHWDL,SLMDNF
GH1	2	XP_021196646.1	5.45	12	SIWDTF,RFSISW,LMDNFE,TLYHWD,HWDLPQ,MDNFEW,PSIWDT,WSLMDN,YHWDLP,YRFSIS,LYHWDL,SLMDNF
GH1	2	XP_021196647.1	5.45	12	SIWDTF,RFSISW,LMDNFE,TLYHWD,HWDLPQ,MDNFEW,PSIWDT,WSLMDN,YHWDLP,YRFSIS,LYHWDL,SLMDNF
GH1	2	XP_021196648.1	5.45	12	SIWDTF,RFSISW,LMDNFE,TLYHWD,HWDLPQ,MDNFEW,PSIWDT,WSLMDN,YHWDLP,YRFSIS,LYHWDL,SLMDNF
GH1	4	XP_021196985.1	3.48	8	ASTSAY,SAYQVE,STSAYQ,YHWDLP,AYQVEG,QVEGAW,YQVEGA,GASTSA
GH1	9	XP_021197058.1	8.87	9	IEPFVT,PFVTLY,TLYHWD,FVTLYH,VTLYHW,HWDLPQ,EPFVTL,YHWDLP,LYHWDL
GH1	13	XP_021191415.1	7.54	22	AWNEDG,WARILP,YQIEGA,SWARIL,GAWNED,SISWAR,YHWDLP,IEGAWN,EGAWNE,ITFNEP,WNEDGK,ISWARI,FSISWA,QIEGAW,YRFSIS,FGDRVK,NFGDRV,HWDLPQ,AYQIEG,RFSISW,MDNFEW,NEDGKG
GH1	13	XP_021191416.1	7.54	22	AWNEDG,WARILP,YQIEGA,SWARIL,GAWNED,SISWAR,YHWDLP,IEGAWN,EGAWNE,ITFNEP,WNEDGK,ISWARI,FSISWA,QIEGAW,YRFSIS,FGDRVK,NFGDRV,HWDLPQ,AYQIEG,RFSISW,MDNFEW,NEDGKG
GH1	13	XP_021191417.1	7.49	22	WARILP,SWARIL,SISWAR,YHWDLP,GDRVKL,AATASY,SYQIEG,GAATAS,ITFNEP,ATASYQ,ISWARI,LQDLGG,FSISWA,YRFSIS,YQIEGG,FGDRVK,NFGDRV,HWDLPQ,QIEGGW,RFSISW,ASYQIE,TASYQI
GH1	13	XP_021191418.1	7.49	22	WARILP,SWARIL,SISWAR,YHWDLP,GDRVKL,AATASY,SYQIEG,GAATAS,ITFNEP,ATASYQ,ISWARI,LQDLGG,FSISWA,YRFSIS,YQIEGG,FGDRVK,NFGDRV,HWDLPQ,QIEGGW,RFSISW,ASYQIE,TASYQI
GH1	13	XP_021191419.1	7.49	22	WARILP,SWARIL,SISWAR,YHWDLP,GDRVKL,AATASY,SYQIEG,GAATAS,ITFNEP,ATASYQ,ISWARI,LQDLGG,FSISWA,YRFSIS,YQIEGG,FGDRVK,NFGDRV,HWDLPQ,QIEGGW,RFSISW,ASYQIE,TASYQI
GH1	13	XP_021191446.1	6.77	22	AWNEDG,YQIEGA,GAWNED,YHWDLP,SASSWL,SYQIEG,ITFNEP,IEGAWN,EGAWNE,WNEDGK,ATASYQ,QIEGAW,FGDRVK,NFGDRV,HWDLPQ,AYQIEG,ASYQIE,MDNFEW,TASYQI,NEDGKG,WSRILP,SWSRIL
GH1	13	XP_021197047.1	6.04	16	VTMYHW,RFSISW,YARVLF,AYQIEG,FGDRVK,ACDSYH,YQIEGG,HWDLPQ,MDNFEW,MYHWDL,QIEGGW,YHWDLP,QDLGGW,LQDLGG,YRFSIS,TMYHWD
GH1	13	XP_021196645.1	4.28	11	RFSISW,YTAWSL,LGGWPN,FGDRVK,HWDLPQ,MDNFEW,QIEGGW,QDLGGW,LQDLGG,YRFSIS,DLGGWP
GH1	20	XP_021197062.1	6.76	7	RFSISW,FSISWS,SISWSR,HFDLPQ,ACDSYH,YRFSIS,LIDGLL
GH1	46	XP_021191447.1	12.0	12	RLPEFT,EGGWNA,SRLPEF,LGGWTN,GGWTNP,GGWNAD,QELGGW,GESIWD,LQELGG,KGESIW,ELGGWT,RSRLPE
GH1	46	XP_021186007.1	7.0	7	GGWNAD,EGGWNA,RSRLPE,GGWTNP,RLPEFT,LGGWTN,SRLPEF
GH1	54	XP_021197068.1	4.6	10	LMDNFE,ATSAYQ,MDNFEW,WSLMDN,IITENG,GLYEVD,YEVDFS,ITENGY,SLMDNF,LYEVDF
GH1	56	XP_021194049.1	29.6	56	FHWDLP,LGGWAN,DIACDS,EMIADG,DAYGDE,VTLFHW,LDALAE,GGWANP,LLDALA,DLLDAL,GAWNVS,GWANPK,AWNVSG,AEVANQ,YADLCF,LVTLFH,PEMIAD,WANPKM,EGAWNV,IEGAWN,GDIACD,GDEKKA,YRFSLS,IKGTSD,DGIRYY,DFLGIN,PLVTLF,IEPLVT,YTTHLI,IACDSY,ACDSYN,TLFHWD,LQDLGG,QDLGGW,QIEGAW,ENVWDR,FRDYAD,EPLVTL,FNEPYE,YFRDYA,DFYRFS,WNVSGK,NIEPLV,THLITG,ADLCFK,HYTTHL,NGDIAC,LFHWDL,DLCFKE,DEKKAP,RDYADL,YEICED,LCFKEF,DLGGWA,TTHLIT,DYADLC
GH1	56	XP_021194050.1	29.6	56	FHWDLP,LGGWAN,DIACDS,EMIADG,DAYGDE,VTLFHW,LDALAE,GGWANP,LLDALA,DLLDAL,GAWNVS,GWANPK,AWNVSG,AEVANQ,YADLCF,LVTLFH,PEMIAD,WANPKM,EGAWNV,IEGAWN,GDIACD,GDEKKA,YRFSLS,IKGTSD,DGIRYY,DFLGIN,PLVTLF,IEPLVT,YTTHLI,IACDSY,ACDSYN,TLFHWD,LQDLGG,QDLGGW,QIEGAW,ENVWDR,FRDYAD,EPLVTL,FNEPYE,YFRDYA,DFYRFS,WNVSGK,NIEPLV,THLITG,ADLCFK,HYTTHL,NGDIAC,LFHWDL,DLCFKE,DEKKAP,RDYADL,YEICED,LCFKEF,DLGGWA,TTHLIT,DYADLC
GH1	59	XP_021200470.1	8.2	14	FFGLNH,YQIEGA,DFFGLN,GLNHYT,AADSYH,TAAYQI,IVTENG,YHWDLP,FGLNHY,NHYTTY,QIEGAW,IIVTEN,DGSNGD,LNHYTT
GH1	59	XP_021200721.1	6.99	13	DHDTGV,LLAHAR,LMDDFE,MDDFEW,FEDYAR,LMDLGG,AADSYH,AAFQIE,YLQMHL,WTLMDD,TLMDDF,ITPVVT,LNHYTT
GH1	59	XP_021194605.1	6.8	13	GLNHYT,AHPIFS,QIEGAW,NHYTTY,IEGAWN,WPRILP,SWPRIL,RLPYFT,YQIEGA,ITPVVT,FGVATA,LNHYTT,YHWDLP
GH1	59	XP_021194593.1	6.2	12	GLNHYT,FHWDLP,AHPIFS,TAAYQI,QIEGAW,IEGAWN,FGVATA,WPRILP,SWPRIL,YQIEGA,GVATAA,LNHYTT
GH1	59	XP_021200637.1	4.0	8	LLAHAR,YQIEGA,ISWPRI,AADSYH,QIEGAW,SWPRIL,WPRILP,IEGAWN
