CAZy Family	PPR Subfamily	Gene ID	Frequency	Hits	Signature Peptides
GH1	2	XP_019757624.1	8.91	23	NFEWAE,GVHAPG,PSIWDT,LDNFEW,IWDTFS,RFSISW,YHWDLP,LYHWDL,TLYHWD,HWDLPQ,SLLDNF,VTLYHW,SIWDTF,LLDNFE,DNFEWA,EWAEGY,YRFSIS,RGPSIW,FEWAEG,WSLLDN,SYQIEG,GRGPSI,GPSIWD
GH1	2	XP_019764591.1	7.28	16	HWDLPQ,WSLLDN,AWSLLD,YHWDLP,SLLDNF,LDNFEW,YRFSIS,LYHWDL,DNFEWA,LLDNFE,TLYHWD,AYQIEG,AAYQIE,VTLYHW,RFSISW,YQIEGA
GH1	2	XP_019766466.1	6.35	14	SYQIEG,WSLLDN,YHWDLP,SLLDNF,NFEWAE,LDNFEW,FEWAEG,DNFEWA,LLDNFE,TLYHWD,LYHWDL,EWAEGY,VTLYHW,HWDLPQ
GH1	2	XP_019755907.1	6.3	15	HWDLPQ,ATAAYQ,YRFSIA,SLLDNF,AAYQIE,AYQIEG,VTLYHW,LYHWDL,LLDNFE,GDVACD,WSLLDN,RFSIAW,YHWDLP,LDNFEW,TLYHWD
GH1	2	XP_019764592.1	6.03	14	GDVACD,SLMDNF,YHWDLP,ATAAYQ,LMDNFE,YRFSIS,LYHWDL,WSLMDN,DNFEWA,TLYHWD,MDNFEW,VTLYHW,RFSISW,HWDLPQ
GH1	2	XP_019755905.1	5.36	12	ATAAYQ,AAYQIE,SLLDNF,YQIEGA,AYQIEG,VTLYHW,LYHWDL,LLDNFE,WSLLDN,YHWDLP,LDNFEW,TLYHWD
GH1	2	XP_019755616.1	4.84	10	SLLDNF,YQIEGA,VTLYHW,LYHWDL,LLDNFE,WSLLDN,SYQIEG,YHWDLP,LDNFEW,TLYHWD
GH1	2	XP_019755936.1	2.96	6	VTLYHW,GDVACD,WSLMDN,YHWDLP,LYHWDL,TLYHWD
GH1	9	XP_019757617.1	6.9	7	HWDLPQ,WDLPQY,VTLYHW,YHWDLP,LYHWDL,TLYHWD,NGDVAS
GH1	13	XP_019755906.1	4.3	14	HWDLPQ,QIEGGW,ATASYQ,YQIEGG,SASSWL,AATASY,GAATAS,DSYHKY,ACDSYH,CDSYHK,TASYQI,SYQIEG,YHWDLP,ASYQIE
GH1	13	XP_019757500.1	4.22	13	YQIEGA,AYQIEG,GAWNED,WNEDGK,QIEGAW,IEGAWN,MDNFEW,YRFSIS,RFSISW,NEDGKG,EGAWNE,ACDSYH,AWNEDG
GH1	13	XP_019764667.1	4.0	14	YTAWSL,NEDGKG,GYTAWS,WNEDGK,AWNEDG,IEGAWN,GAWNED,EGAWNE,ACDSYH,AYQIEG,MDNFEW,WSRILP,QIEGAW,YQIEGA
GH1	13	XP_019755904.1	3.83	12	SWARIL,TMYHWD,QIEGAW,ISWARI,CDSYHK,SISWAR,ACDSYH,WARILP,VTMYHW,MYHWDL,GYTAWS,YHWDLP
GH1	13	XP_019756936.1	3.62	13	WSLIDN,GAWNED,WNEDGK,QIEGAW,IEGAWN,IDNFEW,NEDGKG,CDSYHK,EGAWNE,ACDSYH,AWNEDG,LIDNFE,SLIDNF
GH1	24	XP_019764512.1	5.64	12	FSISWA,SWARIL,ITENGY,ARILPK,YQVEGG,WARILP,YRFSIS,FGDRVK,SISWAR,RILPKG,RFSISW,ISWARI
GH1	31	XP_019764658.1	6.0	12	GWFAHP,YQVEGA,YHWDLP,SISWSR,FSISWS,AAYQVE,YRFSIS,QVEGAW,LYHWDL,AYQVEG,TLYHWD,RFSISW
GH1	31	XP_019761744.1	5.8	14	IVTENG,NLLRAH,YQVEGA,RVLPTG,GDIACD,GHNLLR,AAYQVE,QVEGAW,HNLLRA,LRAHAK,AYQVEG,SWSRVL,WSRVLP,LLRAHA
GH1	31	XP_019758264.1	5.6	13	PVVTLY,RVLPNG,IEPVVT,AYQVEG,YRFSIS,VEGGWN,YQVEGG,RFSISW,VVTLYH,YHWDLP,QVEGGW,LYHWDL,TLYHWD
GH1	31	XP_019754716.1	4.7	10	YQVEGA,HNLLRA,RVLPTG,AAYQVE,NLLRAH,YRFSIS,RFSISW,LLRAHA,LRAHAK,AYQVEG
GH1	54	XP_019764449.1	4.8	9	SLMDNF,ATSAYQ,TSAYQV,LMDNFE,DNFEWA,WSLMDN,AYQVEG,MDNFEW,SAYQVE
GH1	54	XP_019764511.1	2.8	6	ITENGY,VTIFHW,TIFHWD,YQVEGG,AYQVEG,SAYQVE
GH1	56	XP_019756934.1	3.4	6	IACDSY,QIEGAW,GDIACD,IEGAWN,DFYRFS,DIACDS
GH1	56	XP_019772434.1	3.4	6	IEGAWN,QIEGAW,DFYRFS,GDIACD,IACDSY,DIACDS
