CAZy Family	PPR Subfamily	Gene ID	Frequency	Hits	Signature Peptides
GH1	2	XP_030026260.1	5.24	13	LYHWDL,YQIEGA,MDNFEW,SLMDNF,LMDNFE,AYQIEG,RFSISW,YRFSIS,AAYQIE,WSLMDN,TLYHWD,YHWDLP,VTLYHW
GH1	2	XP_030026262.1	5.24	13	LYHWDL,YQIEGA,MDNFEW,SLMDNF,LMDNFE,AYQIEG,RFSISW,YRFSIS,AAYQIE,WSLMDN,TLYHWD,YHWDLP,VTLYHW
GH1	4	XP_030029896.1	4.06	10	EGAWNE,AYQVEG,YQVEGA,VEGAWN,QVEGAW,GAWNED,SAYQVE,AWNEDG,TNGDVA,WNEDGK
GH1	9	XP_030020991.1	7.89	8	LYHWDL,VTLYHW,RFSLSW,YVTENG,YRFSLS,TLYHWD,YHWDLP,HWDLPQ
GH1	13	XP_030037524.1	6.4	21	IEGAWN,QIEGAW,FGDRVK,EGAWNE,WNEDGK,YHWDLP,DNFEWL,GDRVKL,AYQIEG,GAWNED,AWNEDG,MDNFEW,NFGDRV,WITFNE,SWSRIL,YQIEGA,WSRILP,NEDGKG,ITFNEP,HWDLPQ,DRVKLW
GH1	13	XP_030032559.1	4.79	12	YARVLF,HWDLPQ,MYHWDL,TFNEPL,LQDLGG,VTMYHW,YRFSIS,YHWDLP,QDLGGW,TMYHWD,RFSISW,DSYHKY
GH1	13	XP_030032573.1	3.33	9	HWDLPQ,MYHWDL,LQDLGG,VTMYHW,YHWDLP,QDLGGW,TMYHWD,WSRILP,DSYHKY
GH1	13	XP_030032583.1	3.33	9	HWDLPQ,MYHWDL,LQDLGG,VTMYHW,YHWDLP,QDLGGW,TMYHWD,WSRILP,DSYHKY
GH1	15	XP_030025073.1	10.0	11	ITINEP,FGDRVK,DRVKHW,VKHWIT,KHWITI,RVKHWI,GDRVKH,WITINE,TLYHWD,YHWDLP,HWITIN
GH1	15	XP_030033142.1	7.32	8	KHWITI,FGDRVK,RVKHWI,GDRVKH,VKHWIT,DRVKHW,YHWDLP,HWITIN
GH1	20	XP_030026270.1	8.44	9	ACDSYH,IDGLLA,YYNNLI,HFDLPQ,LIDGLL,RFSISW,NNLIDG,YRFSIS,FHFDLP
GH1	31	XP_030037804.1	5.99	13	FSISWS,RVLPNG,IEPVVT,WSRVLP,EGGWNA,HWDLPQ,MDNFEW,RFSISW,SISWSR,SWSRVL,LMDNFE,ISWSRV,YRFSIS
GH1	31	XP_030037805.1	5.99	13	FSISWS,RVLPNG,IEPVVT,WSRVLP,EGGWNA,HWDLPQ,MDNFEW,RFSISW,SISWSR,SWSRVL,LMDNFE,ISWSRV,YRFSIS
GH1	31	XP_030037806.1	5.99	13	FSISWS,RVLPNG,IEPVVT,WSRVLP,EGGWNA,HWDLPQ,MDNFEW,RFSISW,SISWSR,SWSRVL,LMDNFE,ISWSRV,YRFSIS
GH1	31	XP_030026267.1	5.4	13	VEGGWN,LYHWDL,QVEGGW,MDNFEW,LMDNFE,AYQVEG,YHWDLP,AAYQVE,IVTENG,TLYHWD,YQVEGG,EGGWNA,HWDLPQ
GH1	31	XP_030026268.1	5.4	13	VEGGWN,LYHWDL,QVEGGW,MDNFEW,LMDNFE,AYQVEG,YHWDLP,AAYQVE,IVTENG,TLYHWD,YQVEGG,EGGWNA,HWDLPQ
GH1	31	XP_030026269.1	5.4	13	VEGGWN,LYHWDL,QVEGGW,MDNFEW,LMDNFE,AYQVEG,YHWDLP,AAYQVE,IVTENG,TLYHWD,YQVEGG,EGGWNA,HWDLPQ
GH1	31	XP_030026255.1	5.1	12	VEGGWN,LYHWDL,QVEGGW,MDNFEW,LMDNFE,AYQVEG,YHWDLP,AAYQVE,TLYHWD,YQVEGG,EGGWNA,HWDLPQ
GH1	31	XP_030026258.1	5.1	12	LYHWDL,QVEGAW,MDNFEW,LMDNFE,AYQVEG,VEGAWN,YQVEGA,AAYQVE,IVTENG,TLYHWD,YHWDLP,HWDLPQ
GH1	31	XP_030026259.1	5.1	12	LYHWDL,QVEGAW,MDNFEW,LMDNFE,AYQVEG,VEGAWN,YQVEGA,AAYQVE,IVTENG,TLYHWD,YHWDLP,HWDLPQ
GH1	31	XP_030026264.1	5.1	12	LYHWDL,QVEGAW,MDNFEW,LMDNFE,AYQVEG,VEGAWN,YQVEGA,AAYQVE,IVTENG,TLYHWD,YHWDLP,HWDLPQ
GH1	40	XP_030039701.1	4.87	6	RFSLSW,YRFSLS,FSLSWS,LSWSRI,AYRFSL,SLSWSR
GH1	40	XP_030039800.1	4.87	6	RFSLSW,YRFSLS,FSLSWS,LSWSRI,AYRFSL,SLSWSR
GH1	46	XP_030025072.1	10.0	10	GGWTNP,LQELGG,QELGGW,EKFGLY,SRLPEF,LGGWTN,RSRLPE,RLPEFT,YQIEGG,ELGGWT
GH1	46	XP_030035516.1	8.0	8	GGWTNP,QELGGW,ELGGWT,RSRLPE,LQELGG,LGGWTN,SRLPEF,RLPEFT
GH1	46	XP_030032528.1	7.0	7	LGGWTN,GESIWD,KGESIW,QELGGW,GGWTNP,ELGGWT,LQELGG
GH1	46	XP_030032537.1	7.0	7	LGGWTN,GESIWD,KGESIW,QELGGW,GGWTNP,ELGGWT,LQELGG
GH1	46	XP_030026236.1	6.66	7	GGWTNP,QRLQEL,LQELGG,QELGGW,RLQELG,LGGWTN,ELGGWT
GH1	46	XP_030026240.1	6.66	7	GGWTNP,FGLYHV,WSLMDS,KFGLYH,LGGWTN,LYHVDF,YHVDFN
GH1	54	XP_030026265.1	5.2	11	ITENGY,GLYEVD,MDNFEW,SAYQVE,LMDNFE,LYEVDF,AYQVEG,RFSIAW,YRFSIA,IITENG,YQVEGG
GH1	54	XP_030026263.1	3.99	9	YEVDFS,GLYEVD,MDNFEW,EVDFSS,LMDNFE,LYEVDF,RFSISW,YRFSIS,VDFSSP
GH1	56	XP_030037279.1	26.3	50	IEGAWN,DIACDS,QIEGAW,LGGWAN,YFRDYA,FHWDLP,YRFSLS,EPLVTL,IEPLVT,QDLGGW,LFHWDL,ACDSYN,FNEPYE,LQDLGG,YEICED,AWNVSG,IKGTSD,WANPKM,PLVTLF,NIEPLV,IACDSY,LDALAE,DLLDAL,GWANPK,EMIADG,GAWNVS,DAYGDE,DYFRDY,LLDALA,WNVSGK,DFLGIN,THLITG,EGAWNV,PEMIAD,GGWANP,ENVWDR,TTHLIT,GDIACD,VTLFHW,FRDYAD,DFYRFS,NGDIAC,TLFHWD,DLGGWA,LVTLFH,AEVANQ,HYTTHL,DEKKAP,YTTHLI,GDEKKA
GH1	56	XP_030037280.1	26.3	50	IEGAWN,DIACDS,QIEGAW,LGGWAN,YFRDYA,FHWDLP,YRFSLS,EPLVTL,IEPLVT,QDLGGW,LFHWDL,ACDSYN,FNEPYE,LQDLGG,YEICED,AWNVSG,IKGTSD,WANPKM,PLVTLF,NIEPLV,IACDSY,LDALAE,DLLDAL,GWANPK,EMIADG,GAWNVS,DAYGDE,DYFRDY,LLDALA,WNVSGK,DFLGIN,THLITG,EGAWNV,PEMIAD,GGWANP,ENVWDR,TTHLIT,GDIACD,VTLFHW,FRDYAD,DFYRFS,NGDIAC,TLFHWD,DLGGWA,LVTLFH,AEVANQ,HYTTHL,DEKKAP,YTTHLI,GDEKKA
GH1	59	XP_030041345.1	17.4	31	TLMDDF,IEGAWN,FFGLNH,QIEGAW,WDTYLH,IGITLD,FGLNHY,SDFFGL,TAAYQI,IVTENG,LMDLGG,GKIGIT,ITPVVT,AWTLMD,SSDFFG,FAWTLM,VTLFHW,AHPIFS,GLNHYT,GVKYYR,YQIEGA,LNHYTT,DFFGLN,WTLMDD,NHYTTY,GYFAWT,IIVTEN,LMDDFE,MDDFEW,KPGADW,YFAWTL
GH1	59	XP_030026885.1	7.8	13	FFGLNH,EGAWNI,FGLNHY,NHYTTY,DFFGLN,LNHYTT,IIVTEN,GLNHYT,YHWDLP,AADSYH,IEGAWN,QIEGAW,IVTENG
