CAZy Family	PPR Subfamily	Gene ID	Frequency	Hits	Signature Peptides
GH1	2	XP_018320225.2	5.37	12	YQIEGA,TLYHWD,MDNFEW,HWDLPQ,LYHWDL,AYQIEG,YHWDLP,GDVACD,WSLMDN,VTLYHW,LMDNFE,SLMDNF
GH1	2	XP_025835618.1	3.23	7	LMDNFE,LYHWDL,SLMDNF,TLYHWD,FGDRVK,YHWDLP,MDNFEW
GH1	9	XP_018335102.1	10.8	11	TLYHWD,YRFSLS,YVTENG,SLSWPR,RFSLSW,FSLSWP,LYHWDL,YHWDLP,LSWPRI,VTLYHW,HWDLPQ
GH1	13	XP_025828888.1	6.23	17	RFSISW,AYQIEG,GAWNED,ITFNEP,WNEDGK,QIEGAW,AWNEDG,NEDGKG,EGAWNE,HWDLPQ,IEGAWN,YHWDLP,LQDLGG,FGDRVK,YQIEGA,YRFSIS,WITFNE
GH1	13	XP_018320233.1	3.74	13	YQIEGA,QIEGAW,IEGAWN,CDSYHK,HKYKED,AYQIEG,SYHKYK,YHWDLP,YHKYKE,EGAWNE,KYKEDV,DSYHKY,ACDSYH
GH1	15	XP_018320779.1	5.48	6	RVKHWI,YHWDLP,GDRVKH,VKHWIT,DRVKHW,FGDRVK
GH1	20	XP_018320177.1	8.68	9	ISWSRI,SISWSR,WSRIFP,FSISWS,ACDSYH,SWSRIF,YYNNLI,RFSISW,YRFSIS
GH1	20	XP_018321395.1	5.92	6	ISWSRI,SISWSR,ACDSYH,FSISWS,RFSISW,YRFSIS
GH1	31	XP_025835610.1	4.5	10	YQVEGA,YHWDLP,LMDNFE,VEGAWN,EDIAAA,QVEGAW,AYQVEG,RFSISW,YRFSIS,MDNFEW
GH1	31	XP_025835611.1	4.5	10	YQVEGA,YHWDLP,LMDNFE,VEGAWN,EDIAAA,QVEGAW,AYQVEG,RFSISW,YRFSIS,MDNFEW
GH1	37	XP_018320791.1	3.32	7	VPWGFR,GFRRLL,LYHWDL,YHWDLP,WGFRRL,PWGFRR,FGDRVK
GH1	46	XP_025830262.1	8.0	8	ELGGWT,GGWTNP,RSRLPE,SRLPEF,LGGWTN,LQELGG,QELGGW,RLPEFT
GH1	46	XP_025828881.1	7.83	8	IEGGWN,QIEGGW,YQIEGG,LYHVDF,EGGWNA,WSLMDS,FGLYHV,KFGLYH
GH1	46	XP_018320189.2	6.66	7	LGGWTN,QELGGW,QRLQEL,DFFGIN,LQELGG,RLQELG,ELGGWT
GH1	46	XP_025830269.1	6.66	7	ELGGWT,GGWTNP,LGGWTN,LQELGG,QRLQEL,RLQELG,QELGGW
GH1	46	XP_025830272.1	6.66	7	ELGGWT,DFFGIN,LGGWTN,LQELGG,QRLQEL,RLQELG,QELGGW
GH1	46	XP_025830270.1	5.66	6	ELGGWT,LGGWTN,LQELGG,QRLQEL,RLQELG,QELGGW
GH1	54	XP_018320216.1	10.8	24	SAYQVE,DIPQAL,TENGYP,PQALQD,YRFSIS,IPQALQ,TATSAY,CDSYHK,WDIPQA,GTATSA,SRLPEF,HWDIPQ,RFSISW,LFGTAT,FLFGTA,ATSAYQ,AYQVEG,TSAYQV,ITENGY,LMDNFE,FGTATS,WSLMDN,MDNFEW,SLMDNF
GH1	54	XP_018330919.1	7.6	16	RFSISW,SAYQVE,LMDNFE,MDNFEW,GTATSA,ATSAYQ,TSAYQV,AYQVEG,FLFGTA,TATSAY,LFGTAT,DFLFGT,YRFSIS,WITFNE,FGTATS,ITENGY
GH1	54	XP_018320181.1	6.4	13	SAYQVE,FLFGTA,ATSAYQ,FGTATS,TATSAY,CDSYHK,AYQVEG,GTATSA,DFLFGT,TSAYQV,MDNFEW,LFGTAT,LMDNFE
GH1	54	XP_018332984.1	5.6	13	VTIFHW,TIFHWD,LMDNFE,MDNFEW,SRLPEF,DFSSPN,RFSIAW,FLFGTA,VDFSSP,YRFSIA,DFLFGT,WITFNE,FSSPNR
GH1	54	XP_018320224.1	4.6	11	WITFNE,FLFGTA,ATSAYQ,FGTATS,TATSAY,SRLPEF,GTATSA,DFLFGT,RFSISW,LFGTAT,YRFSIS
GH1	54	XP_018322931.1	3.59	8	TIFHWD,SRLPEF,YRFSIA,RFSIAW,VTIFHW,MDNFEW,LMDNFE,FHWDIP
GH1	56	XP_018320185.1	7.19	13	QIEGAW,YRFSLS,VTLFHW,LFHWDL,IEGAWN,FHWDLP,TLFHWD,IACDSY,GDIACD,NGDIAC,DIACDS,DFYRFS,IKGTSD
GH1	56	XP_025830317.1	7.19	13	YRFSLS,DFYRFS,FHWDLP,QIEGAW,LFHWDL,IKGTSD,NGDIAC,IEGAWN,IACDSY,DIACDS,TLFHWD,GDIACD,VTLFHW
GH1	56	XP_018320187.1	6.79	12	QIEGAW,YRFSLS,VTLFHW,LFHWDL,IEGAWN,FHWDLP,TLFHWD,IACDSY,GDIACD,NGDIAC,DIACDS,DFYRFS
GH1	56	XP_025830271.1	6.79	12	YRFSLS,DFYRFS,FHWDLP,QIEGAW,LFHWDL,NGDIAC,IEGAWN,IACDSY,DIACDS,TLFHWD,GDIACD,VTLFHW
GH1	56	XP_025830274.1	6.79	12	YRFSLS,DFYRFS,FHWDLP,QIEGAW,LFHWDL,NGDIAC,IEGAWN,IACDSY,DIACDS,TLFHWD,GDIACD,VTLFHW
GH1	56	XP_025830275.1	6.79	12	YRFSLS,DFYRFS,FHWDLP,QIEGAW,LFHWDL,NGDIAC,IEGAWN,IACDSY,DIACDS,TLFHWD,GDIACD,VTLFHW
GH1	56	XP_025830276.1	6.79	12	YRFSLS,DFYRFS,FHWDLP,GDIACD,QIEGAW,NGDIAC,IEGAWN,IACDSY,DIACDS,TLFHWD,LFHWDL,VTLFHW
GH1	59	XP_018320182.1	7.0	12	YQIEGA,GLNHYT,QIEGAW,SDFFGL,IEGAWN,FFGLNH,YHWDLP,WITINE,ITINEP,FGLNHY,DFFGLN,DSYHKY
GH1	59	XP_025830222.1	6.2	10	SDFFGL,DFFGLN,QIEGAW,FGLNHY,AWTLMD,IEGAWN,YHWDLP,GLNHYT,FFGLNH,YQIEGA
GH1	59	XP_018320184.1	6.19	10	GLNHYT,LNHYTT,SDFFGL,FFGLNH,YHWDLP,WITINE,ITINEP,FGLNHY,DFFGLN,DSYHKY
GH1	59	XP_018320179.1	4.39	6	GLNHYT,LNHYTT,SDFFGL,FGLNHY,DFFGLN,FFGLNH
