CAZy Family	PPR Subfamily	Gene ID	Frequency	Hits	Signature Peptides
GH1	1	XP_022833696.1	18.7	39	RYGFIY,IVENGL,YRIDYL,TFNEIN,FLWGGA,GFIYVD,GCIDLV,DYRIDY,KRYGFI,IFPNGD,WGWQID,FIVENG,KYWLTF,YKEDIA,PLFIVE,WLTFNE,ENGLGA,VKYWLT,PNEAGL,YWLTFN,LFIVEN,FAEMGF,IDFYHR,YGFIYV,AEMGFK,CIDLVS,VENGLG,SKRYGF,IDLVSA,FYHRYK,GWQIDP,FSYYMS,DFYHRY,LTFNEI,MSKRYG,GYTPWG,WGCIDL,RIFPNG,DDYRID
GH1	1	XP_022833885.1	17.6	37	YWMTFN,RYGFIY,IVENGL,YRIDYL,TFNEIN,FLWGGA,GFIYVD,GCIDLV,KEDIAL,DYRIDY,KRYGFI,MTFNEI,DRYQKP,YQKPLF,FIVENG,WGWQID,RYQKPL,PLFIVE,ENGLGA,PNEAGL,EDIALF,LFIVEN,YGFIYV,DIALFA,GFSYYM,CIDLVS,VENGLG,SKRYGF,IDLVSA,FSYYMS,GWQIDP,MSKRYG,GYTPWG,WGCIDL,WMTFNE,DDYRID,KPLFIV
GH1	1	XP_022833751.1	16.2	34	YWMTFN,RYGFIY,FRTSIA,YRIDYL,TFNEIN,WGGAVA,FLWGGA,GFIYVD,AIDFYH,DFLWGG,RTSIAW,KRYGFI,MTFNEI,IFPNGD,WGWQID,FIVENG,PLFIVE,LFIVEN,YGFIYV,IAWTRI,GFSYYM,WTRIFP,GGAVAA,TSIAWT,IDLVSA,FNEINN,LWGGAV,FSYYMS,GWQIDP,AWTRIF,SIAWTR,GYTPWG,RIFPNG,WMTFNE
GH1	3	XP_022833797.1	23.5	46	NEPIVP,EPIVPV,YYQPRR,GWEIYE,YKNRYG,PIVPVE,PVEGGY,TPSYPR,ENGMGV,YRGWEI,RTSIQW,WSRLIP,VPVEGG,MNPYRG,LNLTPS,LFGDRV,AYKNRY,PYRGWE,YHFDMP,VNYYQP,TSIQWS,LTPSYP,KNRYGF,NAYKNR,NLYHFD,RSFLDP,RGWEIY,NYYQPR,GMGVEG,NSFRTS,NPYRGW,LGVNYY,NGMGVE,NRSFLD,GVNYYQ,VEGGYL,YQPRRV,MGVEGE,EGGYLY,QPRRVK,LYHFDM,FNRSFL,FWWGSA,NLTPSY,IVPVEG,PRRVKA
GH1	4	XP_022833843.1	14.6	35	NGDVAV,LSWLNG,AVDHYH,LLSWLN,QKRYGF,KRYGFV,TENGLG,DLLSWL,ITENGL,VDHYHR,EDVALM,TDLLSW,LKAYRF,LNGYQK,RYGFVY,VAVDHY,WLNGYQ,TNGDVA,SWLNGY,NGYQKR,KAYRFS,WGSASA,ENGLGE,FLWGSA,YQKRYG,ASAAYQ,YGFVYV,DVAVDH,GLKAYR,GSASAA,GYQKRY,GDVAVD,LWGSAS,SASAAY,YHWDLP
GH1	4	XP_022833294.1	8.62	19	LSWLNG,LLSWLN,GPSFAY,QKRYGF,KRYGFV,TENGLG,DLLSWL,ITENGL,TDLLSW,LNGYQK,RYGFVY,WLNGYQ,SWLNGY,NGYQKR,ENGLGE,YQKRYG,IGPSFA,YGFVYV,GYQKRY
GH1	9	XP_022827201.1	11.8	12	LYHWDL,TLYHWD,RFSLSW,YRFSLS,FSLSWP,NGDVAS,VTLYHW,YHWDLP,YVTENG,HWDLPQ,SLSWPR,LSWPRI
GH1	9	XP_022827202.1	9.87	10	LYHWDL,TLYHWD,RFSLSW,YRFSLS,FSLSWP,YVTENG,YHWDLP,HWDLPQ,SLSWPR,LSWPRI
GH1	9	XP_022818242.1	8.87	9	PFVTLY,VTLYHW,YHWDLP,HWDLPQ,FVTLYH,TLYHWD,LYHWDL,IEPFVT,EPFVTL
GH1	9	XP_022818243.1	8.87	9	PFVTLY,VTLYHW,YHWDLP,HWDLPQ,FVTLYH,TLYHWD,LYHWDL,IEPFVT,EPFVTL
GH1	9	XP_022820790.1	6.93	7	VTLYHW,YHWDLP,HWDLPQ,TLYHWD,LYHWDL,YRFSLS,RFSLSW
GH1	9	XP_022830560.1	6.9	7	LYHWDL,YRFSLS,TLYHWD,HWDLPQ,SYRFSL,RFSLSW,YHWDLP
GH1	11	XP_022833742.1	25.3	32	WTRLID,YKNRYG,KAVQVA,AVQVAY,RTSIQW,NLHHFD,GSNCFG,NCFGYH,VQVAYN,TSIQWT,QVAYNL,YGGWES,FGDRVK,SNCFGY,GWEIYP,PGRRMN,HHFDLP,IQWTRL,QWTRLI,VDGKKA,GGWESK,DRVKDW,TRLIDD,DGKKAV,GKKAVQ,MPGRRM,KKAVQV,GDRVKD,FDYWYE,LHHFDL,ILNLTP,SIQWTR
GH1	13	XP_022818655.1	7.23	20	WNEDGK,QIEGAW,GAWNED,ATASYQ,FGDRVK,QDLGGW,AWNEDG,MDNFEW,YQIEGA,LQDLGG,HWDLPQ,ACDSYH,IEGAWN,AYQIEG,EGAWNE,YHWDLP,YRFSIS,RFSISW,AATASY,GAATAS
GH1	13	XP_022818485.1	5.31	13	YQIEGA,AYQIEG,YHWDLP,LQDLGG,HWDLPQ,MYHWDL,FGDRVK,YRFSIS,RFSISW,QDLGGW,TMYHWD,VTMYHW,QIEGAW
GH1	16	XP_022835647.1	10.2	17	TENGAA,GGWTNR,IGTTFS,GTTFSC,ENGAAF,VTENGA,DFDFIG,LGLGYP,QAEGGR,DALLNR,FDFDFI,LTDNFE,TTFSCS,GWTNRD,KGGWTN,TDNFEW,YHWDLP
GH1	19	XP_022833856.1	4.77	6	KRYGFI,YGFIYV,RYGFIY,MSKRYG,GFIYVD,SKRYGF
GH1	20	XP_022818654.1	6.6	7	ACDSYH,YYNNLI,YRFSIS,HFDLPQ,RFSISW,NNLIDG,LIDGLL
GH1	25	XP_022833531.1	18.4	22	RYGFIY,AGTGEM,QDGVDL,GVDLLG,SKKKSF,GFIYVD,KRYGFI,IYVDRD,FIYVDR,DGVDLL,LGYTTW,TPDENG,DLLGYT,YGFIYV,DTPDEN,SAGTGE,LLGYTT,RSKKKS,VDLLGY,VSAGTG,GYTTWG,YVDRDN
GH1	25	XP_022835024.1	18.4	22	RYGFIY,AGTGEM,QDGVDL,GVDLLG,GFIYVD,SKKKSF,KRYGFI,IYVDRD,FIYVDR,LGYTTW,DGVDLL,TPDENG,DLLGYT,YGFIYV,DTPDEN,SAGTGE,LLGYTT,RSKKKS,VDLLGY,VSAGTG,GYTTWG,YVDRDN
GH1	31	XP_022818653.1	5.3	11	AYQVEG,VEGAWN,YQVEGA,YRFSIS,RFSISW,ATAAYQ,TAAYQV,AAYQVE,MDNFEW,QVEGAW,LMDNFE
GH1	31	XP_022827446.1	4.0	9	EGGWNA,RFSISW,MDNFEW,IEPVVT,LITENG,LMDNFE,RVLPTG,HWDLPQ,YRFSIS
GH1	45	XP_022818244.1	6.3	10	AYQVEG,ACDSYH,FGDRVK,AATAAY,FGAATA,GAATAA,ATAAYQ,TAAYQV,VACDSY,AAYQVE
GH1	45	XP_022818245.1	6.3	10	AYQVEG,ACDSYH,FGDRVK,AATAAY,FGAATA,GAATAA,ATAAYQ,TAAYQV,VACDSY,AAYQVE
GH1	45	XP_022818247.1	6.15	9	AYQVEG,YQVEGA,FGDRVK,AATAAY,FGAATA,GAATAA,ATAAYQ,TAAYQV,AAYQVE
GH1	46	XP_022827203.1	9.49	10	YNITPM,NITPMV,QIEGGW,YQIEGG,GESIWD,KGESIW,RSRLPE,RLPEFT,ITPMVT,SRLPEF
GH1	46	XP_022827260.1	8.0	8	IEGGWN,QIEGGW,YQIEGG,GESIWD,KGESIW,RSRLPE,RLPEFT,SRLPEF
GH1	46	XP_022827475.1	6.0	6	IEGGWN,EGGWNA,QIEGGW,RSRLPE,RLPEFT,SRLPEF
GH1	46	XP_022827476.1	6.0	6	IEGGWN,EGGWNA,QIEGGW,RSRLPE,RLPEFT,SRLPEF
GH1	46	XP_022827478.1	6.0	6	IEGGWN,EGGWNA,QIEGGW,RSRLPE,RLPEFT,SRLPEF
GH1	46	XP_022827479.1	6.0	6	IEGGWN,EGGWNA,QIEGGW,RSRLPE,RLPEFT,SRLPEF
GH1	54	XP_022827607.1	5.2	11	TSAYQV,EVDFSS,ATSAYQ,RFSISW,GLYEVD,YEVDFS,LYEVDF,AYQVEG,YRFSIS,YQVEGG,SAYQVE
GH1	56	XP_022822385.1	25.1	49	LCFKEF,DIACDS,IKGTSD,YRFSLS,ACDSYN,IEGAWN,FRDYAD,TLFHWD,LQDLGG,PEMIAD,QIEGAW,ALAEKN,PQTLQD,PLVTLF,LLDALA,NGDIAC,ADLCFK,YEICED,GDIACD,RDYADL,EPLVTL,IACDSY,VTLFHW,EGAWNV,DGIRYY,YFRDYA,DFYRFS,IEPLVT,DYFRDY,DYADLC,DAYGDE,LVTLFH,YADLCF,DLCFKE,EKNIEP,FNEPYE,DEKKAP,FHWDLP,LDALAE,NIEPLV,QDLGGW,KKAPAI,LFHWDL,EMIADG,DFLGIN,GDEKKA,DLLDAL,ENVWDR,AEVANQ
GH1	59	XP_022825294.1	13.0	23	AADSYH,ISWPRI,AHPIFS,WPRILP,LLAHAR,FFGLNH,LNHYTT,LMDLGG,LMDDFE,TLMDDF,NHYTTY,WTLMDD,FGLNHY,SWPRIL,VTLFHW,LQMHLG,ITPVVT,AAFQIE,MDDFEW,GLNHYT,DFFGLN,FEDYAR,YLQMHL
GH1	59	XP_022822475.1	9.4	17	AADSYH,ISWPRI,NHYTTY,IVTENG,FGLNHY,WPRILP,FFGLNH,DGSNGD,IIVTEN,SWPRIL,GLNHYT,TAAYQI,DFFGLN,YHWDLP,LNHYTT,YQIEGA,QIEGAW
GH1	59	XP_022825432.1	8.2	16	NHYTTY,IVTENG,WPRILP,LLAHAR,SWPRIL,IIVTEN,TAAYQI,DHDTGV,IEGAWN,DSYHKY,ITPVVT,LNHYTT,YQIEGA,FEDYAR,QIEGAW,RLPYFT
GH1	59	XP_022821775.1	5.6	10	YQIEGA,ITPVVT,IEGAWN,GLNHYT,RLPYFT,LNHYTT,AHPIFS,NHYTTY,QIEGAW,FGVATA
