CAZy Family	PPR Subfamily	Gene ID	Frequency	Hits	Signature Peptides
GH1	4	XP_023952311.1	3.9	9	AYQVEG,YHWDLP,QVEGAW,TLYHWD,WLTINE,SAYQVE,VEGAWN,YQVEGA,LYHWDL
GH1	9	XP_023947354.1	7.92	8	YHWDLP,YRFSLS,LYHWDL,TFNEPK,HWDLPQ,TLYHWD,VTLYHW,RFSLSW
GH1	9	XP_023935450.1	6.93	7	YRFSLS,RFSLSW,VTLYHW,TLYHWD,LYHWDL,YHWDLP,HWDLPQ
GH1	9	XP_023947340.1	6.93	7	YHWDLP,YRFSLS,LYHWDL,HWDLPQ,TLYHWD,VTLYHW,RFSLSW
GH1	13	XP_023950089.1	6.35	17	YTAWSL,YHWDLP,QDLGGW,HWDLPQ,FGDRVK,TMYHWD,RFSISW,YRFSIS,MYHWDL,LQDLGG,YQIEGA,AYQIEG,MDNFEW,ITENGF,QIEGAW,VTMYHW,IEGAWN
GH1	13	XP_023950092.1	6.35	17	YTAWSL,YHWDLP,QDLGGW,HWDLPQ,FGDRVK,TMYHWD,RFSISW,YRFSIS,MYHWDL,LQDLGG,YQIEGA,AYQIEG,MDNFEW,ITENGF,QIEGAW,VTMYHW,IEGAWN
GH1	13	XP_023936365.1	6.31	18	LIDNFE,ACDSYH,IDNFEW,SLIDNF,YTAWSL,WSLIDN,YRFSIS,YQIEGA,AYQIEG,QIEGAW,IEGAWN,YHWDLP,RFSISW,HWDLPQ,VTMYHW,GYTAWS,TMYHWD,MYHWDL
GH1	13	XP_023950090.1	5.19	13	YTAWSL,YHWDLP,QDLGGW,HWDLPQ,TMYHWD,RFSISW,MYHWDL,LQDLGG,MDNFEW,YRFSIS,ITENGF,VTMYHW,FGDRVK
GH1	13	XP_023950091.1	5.19	13	YTAWSL,YHWDLP,QDLGGW,HWDLPQ,TMYHWD,RFSISW,MYHWDL,LQDLGG,MDNFEW,YRFSIS,ITENGF,VTMYHW,FGDRVK
GH1	15	XP_023935490.1	6.36	7	VKHWIT,RVKHWI,TLYHWD,YHWDLP,DRVKHW,GDRVKH,FGDRVK
GH1	20	XP_023948567.1	5.92	6	SISWSR,YYNNLI,ISWSRI,RFSISW,YRFSIS,FSISWS
GH1	31	XP_023950607.1	5.3	12	AYQVEG,YQVEGG,ATAAYQ,GWNADG,GGWNAD,NADGKG,TAAYQV,QVEGGW,WNADGK,AAYQVE,EGGWNA,VEGGWN
GH1	31	XP_023950608.1	5.3	12	AYQVEG,YQVEGG,ATAAYQ,GWNADG,GGWNAD,NADGKG,TAAYQV,QVEGGW,WNADGK,AAYQVE,EGGWNA,VEGGWN
GH1	31	XP_023953337.1	4.69	11	AYQVEG,YQVEGG,GWNADG,RVLPTG,NADGKG,WNADGK,AAYQVE,GGWNAD,EGGWNA,QVEGGW,VEGGWN
GH1	31	XP_023935498.1	4.2	8	TAAYQV,YRFSIS,YQVEGA,AYQVEG,NLIDEL,RFSISW,AAYQVE,QVEGAW
GH1	46	XP_023935446.1	9.15	10	GGWNAD,EGGWNA,YQIEGG,ITPMVT,WNADDK,QIEGGW,YNITPM,NITPMV,IEGGWN,NADDKG
GH1	46	XP_023935452.1	9.15	10	GGWNAD,EGGWNA,YQIEGG,ITPMVT,WNADDK,QIEGGW,YNITPM,NITPMV,IEGGWN,NADDKG
GH1	46	XP_023935495.1	9.15	10	GGWNAD,EGGWNA,YQIEGG,ITPMVT,WNADDK,QIEGGW,YNITPM,NITPMV,IEGGWN,NADDKG
GH1	46	XP_023935496.1	9.15	10	GGWNAD,EGGWNA,YQIEGG,ITPMVT,WNADDK,QIEGGW,YNITPM,NITPMV,IEGGWN,NADDKG
GH1	46	XP_023952790.1	9.0	9	KGESIW,LGGWTN,GGWNAD,GGWTNP,YQIEGG,IEGGWN,GESIWD,QIEGGW,EGGWNA
GH1	46	XP_023952801.1	7.0	7	LGGWTN,GGWNAD,GGWTNP,YQIEGG,IEGGWN,QIEGGW,EGGWNA
GH1	46	XP_023949451.1	5.66	6	RSRLPE,EKFGLY,QELGGW,RLQELG,QRLQEL,LQELGG
GH1	54	XP_023936329.1	5.2	10	YRFSIA,LMDNFE,ATSAYQ,MDNFEW,SAYQVE,AYQVEG,WSLMDN,SLMDNF,RFSIAW,TSAYQV
GH1	56	XP_023934074.1	22.4	43	DYFRDY,ENVWDR,ALAEKN,IEGAWN,PQTLQD,VTLFHW,WANPKM,IEPLVT,YEICED,HYTTHL,AWNVSG,EGAWNV,DFLGIN,AEVANQ,LGGWAN,DLGGWA,QIEGAW,QDLGGW,GWANPK,FHWDLP,ACDSYN,NIEPLV,AIDSHG,LFHWDL,YRFSLS,GAWNVS,DGIRYY,KKAPAI,LQDLGG,THLITG,FNEPYE,EPLVTL,WNVSGK,DFYRFS,TTHLIT,LVTLFH,GGWANP,TLFHWD,LLDALA,LDALAE,YTTHLI,PLVTLF,EKNIEP
GH1	56	XP_023934075.1	22.4	43	DYFRDY,ENVWDR,ALAEKN,IEGAWN,PQTLQD,VTLFHW,WANPKM,IEPLVT,YEICED,HYTTHL,AWNVSG,EGAWNV,DFLGIN,AEVANQ,LGGWAN,DLGGWA,QIEGAW,QDLGGW,GWANPK,FHWDLP,ACDSYN,NIEPLV,AIDSHG,LFHWDL,YRFSLS,GAWNVS,DGIRYY,KKAPAI,LQDLGG,THLITG,FNEPYE,EPLVTL,WNVSGK,DFYRFS,TTHLIT,LVTLFH,GGWANP,TLFHWD,LLDALA,LDALAE,YTTHLI,PLVTLF,EKNIEP
GH1	56	XP_023934076.1	22.4	43	DYFRDY,ENVWDR,ALAEKN,IEGAWN,PQTLQD,VTLFHW,WANPKM,IEPLVT,YEICED,HYTTHL,AWNVSG,EGAWNV,DFLGIN,AEVANQ,LGGWAN,DLGGWA,QIEGAW,QDLGGW,GWANPK,FHWDLP,ACDSYN,NIEPLV,AIDSHG,LFHWDL,YRFSLS,GAWNVS,DGIRYY,KKAPAI,LQDLGG,THLITG,FNEPYE,EPLVTL,WNVSGK,DFYRFS,TTHLIT,LVTLFH,GGWANP,TLFHWD,LLDALA,LDALAE,YTTHLI,PLVTLF,EKNIEP
GH1	56	XP_023934077.1	22.4	43	DYFRDY,ENVWDR,ALAEKN,IEGAWN,PQTLQD,VTLFHW,WANPKM,IEPLVT,YEICED,HYTTHL,AWNVSG,EGAWNV,DFLGIN,AEVANQ,LGGWAN,DLGGWA,QIEGAW,QDLGGW,GWANPK,FHWDLP,ACDSYN,NIEPLV,AIDSHG,LFHWDL,YRFSLS,GAWNVS,DGIRYY,KKAPAI,LQDLGG,THLITG,FNEPYE,EPLVTL,WNVSGK,DFYRFS,TTHLIT,LVTLFH,GGWANP,TLFHWD,LLDALA,LDALAE,YTTHLI,PLVTLF,EKNIEP
GH1	56	XP_023934078.1	22.4	43	DYFRDY,ENVWDR,ALAEKN,IEGAWN,PQTLQD,VTLFHW,WANPKM,IEPLVT,YEICED,HYTTHL,AWNVSG,EGAWNV,DFLGIN,AEVANQ,LGGWAN,DLGGWA,QIEGAW,QDLGGW,GWANPK,FHWDLP,ACDSYN,NIEPLV,AIDSHG,LFHWDL,YRFSLS,GAWNVS,DGIRYY,KKAPAI,LQDLGG,THLITG,FNEPYE,EPLVTL,WNVSGK,DFYRFS,TTHLIT,LVTLFH,GGWANP,TLFHWD,LLDALA,LDALAE,YTTHLI,PLVTLF,EKNIEP
GH1	59	XP_023948991.1	23.9	44	YHWDLP,GYFAWT,GVKYYR,MDDFEW,ADWLAV,HKHPNF,DTYLHK,FEDYAR,YLQMHL,LQMHLG,WPRILP,FGVATA,LNHYTT,IVTENG,FAWTLM,QIEGAW,IEGAWN,TLMDDF,LMDLGG,TYLHKH,WTLMDD,GLNHYT,SDFFGL,LMDDFE,DHDTGV,AAERYL,YFAWTL,DFFGLN,DSYHKY,LHKHPN,KHPNFT,YLHKHP,GADWLA,ITPVVT,IIVTEN,HWDLPT,AAFQIE,AWTLMD,WDTYLH,FGLNHY,SWPRIL,AADSYH,GVATAA,FFGLNH
GH1	59	XP_023949452.1	10.6	19	YHWDLP,ITINEP,SSDFFG,DGSNGD,WPRILP,QIEGAW,IEGAWN,SDFFGL,YQIEGA,LAHARA,FHWDLP,DFFGLN,WITINE,LLAHAR,AHARAY,HARAYH,FGLNHY,SWPRIL,FFGLNH
GH1	59	XP_023951871.1	8.2	14	YHWDLP,IIVTEN,WPRILP,GLNHYT,NHYTTY,LNHYTT,DFFGLN,IVTENG,FGLNHY,SWPRIL,AADSYH,QIEGAW,FFGLNH,IEGAWN
GH1	59	XP_023941626.1	7.39	14	YHWDLP,WPRILP,SWPRIL,TAAYQI,GLNHYT,NHYTTY,GVATAA,YQIEGA,FGVATA,IEGAWN,LNHYTT,QIEGAW,ISWPRI,AHPIFS
GH1	59	XP_023948571.1	5.19	8	YHWDLP,ITINEP,GLNHYT,SDFFGL,LNHYTT,FGLNHY,DFFGLN,FFGLNH
GH1	59	XP_023948572.1	5.19	8	YHWDLP,ITINEP,GLNHYT,SDFFGL,LNHYTT,FGLNHY,DFFGLN,FFGLNH
GH1	59	XP_023948573.1	5.19	8	YHWDLP,ITINEP,GLNHYT,SDFFGL,LNHYTT,FGLNHY,DFFGLN,FFGLNH
GH1	59	XP_023951152.1	3.0	6	ITINEP,YQIEGA,FHWDLP,FGLNHY,QIEGAW,WITINE
GH1	59	XP_023952689.1	3.0	6	ITINEP,YQIEGA,FHWDLP,FGLNHY,QIEGAW,WITINE
GH1	59	XP_023953689.1	2.8	6	YHWDLP,ITINEP,YQIEGA,DGSNGD,QIEGAW,WITINE
