CAZy Family	PPR Subfamily	Gene ID	Frequency	Hits	Signature Peptides
GH1	2	XP_032529516.1	5.83	14	RFSISW,WSLMDN,LMDNFE,HWDLPQ,SYQIEG,FGDRVK,VTLYHW,TLYHWD,LYHWDL,SLMDNF,YRFSIS,YQIEGA,MDNFEW,YHWDLP
GH1	2	XP_032523586.1	4.87	11	RFSISW,HWDLPQ,YHWDLP,SLMDNF,FGDRVK,LMDNFE,YRFSIS,LYHWDL,WSLMDN,MDNFEW,TLYHWD
GH1	9	XP_032523501.1	6.93	7	HWDLPQ,YHWDLP,RFSLSW,VTLYHW,LYHWDL,TLYHWD,YRFSLS
GH1	9	XP_032523527.1	6.93	7	HWDLPQ,YHWDLP,RFSLSW,VTLYHW,LYHWDL,TLYHWD,YRFSLS
GH1	9	XP_032523564.1	6.93	7	HWDLPQ,YHWDLP,RFSLSW,VTLYHW,LYHWDL,TLYHWD,YRFSLS
GH1	13	XP_032528702.1	5.46	14	RFSISW,LQDLGG,HWDLPQ,MYHWDL,QIEGAW,VTMYHW,YARVLF,TMYHWD,IEGAWN,YRFSIS,AYQIEG,YQIEGA,QDLGGW,YHWDLP
GH1	31	XP_032523523.1	5.6	11	RFSISW,SISWSR,VEGAWN,WSRVLP,FSISWS,SWSRVL,AYQVEG,YRFSIS,ISWSRV,QVEGAW,YQVEGA
GH1	40	XP_032523499.1	6.73	8	LSWSRI,SLSWSR,FSLSWS,VTLFHW,RFSLSW,AYRFSL,TLFHWD,YRFSLS
GH1	40	XP_032523500.1	6.73	8	LSWSRI,SLSWSR,FSLSWS,VTLFHW,RFSLSW,AYRFSL,TLFHWD,YRFSLS
GH1	45	XP_032525939.1	8.45	15	TAAYQV,AAYQVE,ATAAYQ,QVEGAW,VEGAWN,AATAAY,SWPRIL,GAATAA,VACDSY,WPRILP,TIYHWD,FGAATA,AYQVEG,IDNFEW,YQVEGA
GH1	45	XP_032526253.1	8.16	14	TAAYQV,AAYQVE,ATAAYQ,QVEGAW,VEGAWN,AATAAY,SWPRIL,GAATAA,VACDSY,WPRILP,TIYHWD,FGAATA,AYQVEG,YQVEGA
GH1	46	XP_032523485.1	6.0	6	QIEGGW,YQIEGG,IEGGWN,EKFGLY,LGGWTN,GGWTNP
GH1	46	XP_032523486.1	6.0	6	QIEGGW,YQIEGG,IEGGWN,EKFGLY,LGGWTN,GGWTNP
GH1	46	XP_032523585.1	6.0	6	QIEGGW,YQIEGG,IEGGWN,LQELGG,QELGGW,EGGWNA
GH1	56	XP_032528982.1	16.4	31	THLITG,IKGTSD,ACDSYN,GWANPK,WNVSGK,DFLGIN,TTHLIT,WANPKM,LQDLGG,FHWDLP,YFRDYA,LGGWAN,IEPLVT,TLFHWD,LVTLFH,HYTTHL,FRDYAD,QDLGGW,VTLFHW,LFHWDL,KKAPAI,PLVTLF,YTTHLI,YEICED,GGWANP,DYFRDY,DGIRYY,AIDSHG,AEVANQ,EPLVTL,DLGGWA
GH1	59	XP_032513180.1	17.0	32	SSDFFG,TYLHKH,FGVATA,TLMDDF,DSYHKY,IIVTEN,GVATAA,LAHARA,NHYTTY,YFAWTL,AADSYH,WPRILP,ITPVVT,DTYLHK,AHARAY,MDDFEW,GYFAWT,WDTYLH,DHDTGV,FEDYAR,AWTLMD,WTLMDD,LMDLGG,YLHKHP,ISWPRI,AAERYL,SWPRIL,LLAHAR,FAWTLM,AAFQIE,IVTENG,LMDDFE
GH1	59	XP_032529519.1	8.8	15	AADSYH,SDFFGL,FGLNHY,TAAYQI,QIEGAW,NHYTTY,GLNHYT,DFFGLN,SPERTR,SSDFFG,FFGLNH,IEGAWN,YQIEGA,LNHYTT,YHWDLP
GH1	59	XP_032527041.1	8.6	15	ISWPRI,AADSYH,FGLNHY,QIEGAW,NHYTTY,GLNHYT,DFFGLN,SWPRIL,FFGLNH,WPRILP,IEGAWN,YHWDLP,IVTENG,LNHYTT,IIVTEN
GH1	59	XP_032530179.1	7.2	12	SDFFGL,FGLNHY,TAAYQI,QIEGAW,GLNHYT,DFFGLN,SSDFFG,FFGLNH,IEGAWN,YQIEGA,LNHYTT,YHWDLP
GH1	59	XP_032510674.1	6.8	11	FFGLNH,AHARAY,SDFFGL,YHWDLP,LAHARA,AHPIFS,LLAHAR,HARAYH,ITINEP,FGLNHY,DFFGLN
GH1	59	XP_032529517.1	5.4	8	FGLNHY,NHYTTY,GLNHYT,DFFGLN,SPERTR,FFGLNH,LNHYTT,YHWDLP
