IQ-TREE multicore version 2.0.5 for Linux 64-bit built May 15 2020
Developed by Bui Quang Minh, Nguyen Lam Tung, Olga Chernomor,
Heiko Schmidt, Dominik Schrempf, Michael Woodhams.

Host:    comet-14-67.sdsc.edu (AVX2, FMA3, 125 GB RAM)
Command: iqtree2 -nt 24 -s infile.txt -bb 1000 -bnni -alrt 1000 -st AA -pre output -mem 4G
Seed:    346850 (Using SPRNG - Scalable Parallel Random Number Generator)
Time:    Fri Jun 26 00:47:25 2020
Kernel:  AVX+FMA - 24 threads (24 CPU cores detected)

Reading alignment file infile.txt ... Fasta format detected
Alignment most likely contains protein sequences
WARNING: 4 sites contain only gaps or ambiguous characters.
Alignment has 508 sequences with 3239 columns, 1856 distinct patterns
1209 parsimony-informative, 484 singleton sites, 1546 constant sites
                                Gap/Ambiguity  Composition  p-value
   1  XP_014208505.1_Copidosoma_flor   84.16%    passed      6.16%
   2  XP_014208575.1_Copidosoma_flor   84.78%    passed     73.37%
   3  XP_014217440.1_Copidosoma_flor   82.90%    failed      0.02%
   4  XP_023245728.1_Copidosoma_flor   79.75%    passed     30.94%
   5  XP_022710940.1_Varroa_jacobson   88.05%    passed     79.36%
   6  XP_032777164.1_Daphnia_magna     84.47%    passed     44.80%
   7  XP_032788031.1_Daphnia_magna     83.91%    passed      5.19%
   8  XP_032788032.1_Daphnia_magna     84.25%    passed     15.46%
   9  XP_032788034.1_Daphnia_magna     84.66%    passed      5.39%
  10  XP_032788037.1_Daphnia_magna     84.59%    passed      5.67%
  11  XP_021946758.1_Folsomia_candid   84.72%    passed     19.37%
  12  XP_021952145.1_Folsomia_candid   83.95%    passed     72.76%
  13  XP_021952675.1_Folsomia_candid   84.41%    passed     74.93%
  14  XP_021959021.1_Folsomia_candid   84.69%    passed     45.85%
  15  XP_021959023.1_Folsomia_candid   84.47%    passed     40.43%
  16  XP_021961403.1_Folsomia_candid   84.56%    passed      9.64%
  17  XP_021961902.1_Folsomia_candid   82.71%    passed     62.47%
  18  XP_021963506.1_Folsomia_candid   84.53%    passed     27.08%
  19  XP_021965237.1_Folsomia_candid   81.66%    failed      1.07%
  20  XP_021965239.1_Folsomia_candid   84.69%    passed     44.81%
  21  XP_021965243.1_Folsomia_candid   84.47%    passed     26.33%
  22  XP_021965263.1_Folsomia_candid   83.85%    passed     71.34%
  23  XP_021965305.1_Folsomia_candid   85.06%    passed     55.90%
  24  PSN34231.1_Blattella_germanica   91.20%    passed     79.83%
  25  PSN34232.1_Blattella_germanica   84.22%    passed     84.97%
  26  PSN35602.1_Blattella_germanica   89.75%    passed     66.84%
  27  PSN36756.1_Blattella_germanica   70.45%    failed      3.19%
  28  PSN48334.1_Blattella_germanica   39.27%    failed      0.00%
  29  PSN50028.1_Blattella_germanica   85.15%    passed     19.51%
  30  PSN50030.1_Blattella_germanica   87.84%    passed     99.00%
  31  XP_021923688.1_Zootermopsis_ne   67.15%    failed      3.29%
  32  XP_021923692.1_Zootermopsis_ne   85.89%    passed     80.74%
  33  XP_021923725.1_Zootermopsis_ne   68.76%    passed     12.99%
  34  XP_021923730.1_Zootermopsis_ne   82.87%    passed     46.29%
  35  XP_021932743.1_Zootermopsis_ne   67.40%    failed      0.09%
  36  XP_021937620.1_Zootermopsis_ne   81.41%    failed      0.00%
  37  XP_021942419.1_Zootermopsis_ne   83.11%    passed     22.03%
  38  XP_023715346.1_Cryptotermes_se   83.58%    passed     13.49%
  39  XP_023715347.1_Cryptotermes_se   84.32%    passed     31.04%
  40  XP_023717244.1_Cryptotermes_se   82.83%    passed     52.78%
  41  XP_023717252.2_Cryptotermes_se   84.13%    passed     33.38%
  42  XP_023721113.1_Cryptotermes_se   82.80%    passed     31.25%
  43  XP_023721122.1_Cryptotermes_se   85.30%    passed     95.49%
  44  XP_023723770.1_Cryptotermes_se   84.53%    passed     70.89%
  45  XP_023723772.1_Cryptotermes_se   84.62%    passed     52.97%
  46  XP_023723773.1_Cryptotermes_se   84.66%    passed     56.05%
  47  XP_023723774.1_Cryptotermes_se   84.69%    passed     11.96%
  48  XP_033609438.1_Cryptotermes_se   83.58%    passed     82.92%
  49  XP_033609442.1_Cryptotermes_se   65.45%    passed      8.09%
  50  XP_026273946.1_Frankliniella_o   76.13%    failed      0.00%
  51  XP_026277353.1_Frankliniella_o   82.49%    passed     11.11%
  52  XP_026277354.1_Frankliniella_o   82.56%    passed      9.47%
  53  XP_026279277.1_Frankliniella_o   86.45%    passed     79.54%
  54  XP_026279283.1_Frankliniella_o   78.60%    failed      0.00%
  55  XP_026289622.1_Frankliniella_o   83.51%    failed      0.07%
  56  XP_026292938.1_Frankliniella_o   83.88%    passed     13.42%
  57  XP_026683681.1_Diaphorina_citr   71.87%    failed      0.45%
  58  XP_027839519.1_Aphis_gossypii    85.61%    passed     75.96%
  59  XP_027839550.1_Aphis_gossypii    88.55%    passed     58.85%
  60  XP_027839553.1_Aphis_gossypii    84.41%    passed      5.37%
  61  XP_027839750.1_Aphis_gossypii    84.07%    passed      9.61%
  62  XP_001946492.1_Acyrthosiphon_p   85.27%    passed     74.90%
  63  XP_001952406.2_Acyrthosiphon_p   84.84%    passed     31.26%
  64  XP_008189705.2_Acyrthosiphon_p   90.55%    failed      3.22%
  65  XP_029345815.1_Acyrthosiphon_p   82.22%    passed     49.45%
  66  XP_022187263.1_Nilaparvata_lug   85.40%    passed     14.23%
  67  XP_022188302.1_Nilaparvata_lug   84.32%    passed     13.81%
  68  XP_014242467.1_Cimex_lectulari   85.46%    passed     35.59%
  69  XP_002426209.1_humanus_corpori   76.54%    failed      0.00%
  70  XP_015608814.1_Cephus_cinctus    84.32%    passed     28.72%
  71  XP_012287111.1_Orussus_abietin   84.59%    passed     90.68%
  72  XP_012287125.1_Orussus_abietin   84.59%    passed     76.56%
  73  XP_012287227.1_Orussus_abietin   84.78%    passed     56.46%
  74  XP_023289585.1_Orussus_abietin   87.62%    passed     85.84%
  75  XP_023289587.1_Orussus_abietin   87.62%    passed     85.84%
  76  NP_001136332.1_Nasonia_vitripe   84.66%    passed     31.88%
  77  XP_001600108.2_Nasonia_vitripe   84.84%    passed     56.71%
  78  XP_008213502.1_Nasonia_vitripe   84.59%    passed     69.72%
  79  XP_016842778.1_Nasonia_vitripe   84.47%    passed     18.35%
  80  XP_015181990.1_Polistes_dominu   84.13%    failed      0.32%
  81  XP_015182011.1_Polistes_dominu   84.32%    passed     15.48%
  82  XP_015182534.1_Polistes_dominu   83.64%    failed      0.10%
  83  XP_015191850.1_Polistes_dominu   84.32%    passed     15.48%
  84  XP_011135914.1_Harpegnathos_sa   83.17%    passed      9.74%
  85  XP_011144220.1_Harpegnathos_sa   84.25%    passed     55.46%
  86  XP_018054703.1_Atta_colombica    84.41%    passed     77.79%
  87  XP_011059477.1_Acromyrmex_echi   84.01%    passed     74.65%
  88  XP_015431062.1_Dufourea_novaea   84.81%    passed     35.69%
  89  XP_026296997.1_Apis_mellifera    84.69%    passed     30.26%
  90  XP_012174803.1_Bombus_terrestr   84.69%    passed     83.88%
  91  XP_018320177.1_Agrilus_planipe   84.87%    passed      7.22%
  92  XP_018320181.1_Agrilus_planipe   84.62%    failed      2.67%
  93  XP_018320182.1_Agrilus_planipe   84.66%    failed      0.40%
  94  XP_018320184.1_Agrilus_planipe   84.66%    failed      0.32%
  95  XP_018320185.1_Agrilus_planipe   84.69%    failed      4.33%
  96  XP_018320187.1_Agrilus_planipe   84.75%    passed      7.80%
  97  XP_018320189.2_Agrilus_planipe   84.66%    failed      1.87%
  98  XP_018320216.1_Agrilus_planipe   84.84%    passed     84.51%
  99  XP_018320224.1_Agrilus_planipe   83.85%    failed      2.82%
 100  XP_018320225.2_Agrilus_planipe   76.32%    passed      8.28%
 101  XP_018320233.1_Agrilus_planipe   84.50%    passed     12.98%
 102  XP_018320779.1_Agrilus_planipe   83.24%    failed      2.16%
 103  XP_018320791.1_Agrilus_planipe   82.96%    failed      1.27%
 104  XP_018321395.1_Agrilus_planipe   84.84%    passed     17.91%
 105  XP_018322931.1_Agrilus_planipe   85.12%    passed     76.88%
 106  XP_018330919.1_Agrilus_planipe   84.13%    passed     80.43%
 107  XP_018332984.1_Agrilus_planipe   84.81%    passed     23.46%
 108  XP_018335102.1_Agrilus_planipe   84.47%    passed     55.92%
 109  XP_025828881.1_Agrilus_planipe   84.78%    failed      4.75%
 110  XP_025828888.1_Agrilus_planipe   84.78%    passed     48.05%
 111  XP_025830222.1_Agrilus_planipe   84.50%    passed     15.15%
 112  XP_025830262.1_Agrilus_planipe   84.78%    passed     71.70%
 113  XP_025830269.1_Agrilus_planipe   84.56%    failed      0.85%
 114  XP_025830271.1_Agrilus_planipe   84.59%    passed     29.00%
 115  XP_025830272.1_Agrilus_planipe   84.66%    failed      1.87%
 116  XP_025830274.1_Agrilus_planipe   84.87%    passed     19.42%
 117  XP_025830317.1_Agrilus_planipe   80.02%    failed      3.08%
 118  XP_025835611.1_Agrilus_planipe   83.48%    failed      2.26%
 119  XP_025835618.1_Agrilus_planipe   82.71%    failed      0.00%
 120  XP_022906938.1_Onthophagus_tau   84.59%    passed     12.57%
 121  XP_022913989.1_Onthophagus_tau   83.51%    passed     51.66%
 122  XP_022913991.1_Onthophagus_tau   83.61%    failed      0.99%
 123  XP_022913994.1_Onthophagus_tau   83.70%    failed      4.60%
 124  XP_022913995.1_Onthophagus_tau   83.79%    failed      0.51%
 125  XP_022915096.1_Onthophagus_tau   84.19%    passed     99.52%
 126  XP_022915458.1_Onthophagus_tau   84.66%    passed     21.64%
 127  XP_022915568.1_Onthophagus_tau   83.85%    passed      6.01%
 128  XP_022915650.1_Onthophagus_tau   84.66%    passed     42.41%
 129  XP_022915744.1_Onthophagus_tau   84.66%    passed     22.40%
 130  XP_022915768.1_Onthophagus_tau   84.56%    passed     67.15%
 131  XP_022917213.1_Onthophagus_tau   84.22%    passed     75.12%
 132  XP_022917226.1_Onthophagus_tau   84.62%    passed     60.93%
 133  XP_017770832.1_Nicrophorus_ves   83.05%    passed     37.59%
 134  XP_017774277.1_Nicrophorus_ves   82.62%    passed     45.17%
 135  XP_017775985.1_Nicrophorus_ves   84.19%    passed     21.30%
 136  XP_017782121.1_Nicrophorus_ves   83.54%    passed     39.24%
 137  XP_017782709.1_Nicrophorus_ves   84.72%    passed     38.35%
 138  XP_017782710.1_Nicrophorus_ves   85.21%    passed     38.99%
 139  XP_008195643.1_Tribolium_casta   84.72%    passed     60.03%
 140  XP_008195645.1_Tribolium_casta   84.72%    passed     78.37%
 141  XP_015837060.1_Tribolium_casta   68.91%    failed      0.01%
 142  XP_015837080.1_Tribolium_casta   84.81%    passed     83.10%
 143  XP_966332.1_Tribolium_castaneu   84.81%    failed      3.71%
 144  XP_968318.1_Tribolium_castaneu   84.66%    passed     23.28%
 145  XP_970224.1_Tribolium_castaneu   85.00%    passed     13.18%
 146  XP_972032.1_Tribolium_castaneu   84.62%    passed     25.30%
 147  XP_972082.1_Tribolium_castaneu   84.75%    passed     65.57%
 148  XP_972134.1_Tribolium_castaneu   84.75%    passed     47.91%
 149  XP_972182.1_Tribolium_castaneu   85.09%    passed     36.14%
 150  XP_972386.3_Tribolium_castaneu   84.53%    passed     92.18%
 151  XP_975666.1_Tribolium_castaneu   84.50%    passed     43.19%
 152  XP_018564640.1_Anoplophora_gla   84.75%    passed     51.37%
 153  XP_018565386.1_Anoplophora_gla   84.50%    failed      2.50%
 154  XP_018565412.1_Anoplophora_gla   83.42%    passed     14.13%
 155  XP_018565413.1_Anoplophora_gla   84.75%    passed     82.37%
 156  XP_018565416.1_Anoplophora_gla   83.61%    passed     40.57%
 157  XP_018565422.1_Anoplophora_gla   84.75%    passed     20.21%
 158  XP_018565423.1_Anoplophora_gla   84.75%    passed     19.49%
 159  XP_018565424.1_Anoplophora_gla   81.32%    failed      0.00%
 160  XP_018565428.1_Anoplophora_gla   83.73%    failed      4.84%
 161  XP_018565434.1_Anoplophora_gla   82.40%    failed      0.86%
 162  XP_018565435.1_Anoplophora_gla   83.73%    passed     15.46%
 163  XP_018565438.1_Anoplophora_gla   84.29%    passed     85.83%
 164  XP_018565439.1_Anoplophora_gla   84.78%    passed     63.47%
 165  XP_018567960.1_Anoplophora_gla   84.78%    failed      1.02%
 166  XP_018567975.1_Anoplophora_gla   84.75%    passed     50.56%
 167  XP_018568746.1_Anoplophora_gla   84.62%    passed     60.04%
 168  XP_018568748.1_Anoplophora_gla   84.75%    passed     38.50%
 169  XP_018568749.1_Anoplophora_gla   84.75%    passed     40.67%
 170  XP_018568750.1_Anoplophora_gla   84.75%    passed     44.67%
 171  XP_018570324.1_Anoplophora_gla   84.81%    passed     99.13%
 172  XP_018570851.1_Anoplophora_gla   84.75%    passed     45.32%
 173  XP_018571131.1_Anoplophora_gla   84.53%    failed      4.15%
 174  XP_018571865.1_Anoplophora_gla   84.78%    passed     44.15%
 175  XP_018572133.1_Anoplophora_gla   84.75%    passed     57.61%
 176  XP_018573206.1_Anoplophora_gla   84.75%    passed     76.66%
 177  XP_018573214.1_Anoplophora_gla   84.78%    passed     74.52%
 178  XP_018573472.1_Anoplophora_gla   86.23%    passed     38.94%
 179  XP_018573475.1_Anoplophora_gla   84.78%    passed     85.63%
 180  XP_018573476.1_Anoplophora_gla   84.78%    passed     87.05%
 181  XP_018573477.2_Anoplophora_gla   69.06%    passed     32.77%
 182  XP_018573524.1_Anoplophora_gla   84.75%    passed     76.11%
 183  XP_018573699.1_Anoplophora_gla   84.78%    failed      3.34%
 184  XP_018573700.1_Anoplophora_gla   84.81%    passed      8.11%
 185  XP_018575352.1_Anoplophora_gla   84.75%    passed     38.04%
 186  XP_018576585.1_Anoplophora_gla   84.50%    passed     18.94%
 187  XP_023310604.1_Anoplophora_gla   85.86%    passed     60.56%
 188  XP_023310664.1_Anoplophora_gla   84.75%    passed     62.07%
 189  XP_023311341.1_Anoplophora_gla   84.81%    passed     89.84%
 190  XP_023311342.1_Anoplophora_gla   84.78%    passed     87.04%
 191  XP_023311344.1_Anoplophora_gla   69.31%    passed     24.42%
 192  XP_023311495.1_Anoplophora_gla   84.78%    passed     85.02%
 193  XP_023311712.1_Anoplophora_gla   85.00%    passed     91.09%
 194  XP_023312165.1_Anoplophora_gla   90.95%    passed     84.14%
 195  XP_023312869.1_Anoplophora_gla   84.78%    passed     64.06%
 196  XP_028129562.1_virgifera_virgi   85.52%    passed     21.01%
 197  XP_028132061.1_virgifera_virgi   85.03%    passed     28.70%
 198  XP_028132800.1_virgifera_virgi   84.62%    passed     64.22%
 199  XP_028132801.1_virgifera_virgi   84.69%    passed     73.55%
 200  XP_028132802.1_virgifera_virgi   84.72%    passed     66.75%
 201  XP_028132804.1_virgifera_virgi   83.98%    passed     31.73%
 202  XP_028132805.1_virgifera_virgi   84.19%    passed     53.21%
 203  XP_028132806.1_virgifera_virgi   81.38%    passed     42.11%
 204  XP_028133139.1_virgifera_virgi   84.47%    passed     54.60%
 205  XP_028133140.1_virgifera_virgi   84.66%    passed     78.66%
 206  XP_028134781.1_virgifera_virgi   84.29%    passed     63.87%
 207  XP_028137807.1_virgifera_virgi   84.66%    passed     22.25%
 208  XP_028138419.1_virgifera_virgi   87.77%    passed     55.14%
 209  XP_028139019.1_virgifera_virgi   84.10%    passed     52.27%
 210  XP_028139020.1_virgifera_virgi   86.11%    passed     41.29%
 211  XP_028139021.1_virgifera_virgi   83.73%    passed     52.65%
 212  XP_028139023.1_virgifera_virgi   84.16%    passed     14.04%
 213  XP_028142169.1_virgifera_virgi   84.35%    passed     81.84%
 214  XP_028142171.1_virgifera_virgi   69.50%    passed      8.35%
 215  XP_028142751.1_virgifera_virgi   78.14%    passed     14.23%
 216  XP_028143930.1_virgifera_virgi   84.69%    passed     27.22%
 217  XP_028145693.1_virgifera_virgi   84.66%    passed     52.41%
 218  XP_028146876.1_virgifera_virgi   84.96%    passed     70.61%
 219  XP_028146915.1_virgifera_virgi   84.50%    passed     38.62%
 220  XP_028146916.1_virgifera_virgi   84.96%    passed     26.63%
 221  XP_028149029.1_virgifera_virgi   83.48%    passed     42.88%
 222  XP_028149430.1_virgifera_virgi   84.62%    passed     52.80%
 223  XP_028151147.1_virgifera_virgi   89.07%    passed     30.96%
 224  XP_028153050.1_virgifera_virgi   85.12%    passed     30.38%
 225  XP_030752208.1_Sitophilus_oryz   84.13%    passed     17.54%
 226  XP_030752209.1_Sitophilus_oryz   84.32%    passed     20.63%
 227  XP_030752211.1_Sitophilus_oryz   84.35%    passed     54.65%
 228  XP_030753323.1_Sitophilus_oryz   70.92%    failed      1.16%
 229  XP_030753325.1_Sitophilus_oryz   68.88%    failed      0.12%
 230  XP_030753399.1_Sitophilus_oryz   84.81%    passed     14.92%
 231  XP_030753401.1_Sitophilus_oryz   85.09%    passed      6.09%
 232  XP_030754216.1_Sitophilus_oryz   86.14%    passed     71.99%
 233  XP_030754217.1_Sitophilus_oryz   84.69%    passed      9.42%
 234  XP_030767112.1_Sitophilus_oryz   85.09%    passed     12.47%
 235  XP_030767119.1_Sitophilus_oryz   85.21%    passed     23.68%
 236  XP_019754716.1_Dendroctonus_po   88.39%    passed     84.87%
 237  XP_019755616.1_Dendroctonus_po   84.66%    passed     10.66%
 238  XP_019755904.1_Dendroctonus_po   84.41%    passed     52.90%
 239  XP_019755905.1_Dendroctonus_po   84.59%    passed     17.62%
 240  XP_019755906.1_Dendroctonus_po   85.06%    passed      8.17%
 241  XP_019755907.1_Dendroctonus_po   85.03%    passed      8.44%
 242  XP_019755936.1_Dendroctonus_po   83.82%    passed     71.94%
 243  XP_019756934.1_Dendroctonus_po   90.06%    passed      6.62%
 244  XP_019756936.1_Dendroctonus_po   85.43%    passed      5.33%
 245  XP_019757500.1_Dendroctonus_po   83.98%    passed     25.08%
 246  XP_019757617.1_Dendroctonus_po   86.94%    passed      5.66%
 247  XP_019757624.1_Dendroctonus_po   85.00%    failed      1.62%
 248  XP_019758264.1_Dendroctonus_po   84.62%    passed     20.41%
 249  XP_019761744.1_Dendroctonus_po   83.98%    passed     67.55%
 250  XP_019764449.1_Dendroctonus_po   84.66%    failed      1.33%
 251  XP_019764511.1_Dendroctonus_po   84.90%    passed      6.79%
 252  XP_019764512.1_Dendroctonus_po   85.03%    passed     39.05%
 253  XP_019764591.1_Dendroctonus_po   84.56%    passed     24.30%
 254  XP_019764592.1_Dendroctonus_po   84.72%    passed     10.63%
 255  XP_019764658.1_Dendroctonus_po   84.62%    passed     51.34%
 256  XP_019764667.1_Dendroctonus_po   85.55%    passed     42.03%
 257  XP_019766466.1_Dendroctonus_po   84.93%    passed     16.94%
 258  XP_019772434.1_Dendroctonus_po   90.09%    passed     11.86%
 259  XP_011548449.1_Plutella_xylost   84.32%    passed     38.31%
 260  XP_011548743.1_Plutella_xylost   72.95%    failed      0.86%
 261  XP_011548965.1_Plutella_xylost   83.95%    passed     42.00%
 262  XP_011551788.1_Plutella_xylost   84.62%    passed     86.75%
 263  XP_011553997.1_Plutella_xylost   84.13%    passed     20.56%
 264  XP_011554237.1_Plutella_xylost   83.85%    passed     56.22%
 265  XP_011554532.1_Plutella_xylost   85.77%    passed     14.62%
 266  XP_011556095.1_Plutella_xylost   83.85%    passed     61.57%
 267  XP_011557578.1_Plutella_xylost   84.41%    passed     56.47%
 268  XP_011558678.1_Plutella_xylost   84.38%    passed     34.82%
 269  XP_011559164.1_Plutella_xylost   83.33%    passed     18.50%
 270  XP_011559165.1_Plutella_xylost   83.02%    passed     36.19%
 271  XP_011560971.1_Plutella_xylost   83.48%    passed     33.10%
 272  XP_011560972.1_Plutella_xylost   83.48%    passed     31.10%
 273  XP_011560990.1_Plutella_xylost   84.62%    passed     16.26%
 274  XP_011561511.1_Plutella_xylost   86.72%    passed     71.13%
 275  XP_011563308.1_Plutella_xylost   84.47%    passed     76.22%
 276  XP_011564248.1_Plutella_xylost   84.62%    passed     84.26%
 277  XP_011566332.1_Plutella_xylost   85.30%    passed     12.23%
 278  XP_011566720.1_Plutella_xylost   85.37%    passed     18.69%
 279  XP_011567270.1_Plutella_xylost   88.02%    passed     20.05%
 280  XP_011567357.1_Plutella_xylost   76.54%    failed      0.00%
 281  XP_011567408.1_Plutella_xylost   89.53%    passed     57.29%
 282  XP_011567669.1_Plutella_xylost   84.10%    passed     46.65%
 283  XP_011569365.1_Plutella_xylost   84.29%    passed     24.55%
 284  XP_014362015.1_Papilio_machaon   68.60%    failed      2.11%
 285  XP_014362016.1_Papilio_machaon   63.88%    failed      0.82%
 286  XP_014362018.1_Papilio_machaon   68.14%    passed      6.69%
 287  XP_014362019.1_Papilio_machaon   68.51%    failed      1.92%
 288  XP_014362958.1_Papilio_machaon   83.61%    passed      5.62%
 289  XP_014364862.1_Papilio_machaon   84.41%    passed     24.50%
 290  XP_014364917.1_Papilio_machaon   83.91%    passed     85.43%
 291  XP_014364994.1_Papilio_machaon   84.72%    failed      2.38%
 292  XP_014366706.1_Papilio_machaon   83.88%    passed     40.34%
 293  XP_014366709.1_Papilio_machaon   84.16%    passed     12.78%
 294  XP_014367000.1_Papilio_machaon   84.44%    passed     91.53%
 295  XP_014367803.1_Papilio_machaon   85.83%    passed     47.90%
 296  XP_014367804.1_Papilio_machaon   87.16%    passed     69.44%
 297  XP_014367814.1_Papilio_machaon   87.62%    passed     62.22%
 298  XP_014370888.1_Papilio_machaon   87.50%    passed     80.45%
 299  XP_014371456.1_Papilio_machaon   82.77%    passed     64.49%
 300  XP_032510674.1_plexippus_plexi   86.94%    passed     83.23%
 301  XP_032513180.1_plexippus_plexi   83.88%    passed     67.14%
 302  XP_032523485.1_plexippus_plexi   84.01%    passed     69.54%
 303  XP_032523499.1_plexippus_plexi   86.11%    passed     75.41%
 304  XP_032523501.1_plexippus_plexi   84.66%    passed     64.40%
 305  XP_032523523.1_plexippus_plexi   84.62%    passed     21.17%
 306  XP_032523527.1_plexippus_plexi   84.50%    passed     49.37%
 307  XP_032523564.1_plexippus_plexi   86.11%    passed     72.06%
 308  XP_032523585.1_plexippus_plexi   85.12%    passed     39.43%
 309  XP_032525939.1_plexippus_plexi   84.13%    passed     15.24%
 310  XP_032526253.1_plexippus_plexi   88.27%    passed     21.96%
 311  XP_032527041.1_plexippus_plexi   83.67%    passed     16.45%
 312  XP_032528982.1_plexippus_plexi   84.44%    passed     82.15%
 313  XP_032529516.1_plexippus_plexi   68.79%    failed      1.74%
 314  XP_032529517.1_plexippus_plexi   89.16%    passed     54.31%
 315  XP_032529519.1_plexippus_plexi   68.91%    failed      4.05%
 316  XP_032530179.1_plexippus_plexi   84.32%    passed     82.69%
 317  XP_023934074.1_Bicyclus_anynan   81.78%    passed     48.92%
 318  XP_023935446.1_Bicyclus_anynan   84.41%    passed     81.57%
 319  XP_023935450.1_Bicyclus_anynan   84.41%    passed     78.43%
 320  XP_023935452.1_Bicyclus_anynan   84.35%    passed     76.65%
 321  XP_023935490.1_Bicyclus_anynan   84.38%    passed     89.31%
 322  XP_023935495.1_Bicyclus_anynan   84.41%    passed     97.08%
 323  XP_023935498.1_Bicyclus_anynan   83.42%    passed     52.06%
 324  XP_023936329.1_Bicyclus_anynan   83.61%    passed     97.11%
 325  XP_023936365.1_Bicyclus_anynan   66.63%    failed      3.27%
 326  XP_023941626.1_Bicyclus_anynan   84.62%    passed     90.64%
 327  XP_023947340.1_Bicyclus_anynan   68.72%    passed     10.84%
 328  XP_023947354.1_Bicyclus_anynan   68.88%    passed      7.03%
 329  XP_023948567.1_Bicyclus_anynan   87.43%    passed     94.19%
 330  XP_023948571.1_Bicyclus_anynan   84.01%    passed     84.02%
 331  XP_023948991.1_Bicyclus_anynan   83.95%    passed     26.09%
 332  XP_023949451.1_Bicyclus_anynan   85.03%    passed     88.99%
 333  XP_023949452.1_Bicyclus_anynan   68.14%    passed     15.19%
 334  XP_023950089.1_Bicyclus_anynan   85.12%    passed     55.82%
 335  XP_023950607.1_Bicyclus_anynan   82.83%    passed     65.86%
 336  XP_023951152.1_Bicyclus_anynan   85.98%    passed     64.67%
 337  XP_023951871.1_Bicyclus_anynan   83.70%    passed     11.61%
 338  XP_023952311.1_Bicyclus_anynan   83.42%    passed     16.19%
 339  XP_023952689.1_Bicyclus_anynan   84.50%    passed     93.65%
 340  XP_023952790.1_Bicyclus_anynan   83.54%    passed     28.65%
 341  XP_023952801.1_Bicyclus_anynan   85.21%    passed     60.42%
 342  XP_023953337.1_Bicyclus_anynan   84.44%    passed     57.75%
 343  XP_023953689.1_Bicyclus_anynan   90.98%    passed     91.43%
 344  XP_026313554.1_Hyposmocoma_kah   68.20%    passed     28.59%
 345  XP_026316492.1_Hyposmocoma_kah   84.81%    passed     54.49%
 346  XP_026319443.1_Hyposmocoma_kah   83.58%    passed     46.61%
 347  XP_026319716.1_Hyposmocoma_kah   91.51%    passed     91.18%
 348  XP_026319979.1_Hyposmocoma_kah   84.19%    passed     18.47%
 349  XP_026320223.1_Hyposmocoma_kah   84.59%    passed     62.16%
 350  XP_026322188.1_Hyposmocoma_kah   89.97%    passed     98.80%
 351  XP_026322239.1_Hyposmocoma_kah   83.17%    passed     24.35%
 352  XP_026322901.1_Hyposmocoma_kah   84.22%    failed      3.68%
 353  XP_026323140.1_Hyposmocoma_kah   83.58%    passed     24.47%
 354  XP_026323169.1_Hyposmocoma_kah   84.04%    passed     84.38%
 355  XP_026324189.1_Hyposmocoma_kah   68.76%    passed      5.05%
 356  XP_026324190.1_Hyposmocoma_kah   82.83%    passed     93.24%
 357  XP_026324191.1_Hyposmocoma_kah   68.23%    failed      1.76%
 358  XP_026331740.1_Hyposmocoma_kah   88.36%    passed     49.83%
 359  XP_026754137.1_Galleria_mellon   84.50%    passed     83.27%
 360  XP_026754269.1_Galleria_mellon   84.22%    passed     16.95%
 361  XP_026755414.1_Galleria_mellon   83.70%    passed     86.65%
 362  XP_026756863.1_Galleria_mellon   84.19%    passed     69.19%
 363  XP_026757122.1_Galleria_mellon   68.05%    passed     11.97%
 364  XP_026758988.2_Galleria_mellon   84.47%    passed     80.72%
 365  XP_026759049.1_Galleria_mellon   83.67%    failed      1.43%
 366  XP_026762202.1_Galleria_mellon   84.56%    passed     23.91%
 367  XP_026764169.1_Galleria_mellon   84.41%    passed     69.62%
 368  XP_031763669.1_Galleria_mellon   69.03%    failed      0.88%
 369  XP_031763958.1_Galleria_mellon   85.18%    passed     25.52%
 370  XP_031768072.1_Galleria_mellon   72.99%    failed      1.44%
 371  XP_031768073.1_Galleria_mellon   71.72%    passed     46.76%
 372  XP_031768866.1_Galleria_mellon   89.29%    passed     88.18%
 373  XP_013182836.1_Amyelois_transi   84.07%    passed     82.67%
 374  XP_013185165.1_Amyelois_transi   84.44%    passed     61.86%
 375  XP_013188038.1_Amyelois_transi   84.44%    passed     95.18%
 376  XP_013188067.1_Amyelois_transi   84.01%    passed     66.45%
 377  XP_013189559.1_Amyelois_transi   68.60%    failed      1.64%
 378  XP_013190175.1_Amyelois_transi   83.91%    passed     84.75%
 379  XP_013193075.1_Amyelois_transi   84.35%    passed     91.88%
 380  XP_013194175.1_Amyelois_transi   84.25%    passed     82.79%
 381  XP_013194729.1_Amyelois_transi   83.61%    failed      4.37%
 382  XP_013200045.1_Amyelois_transi   83.17%    passed     41.45%
 383  XP_013200053.1_Amyelois_transi   82.99%    passed     45.06%
 384  XP_013201179.1_Amyelois_transi   67.77%    passed     31.05%
 385  XP_021183317.1_Helicoverpa_arm   84.53%    passed     53.44%
 386  XP_021186007.1_Helicoverpa_arm   84.25%    passed     58.59%
 387  XP_021191415.1_Helicoverpa_arm   83.85%    passed     97.25%
 388  XP_021191417.1_Helicoverpa_arm   84.32%    passed     82.07%
 389  XP_021191446.1_Helicoverpa_arm   68.94%    passed     39.49%
 390  XP_021191447.1_Helicoverpa_arm   68.29%    passed     10.63%
 391  XP_021194049.1_Helicoverpa_arm   84.32%    passed     76.64%
 392  XP_021194593.1_Helicoverpa_arm   84.53%    passed     77.60%
 393  XP_021194605.1_Helicoverpa_arm   84.29%    passed     57.35%
 394  XP_021196645.1_Helicoverpa_arm   84.29%    passed     34.47%
 395  XP_021196646.1_Helicoverpa_arm   83.98%    passed     10.38%
 396  XP_021196985.1_Helicoverpa_arm   83.95%    passed     76.87%
 397  XP_021197047.1_Helicoverpa_arm   84.78%    passed     82.61%
 398  XP_021197058.1_Helicoverpa_arm   84.66%    passed     81.54%
 399  XP_021197062.1_Helicoverpa_arm   84.90%    passed     20.08%
 400  XP_021197068.1_Helicoverpa_arm   72.28%    passed     17.60%
 401  XP_021200129.1_Helicoverpa_arm   84.41%    passed     51.08%
 402  XP_021200470.1_Helicoverpa_arm   83.67%    failed      3.12%
 403  XP_021200637.1_Helicoverpa_arm   83.76%    passed     40.38%
 404  XP_021200721.1_Helicoverpa_arm   83.85%    passed     47.44%
 405  XP_022818242.1_Spodoptera_litu   84.66%    passed     63.75%
 406  XP_022818244.1_Spodoptera_litu   84.69%    passed     27.96%
 407  XP_022818247.1_Spodoptera_litu   84.62%    passed     63.43%
 408  XP_022818485.1_Spodoptera_litu   85.55%    passed     72.79%
 409  XP_022818653.1_Spodoptera_litu   84.69%    passed     23.63%
 410  XP_022818654.1_Spodoptera_litu   84.56%    passed     53.41%
 411  XP_022818655.1_Spodoptera_litu   69.34%    passed     38.94%
 412  XP_022820790.1_Spodoptera_litu   84.25%    passed     86.29%
 413  XP_022821775.1_Spodoptera_litu   84.38%    passed     67.00%
 414  XP_022822385.1_Spodoptera_litu   84.59%    passed     89.81%
 415  XP_022822475.1_Spodoptera_litu   83.64%    passed      6.79%
 416  XP_022825294.1_Spodoptera_litu   83.88%    passed     38.96%
 417  XP_022825432.1_Spodoptera_litu   84.16%    passed     46.68%
 418  XP_022827201.1_Spodoptera_litu   68.69%    passed     20.66%
 419  XP_022827202.1_Spodoptera_litu   66.32%    passed     25.38%
 420  XP_022827203.1_Spodoptera_litu   66.78%    passed     11.82%
 421  XP_022827260.1_Spodoptera_litu   84.38%    passed     80.05%
 422  XP_022827446.1_Spodoptera_litu   84.41%    passed     24.66%
 423  XP_022827475.1_Spodoptera_litu   83.27%    passed     20.42%
 424  XP_022827607.1_Spodoptera_litu   83.98%    passed     20.84%
 425  XP_022830560.1_Spodoptera_litu   83.82%    passed     18.70%
 426  XP_022833294.1_Spodoptera_litu   90.80%    passed     62.74%
 427  XP_022833531.1_Spodoptera_litu   90.89%    passed     30.53%
 428  XP_022833696.1_Spodoptera_litu   85.12%    passed     23.43%
 429  XP_022833742.1_Spodoptera_litu   86.54%    passed     28.76%
 430  XP_022833751.1_Spodoptera_litu   85.30%    passed     22.34%
 431  XP_022833797.1_Spodoptera_litu   84.07%    failed      0.11%
 432  XP_022833843.1_Spodoptera_litu   85.06%    passed     44.77%
 433  XP_022833885.1_Spodoptera_litu   85.12%    passed     16.34%
 434  XP_022835024.1_Spodoptera_litu   85.27%    passed      6.53%
 435  XP_022835647.1_Spodoptera_litu   85.71%    failed      3.20%
 436  XP_028026026.1_Bombyx_mandarin   83.91%    passed     62.78%
 437  XP_028028070.1_Bombyx_mandarin   84.35%    passed     56.01%
 438  XP_028028071.1_Bombyx_mandarin   84.35%    passed     36.61%
 439  XP_028028072.1_Bombyx_mandarin   84.35%    passed     48.81%
 440  XP_028028205.1_Bombyx_mandarin   84.22%    passed     66.79%
 441  XP_028029940.1_Bombyx_mandarin   84.81%    passed     19.95%
 442  XP_028029942.1_Bombyx_mandarin   85.18%    failed      2.36%
 443  XP_028029973.1_Bombyx_mandarin   84.35%    passed     76.45%
 444  XP_028029974.1_Bombyx_mandarin   84.32%    passed     89.07%
 445  XP_028030232.1_Bombyx_mandarin   72.06%    passed      8.37%
 446  XP_028035150.1_Bombyx_mandarin   83.67%    passed     46.92%
 447  XP_028036753.1_Bombyx_mandarin   87.31%    passed     64.54%
 448  XP_028036762.1_Bombyx_mandarin   85.06%    passed     59.41%
 449  XP_028036782.1_Bombyx_mandarin   83.67%    passed     59.72%
 450  XP_028037389.1_Bombyx_mandarin   83.82%    passed     56.48%
 451  XP_028037411.1_Bombyx_mandarin   85.52%    passed     67.09%
 452  XP_028038643.1_Bombyx_mandarin   85.09%    passed     60.56%
 453  XP_028040485.1_Bombyx_mandarin   85.03%    passed      5.46%
 454  XP_028040808.1_Bombyx_mandarin   84.44%    passed     78.53%
 455  XP_028043691.1_Bombyx_mandarin   84.41%    passed     34.53%
 456  XP_028043767.1_Bombyx_mandarin   84.38%    passed     61.75%
 457  XP_030020991.1_Manduca_sexta     84.44%    passed     63.29%
 458  XP_030025072.1_Manduca_sexta     55.91%    failed      0.06%
 459  XP_030025073.1_Manduca_sexta     68.69%    passed     31.31%
 460  XP_030026236.1_Manduca_sexta     83.91%    passed     60.06%
 461  XP_030026240.1_Manduca_sexta     84.87%    passed     27.47%
 462  XP_030026255.1_Manduca_sexta     84.84%    passed     59.65%
 463  XP_030026258.1_Manduca_sexta     84.87%    passed     82.99%
 464  XP_030026260.1_Manduca_sexta     83.88%    passed     91.04%
 465  XP_030026263.1_Manduca_sexta     84.75%    passed     32.57%
 466  XP_030026264.1_Manduca_sexta     69.59%    passed     22.65%
 467  XP_030026265.1_Manduca_sexta     85.18%    passed     92.18%
 468  XP_030026267.1_Manduca_sexta     84.93%    passed     71.30%
 469  XP_030026270.1_Manduca_sexta     84.56%    passed     66.69%
 470  XP_030026885.1_Manduca_sexta     83.67%    passed     11.86%
 471  XP_030029896.1_Manduca_sexta     84.19%    passed     23.13%
 472  XP_030032537.1_Manduca_sexta     84.59%    passed     73.44%
 473  XP_030032559.1_Manduca_sexta     84.62%    passed     77.11%
 474  XP_030032573.1_Manduca_sexta     84.62%    passed     98.68%
 475  XP_030033142.1_Manduca_sexta     84.16%    passed     36.33%
 476  XP_030035516.1_Manduca_sexta     67.98%    failed      0.21%
 477  XP_030037279.1_Manduca_sexta     84.41%    passed     85.10%
 478  XP_030037524.1_Manduca_sexta     84.35%    passed     38.71%
 479  XP_030037804.1_Manduca_sexta     84.16%    passed     23.78%
 480  XP_030039701.1_Manduca_sexta     92.84%    passed     89.33%
 481  XP_030041345.1_Manduca_sexta     83.98%    passed     72.77%
 482  XP_001850318.1_Culex_quinquefa   71.60%    passed     38.48%
 483  XP_001850319.1_Culex_quinquefa   83.51%    passed     87.29%
 484  XP_001850320.1_Culex_quinquefa   83.58%    passed     84.68%
 485  XP_001850321.1_Culex_quinquefa   82.40%    failed      0.38%
 486  XP_001864161.1_Culex_quinquefa   83.98%    passed      8.05%
 487  XP_001864465.1_Culex_quinquefa   84.25%    failed      4.39%
 488  XP_001864466.1_Culex_quinquefa   85.27%    failed      0.14%
 489  XP_001650340.2_Aedes_aegypti     83.67%    passed     95.55%
 490  XP_001650404.2_Aedes_aegypti     83.82%    passed     22.92%
 491  XP_001659854.2_Aedes_aegypti     86.29%    passed     88.69%
 492  XP_021694990.1_Aedes_aegypti     83.98%    failed      4.02%
 493  XP_021698828.1_Aedes_aegypti     82.03%    failed      0.98%
 494  XP_021698830.1_Aedes_aegypti     83.54%    passed     92.31%
 495  XP_021698831.1_Aedes_aegypti     83.58%    passed     78.91%
 496  XP_001237813.1_str._PEST         84.41%    passed     73.47%
 497  XP_310611.5_str._PEST            83.39%    failed      0.00%
 498  XP_316460.3_str._PEST            83.17%    passed     16.81%
 499  XP_316461.3_str._PEST            84.41%    passed     48.01%
 500  XP_557098.2_str._PEST            83.11%    passed     37.93%
 501  XP_557100.2_str._PEST            82.56%    passed     58.57%
 502  NP_648918.1_Drosophila_melanog   83.30%    passed     33.18%
 503  XP_017461585.1_Rhagoletis_zeph   92.71%    passed     99.78%
 504  XP_017465109.1_Rhagoletis_zeph   84.66%    passed     87.71%
 505  XP_017483824.1_Rhagoletis_zeph   82.87%    passed     74.50%
 506  XP_017484266.1_Rhagoletis_zeph   88.76%    passed     71.28%
 507  NP_001295947.1_Musca_domestica   84.62%    passed     46.27%
 508  XP_005191668.2_Musca_domestica   91.08%    passed     69.51%
WARNING: 507 sequences contain more than 50% gaps/ambiguity
****  TOTAL                            83.11%  73 sequences failed composition chi2 test (p-value<5%; df=19)
NOTE: XP_023289587.1_Orussus_abietin is identical to XP_023289585.1_Orussus_abietin but kept for subsequent analysis
NOTE: XP_015191850.1_Polistes_dominu is identical to XP_015182011.1_Polistes_dominu but kept for subsequent analysis
NOTE: XP_025830272.1_Agrilus_planipe is identical to XP_018320189.2_Agrilus_planipe but kept for subsequent analysis


Create initial parsimony tree by phylogenetic likelihood library (PLL)... 1.087 seconds
Perform fast likelihood tree search using LG+I+G model...
Estimate model parameters (epsilon = 5.000)
Perform nearest neighbor interchange...
Estimate model parameters (epsilon = 1.000)
1. Initial log-likelihood: -341092.550
2. Current log-likelihood: -341090.879
Optimal log-likelihood: -341090.206
Proportion of invariable sites: 0.004
Gamma shape alpha: 1.020
Parameters optimization took 2 rounds (0.838 sec)
Time for fast ML tree search: 8.913 seconds

NOTE: ModelFinder requires 1479 MB RAM!
ModelFinder will test up to 546 protein models (sample size: 3239) ...
 No. Model         -LnL         df  AIC          AICc         BIC
  1  LG            360048.443   1013 722122.886   723046.196   728284.985
  2  LG+I          359818.621   1014 721665.242   722590.791   727833.425
  3  LG+G4         341107.827   1014 684243.654   685169.202   690411.836
  4  LG+I+G4       341089.940   1015 684209.880   685137.671   690384.145
  5  LG+R2         345465.375   1015 692960.749   693888.540   699135.014
  6  LG+R3         342272.696   1017 686579.393   687511.681   692765.824
  7  LG+R4         340887.844   1019 683813.688   684750.488   690012.285
  8  LG+R5         340342.865   1021 682727.731   683669.059   688938.494
  9  LG+R6         340120.496   1023 682286.991   683232.862   688509.920
 10  LG+R7         339983.999   1025 682017.999   682968.428   688253.094
 11  LG+R8         339926.098   1027 681906.197   682861.200   688153.458
 12  LG+R9         339891.884   1029 681841.767   682801.360   688101.195
 13  LG+R10        339888.005   1031 681838.011   682802.208   688109.604
 25  LG+F+R9       340746.051   1048 683588.101   684592.075   689963.106
 26  LG+F+R10      340706.321   1050 683512.641   684521.371   689899.812
 38  WAG+R9        340422.157   1029 682902.314   683861.907   689161.742
 39  WAG+R10       340422.179   1031 682906.358   683870.556   689177.952
 51  WAG+F+R9      340610.103   1048 683316.206   684320.181   689691.211
 52  WAG+F+R10     340603.021   1050 683306.042   684314.772   689693.213
 64  JTT+R9        342778.021   1029 687614.042   688573.635   693873.469
 65  JTT+R10       342743.294   1031 687548.588   688512.786   693820.182
 77  JTT+F+R9      342705.872   1048 687507.744   688511.719   693882.749
 78  JTT+F+R10     342666.207   1050 687432.415   688441.144   693819.586
 90  JTTDCMut+R9   342677.445   1029 687412.890   688372.482   693672.317
 91  JTTDCMut+R10  342642.403   1031 687346.805   688311.003   693618.399
103  JTTDCMut+F+R9 342623.650   1048 687343.300   688347.274   693718.305
104  JTTDCMut+F+R10 342583.855   1050 687267.709   688276.439   693654.880
116  DCMut+R9      345890.073   1029 693838.146   694797.738   700097.573
117  DCMut+R10     345886.742   1031 693835.484   694799.682   700107.078
129  DCMut+F+R9    344504.134   1048 691104.267   692108.242   697479.272
130  DCMut+F+R10   344490.219   1050 691080.437   692089.167   697467.608
142  VT+R9         340598.740   1029 683255.480   684215.072   689514.907
143  VT+R10        340598.474   1031 683258.949   684223.146   689530.542
155  VT+F+R9       341139.028   1048 684374.057   685378.031   690749.061
156  VT+F+R10      341138.845   1050 684377.691   685386.420   690764.861
168  PMB+R9        342194.374   1029 686446.748   687406.341   692706.175
169  PMB+R10       342186.578   1031 686435.156   687399.353   692706.749
181  PMB+F+R9      342785.347   1048 687666.694   688670.669   694041.699
182  PMB+F+R10     342777.241   1050 687654.481   688663.211   694041.652
194  Blosum62+R9   341906.912   1029 685871.825   686831.417   692131.252
WARNING: Log-likelihood -341909 of Blosum62+R10 worse than Blosum62+R9 -341907
195  Blosum62+R10  341909.043   1031 685880.085   686844.283   692151.679
207  Blosum62+F+R9 342538.394   1048 687172.788   688176.763   693547.793
WARNING: Log-likelihood -342541 of Blosum62+F+R10 worse than Blosum62+F+R9 -342538
208  Blosum62+F+R10 342540.720   1050 687181.440   688190.170   693568.611
220  Dayhoff+R9    345905.981   1029 693869.961   694829.554   700129.389
221  Dayhoff+R10   345902.596   1031 693867.191   694831.389   700138.785
233  Dayhoff+F+R9  344521.014   1048 691138.027   692142.001   697513.032
234  Dayhoff+F+R10 344507.032   1050 691114.064   692122.794   697501.235
246  mtREV+R9      355521.631   1029 713101.262   714060.855   719360.690
247  mtREV+R10     355492.449   1031 713046.898   714011.095   719318.491
259  mtREV+F+R9    347723.719   1048 697543.438   698547.412   703918.443
260  mtREV+F+R10   347706.873   1050 697513.746   698522.476   703900.917
272  mtART+R9      359878.709   1029 721815.417   722775.010   728074.845
273  mtART+R10     359835.308   1031 721732.616   722696.814   728004.210
285  mtART+F+R9    351706.947   1048 705509.894   706513.869   711884.899
286  mtART+F+R10   351688.140   1050 705476.279   706485.009   711863.450
298  mtZOA+R9      352315.566   1029 706689.132   707648.725   712948.559
299  mtZOA+R10     352293.822   1031 706649.645   707613.842   712921.238
311  mtZOA+F+R9    347190.622   1048 696477.245   697481.219   702852.249
312  mtZOA+F+R10   347165.919   1050 696431.837   697440.567   702819.008
324  mtMet+R9      354984.511   1029 712027.021   712986.614   718286.449
325  mtMet+R10     354979.657   1031 712021.314   712985.511   718292.907
337  mtMet+F+R9    347920.284   1048 697936.568   698940.542   704311.573
338  mtMet+F+R10   347916.065   1050 697932.129   698940.859   704319.300
350  mtVer+R9      359368.093   1029 720794.186   721753.778   727053.613
351  mtVer+R10     359349.375   1031 720760.750   721724.948   727032.344
363  mtVer+F+R9    353905.533   1048 709907.065   710911.040   716282.070
364  mtVer+F+R10   353899.030   1050 709898.060   710906.790   716285.231
376  mtInv+R9      355870.558   1029 713799.115   714758.708   720058.543
377  mtInv+R10     355845.652   1031 713753.304   714717.502   720024.898
389  mtInv+F+R9    345404.399   1048 692904.798   693908.773   699279.803
390  mtInv+F+R10   345389.536   1050 692879.072   693887.802   699266.243
402  mtMAM+R9      363480.489   1029 729018.977   729978.570   735278.405
403  mtMAM+R10     363440.081   1031 728942.162   729906.359   735213.755
415  mtMAM+F+R9    356301.128   1048 714698.256   715702.231   721073.261
416  mtMAM+F+R10   356289.044   1050 714678.088   715686.817   721065.259
428  HIVb+R9       350461.098   1029 702980.197   703939.789   709239.624
429  HIVb+R10      350442.038   1031 702946.075   703910.273   709217.669
441  HIVb+F+R9     349703.732   1048 701503.463   702507.438   707878.468
442  HIVb+F+R10    349693.647   1050 701487.295   702496.024   707874.466
454  HIVw+R9       365166.342   1029 732390.685   733350.277   738650.112
455  HIVw+R10      365111.443   1031 732284.886   733249.084   738556.480
467  HIVw+F+R9     359390.038   1048 720876.075   721880.049   727251.080
468  HIVw+F+R10    359335.233   1050 720770.466   721779.195   727157.637
480  FLU+R9        348021.799   1029 698101.599   699061.191   704361.026
481  FLU+R10       347994.002   1031 698050.004   699014.202   704321.598
493  FLU+F+R9      346566.706   1048 695229.411   696233.386   701604.416
494  FLU+F+R10     346545.412   1050 695190.824   696199.553   701577.995
506  rtREV+R9      343538.305   1029 689134.609   690094.202   695394.037
507  rtREV+R10     343518.486   1031 689098.973   690063.170   695370.566
519  rtREV+F+R9    342388.824   1048 686873.648   687877.623   693248.653
520  rtREV+F+R10   342374.160   1050 686848.320   687857.050   693235.491
532  cpREV+R9      342233.147   1029 686524.294   687483.886   692783.721
533  cpREV+R10     342212.405   1031 686486.811   687451.008   692758.404
545  cpREV+F+R9    342746.352   1048 687588.704   688592.678   693963.709
546  cpREV+F+R10   342726.797   1050 687553.595   688562.324   693940.766
Akaike Information Criterion:           LG+R10
Corrected Akaike Information Criterion: LG+R9
Bayesian Information Criterion:         LG+R9
Best-fit model: LG+R9 chosen according to BIC

All model information printed to output.model.gz
CPU time for ModelFinder: 494879.601 seconds (137h:27m:59s)
Wall-clock time for ModelFinder: 20985.503 seconds (5h:49m:45s)
Generating 1000 samples for ultrafast bootstrap (seed: 346850)...

NOTE: 1332 MB RAM (1 GB) is required!
Estimate model parameters (epsilon = 0.100)
1. Initial log-likelihood: -339891.884
2. Current log-likelihood: -339891.769
Optimal log-likelihood: -339891.641
Site proportion and rates:  (0.062,0.043) (0.068,0.137) (0.120,0.269) (0.110,0.428) (0.115,0.627) (0.124,0.885) (0.158,1.242) (0.124,1.779) (0.120,2.591)
Parameters optimization took 2 rounds (9.875 sec)
Computing ML distances based on estimated model parameters... 93.020 sec
WARNING: Some pairwise ML distances are too long (saturated)
Computing BIONJ tree...
0.478 seconds
Log-likelihood of BIONJ tree: -347617.399
--------------------------------------------------------------------
|             INITIALIZING CANDIDATE TREE SET                      |
--------------------------------------------------------------------
Generating 98 parsimony trees... 109.614 second
Computing log-likelihood of 98 initial trees ... 48.094 seconds
Current best score: -339891.641

Do NNI search on 20 best initial trees
Estimate model parameters (epsilon = 0.100)
BETTER TREE FOUND at iteration 1: -339872.199
Estimate model parameters (epsilon = 0.100)
BETTER TREE FOUND at iteration 2: -339817.128
Estimate model parameters (epsilon = 0.100)
BETTER TREE FOUND at iteration 3: -339749.982
Estimate model parameters (epsilon = 0.100)
BETTER TREE FOUND at iteration 4: -339736.388
Iteration 10 / LogL: -340144.945 / Time: 0h:9m:51s
Estimate model parameters (epsilon = 0.100)
BETTER TREE FOUND at iteration 12: -339701.567
Iteration 20 / LogL: -339866.313 / Time: 0h:14m:45s
Finish initializing candidate tree set (20)
Current best tree score: -339701.567 / CPU time: 856.454
Number of iterations: 20
--------------------------------------------------------------------
|               OPTIMIZING CANDIDATE TREE SET                      |
--------------------------------------------------------------------
Estimate model parameters (epsilon = 0.100)
BETTER TREE FOUND at iteration 22: -339647.231
Estimate model parameters (epsilon = 0.100)
BETTER TREE FOUND at iteration 25: -339641.455
Estimate model parameters (epsilon = 0.100)
BETTER TREE FOUND at iteration 28: -339578.952
Estimate model parameters (epsilon = 0.100)
BETTER TREE FOUND at iteration 29: -339576.936
Iteration 30 / LogL: -339598.462 / Time: 0h:17m:39s (1h:0m:18s left)
Iteration 40 / LogL: -339601.925 / Time: 0h:20m:9s (0h:45m:59s left)
Estimate model parameters (epsilon = 0.100)
BETTER TREE FOUND at iteration 43: -339563.532
Estimate model parameters (epsilon = 0.100)
BETTER TREE FOUND at iteration 49: -339561.498
Iteration 50 / LogL: -339611.482 / Time: 0h:23m:7s (0h:46m:43s left)
Iteration 60 / LogL: -339577.254 / Time: 0h:25m:47s (0h:38m:54s left)
Iteration 70 / LogL: -339599.976 / Time: 0h:28m:36s (0h:32m:44s left)
Estimate model parameters (epsilon = 0.100)
BETTER TREE FOUND at iteration 72: -339560.254
Estimate model parameters (epsilon = 0.100)
BETTER TREE FOUND at iteration 73: -339557.788
Estimate model parameters (epsilon = 0.100)
BETTER TREE FOUND at iteration 76: -339555.101
Iteration 80 / LogL: -339586.577 / Time: 0h:31m:57s (0h:38m:50s left)
Iteration 90 / LogL: -339584.138 / Time: 0h:34m:52s (0h:33m:41s left)
Iteration 100 / LogL: -339565.119 / Time: 0h:37m:48s (0h:29m:1s left)
Iteration 110 / LogL: -339563.764 / Time: 0h:43m:23s (0h:26m:16s left)
Iteration 120 / LogL: -339583.026 / Time: 0h:47m:24s (0h:22m:18s left)
Iteration 130 / LogL: -339561.549 / Time: 0h:50m:2s (0h:17m:50s left)
Estimate model parameters (epsilon = 0.100)
BETTER TREE FOUND at iteration 139: -339553.919
Estimate model parameters (epsilon = 0.100)
BETTER TREE FOUND at iteration 140: -339553.230
Iteration 140 / LogL: -339553.230 / Time: 0h:53m:13s (0h:38m:17s left)
Estimate model parameters (epsilon = 0.100)
BETTER TREE FOUND at iteration 145: -339550.024
Iteration 150 / LogL: -339573.651 / Time: 0h:56m:15s (0h:35m:52s left)
Iteration 160 / LogL: -339633.256 / Time: 0h:58m:58s (0h:31m:31s left)
Estimate model parameters (epsilon = 0.100)
BETTER TREE FOUND at iteration 169: -339548.919
Iteration 170 / LogL: -339553.786 / Time: 1h:2m:47s (0h:36m:46s left)
Iteration 180 / LogL: -339574.497 / Time: 1h:6m:4s (0h:32m:51s left)
Iteration 190 / LogL: -339678.731 / Time: 1h:8m:46s (0h:28m:44s left)
Iteration 200 / LogL: -339580.944 / Time: 1h:11m:36s (0h:24m:49s left)
Estimate model parameters (epsilon = 0.100)
BETTER TREE FOUND at iteration 203: -339547.311
Iteration 210 / LogL: -339717.967 / Time: 1h:15m:19s (0h:33m:30s left)
Iteration 220 / LogL: -339599.524 / Time: 1h:19m:43s (0h:30m:12s left)
Iteration 230 / LogL: -339586.980 / Time: 1h:23m:51s (0h:26m:43s left)
Iteration 240 / LogL: -339592.767 / Time: 1h:27m:7s (0h:22m:57s left)
Iteration 250 / LogL: -339589.290 / Time: 1h:30m:11s (0h:19m:11s left)
Iteration 260 / LogL: -339618.283 / Time: 1h:34m:4s (0h:15m:37s left)
Estimate model parameters (epsilon = 0.100)
BETTER TREE FOUND at iteration 269: -339546.986
Iteration 270 / LogL: -339548.403 / Time: 1h:37m:48s (0h:35m:59s left)
Iteration 280 / LogL: -339559.319 / Time: 1h:43m:12s (0h:32m:55s left)
Iteration 290 / LogL: -339563.203 / Time: 1h:48m:27s (0h:29m:38s left)
Iteration 300 / LogL: -339594.661 / Time: 1h:51m:34s (0h:25m:44s left)
Iteration 310 / LogL: -339642.833 / Time: 1h:54m:55s (0h:21m:56s left)
Iteration 320 / LogL: -339567.842 / Time: 1h:58m:51s (0h:18m:15s left)
Estimate model parameters (epsilon = 0.100)
BETTER TREE FOUND at iteration 325: -339546.061
Iteration 330 / LogL: -339571.745 / Time: 2h:1m:57s (0h:35m:12s left)
Iteration 340 / LogL: -339619.726 / Time: 2h:5m:6s (0h:31m:22s left)
Iteration 350 / LogL: -339547.903 / Time: 2h:9m:10s (0h:27m:45s left)

******************************************************
CHECKPOINT: Resuming analysis from output.ckp.gz

IQ-TREE multicore version 2.0.5 for Linux 64-bit built May 15 2020
Developed by Bui Quang Minh, Nguyen Lam Tung, Olga Chernomor,
Heiko Schmidt, Dominik Schrempf, Michael Woodhams.

Host:    comet-22-57.sdsc.edu (AVX2, FMA3, 125 GB RAM)
Command: iqtree2 -nt 24 -s infile.txt -bb 1000 -bnni -alrt 1000 -st AA -pre output -mem 4G
Seed:    478388 (Using SPRNG - Scalable Parallel Random Number Generator)
Time:    Fri Jun 26 09:26:40 2020
Kernel:  AVX+FMA - 24 threads (24 CPU cores detected)

Reading alignment file infile.txt ... Fasta format detected
Alignment most likely contains protein sequences
WARNING: 4 sites contain only gaps or ambiguous characters.
Alignment has 508 sequences with 3239 columns, 1856 distinct patterns
1209 parsimony-informative, 484 singleton sites, 1546 constant sites
                                Gap/Ambiguity  Composition  p-value
   1  XP_014208505.1_Copidosoma_flor   84.16%    passed      6.16%
   2  XP_014208575.1_Copidosoma_flor   84.78%    passed     73.37%
   3  XP_014217440.1_Copidosoma_flor   82.90%    failed      0.02%
   4  XP_023245728.1_Copidosoma_flor   79.75%    passed     30.94%
   5  XP_022710940.1_Varroa_jacobson   88.05%    passed     79.36%
   6  XP_032777164.1_Daphnia_magna     84.47%    passed     44.80%
   7  XP_032788031.1_Daphnia_magna     83.91%    passed      5.19%
   8  XP_032788032.1_Daphnia_magna     84.25%    passed     15.46%
   9  XP_032788034.1_Daphnia_magna     84.66%    passed      5.39%
  10  XP_032788037.1_Daphnia_magna     84.59%    passed      5.67%
  11  XP_021946758.1_Folsomia_candid   84.72%    passed     19.37%
  12  XP_021952145.1_Folsomia_candid   83.95%    passed     72.76%
  13  XP_021952675.1_Folsomia_candid   84.41%    passed     74.93%
  14  XP_021959021.1_Folsomia_candid   84.69%    passed     45.85%
  15  XP_021959023.1_Folsomia_candid   84.47%    passed     40.43%
  16  XP_021961403.1_Folsomia_candid   84.56%    passed      9.64%
  17  XP_021961902.1_Folsomia_candid   82.71%    passed     62.47%
  18  XP_021963506.1_Folsomia_candid   84.53%    passed     27.08%
  19  XP_021965237.1_Folsomia_candid   81.66%    failed      1.07%
  20  XP_021965239.1_Folsomia_candid   84.69%    passed     44.81%
  21  XP_021965243.1_Folsomia_candid   84.47%    passed     26.33%
  22  XP_021965263.1_Folsomia_candid   83.85%    passed     71.34%
  23  XP_021965305.1_Folsomia_candid   85.06%    passed     55.90%
  24  PSN34231.1_Blattella_germanica   91.20%    passed     79.83%
  25  PSN34232.1_Blattella_germanica   84.22%    passed     84.97%
  26  PSN35602.1_Blattella_germanica   89.75%    passed     66.84%
  27  PSN36756.1_Blattella_germanica   70.45%    failed      3.19%
  28  PSN48334.1_Blattella_germanica   39.27%    failed      0.00%
  29  PSN50028.1_Blattella_germanica   85.15%    passed     19.51%
  30  PSN50030.1_Blattella_germanica   87.84%    passed     99.00%
  31  XP_021923688.1_Zootermopsis_ne   67.15%    failed      3.29%
  32  XP_021923692.1_Zootermopsis_ne   85.89%    passed     80.74%
  33  XP_021923725.1_Zootermopsis_ne   68.76%    passed     12.99%
  34  XP_021923730.1_Zootermopsis_ne   82.87%    passed     46.29%
  35  XP_021932743.1_Zootermopsis_ne   67.40%    failed      0.09%
  36  XP_021937620.1_Zootermopsis_ne   81.41%    failed      0.00%
  37  XP_021942419.1_Zootermopsis_ne   83.11%    passed     22.03%
  38  XP_023715346.1_Cryptotermes_se   83.58%    passed     13.49%
  39  XP_023715347.1_Cryptotermes_se   84.32%    passed     31.04%
  40  XP_023717244.1_Cryptotermes_se   82.83%    passed     52.78%
  41  XP_023717252.2_Cryptotermes_se   84.13%    passed     33.38%
  42  XP_023721113.1_Cryptotermes_se   82.80%    passed     31.25%
  43  XP_023721122.1_Cryptotermes_se   85.30%    passed     95.49%
  44  XP_023723770.1_Cryptotermes_se   84.53%    passed     70.89%
  45  XP_023723772.1_Cryptotermes_se   84.62%    passed     52.97%
  46  XP_023723773.1_Cryptotermes_se   84.66%    passed     56.05%
  47  XP_023723774.1_Cryptotermes_se   84.69%    passed     11.96%
  48  XP_033609438.1_Cryptotermes_se   83.58%    passed     82.92%
  49  XP_033609442.1_Cryptotermes_se   65.45%    passed      8.09%
  50  XP_026273946.1_Frankliniella_o   76.13%    failed      0.00%
  51  XP_026277353.1_Frankliniella_o   82.49%    passed     11.11%
  52  XP_026277354.1_Frankliniella_o   82.56%    passed      9.47%
  53  XP_026279277.1_Frankliniella_o   86.45%    passed     79.54%
  54  XP_026279283.1_Frankliniella_o   78.60%    failed      0.00%
  55  XP_026289622.1_Frankliniella_o   83.51%    failed      0.07%
  56  XP_026292938.1_Frankliniella_o   83.88%    passed     13.42%
  57  XP_026683681.1_Diaphorina_citr   71.87%    failed      0.45%
  58  XP_027839519.1_Aphis_gossypii    85.61%    passed     75.96%
  59  XP_027839550.1_Aphis_gossypii    88.55%    passed     58.85%
  60  XP_027839553.1_Aphis_gossypii    84.41%    passed      5.37%
  61  XP_027839750.1_Aphis_gossypii    84.07%    passed      9.61%
  62  XP_001946492.1_Acyrthosiphon_p   85.27%    passed     74.90%
  63  XP_001952406.2_Acyrthosiphon_p   84.84%    passed     31.26%
  64  XP_008189705.2_Acyrthosiphon_p   90.55%    failed      3.22%
  65  XP_029345815.1_Acyrthosiphon_p   82.22%    passed     49.45%
  66  XP_022187263.1_Nilaparvata_lug   85.40%    passed     14.23%
  67  XP_022188302.1_Nilaparvata_lug   84.32%    passed     13.81%
  68  XP_014242467.1_Cimex_lectulari   85.46%    passed     35.59%
  69  XP_002426209.1_humanus_corpori   76.54%    failed      0.00%
  70  XP_015608814.1_Cephus_cinctus    84.32%    passed     28.72%
  71  XP_012287111.1_Orussus_abietin   84.59%    passed     90.68%
  72  XP_012287125.1_Orussus_abietin   84.59%    passed     76.56%
  73  XP_012287227.1_Orussus_abietin   84.78%    passed     56.46%
  74  XP_023289585.1_Orussus_abietin   87.62%    passed     85.84%
  75  XP_023289587.1_Orussus_abietin   87.62%    passed     85.84%
  76  NP_001136332.1_Nasonia_vitripe   84.66%    passed     31.88%
  77  XP_001600108.2_Nasonia_vitripe   84.84%    passed     56.71%
  78  XP_008213502.1_Nasonia_vitripe   84.59%    passed     69.72%
  79  XP_016842778.1_Nasonia_vitripe   84.47%    passed     18.35%
  80  XP_015181990.1_Polistes_dominu   84.13%    failed      0.32%
  81  XP_015182011.1_Polistes_dominu   84.32%    passed     15.48%
  82  XP_015182534.1_Polistes_dominu   83.64%    failed      0.10%
  83  XP_015191850.1_Polistes_dominu   84.32%    passed     15.48%
  84  XP_011135914.1_Harpegnathos_sa   83.17%    passed      9.74%
  85  XP_011144220.1_Harpegnathos_sa   84.25%    passed     55.46%
  86  XP_018054703.1_Atta_colombica    84.41%    passed     77.79%
  87  XP_011059477.1_Acromyrmex_echi   84.01%    passed     74.65%
  88  XP_015431062.1_Dufourea_novaea   84.81%    passed     35.69%
  89  XP_026296997.1_Apis_mellifera    84.69%    passed     30.26%
  90  XP_012174803.1_Bombus_terrestr   84.69%    passed     83.88%
  91  XP_018320177.1_Agrilus_planipe   84.87%    passed      7.22%
  92  XP_018320181.1_Agrilus_planipe   84.62%    failed      2.67%
  93  XP_018320182.1_Agrilus_planipe   84.66%    failed      0.40%
  94  XP_018320184.1_Agrilus_planipe   84.66%    failed      0.32%
  95  XP_018320185.1_Agrilus_planipe   84.69%    failed      4.33%
  96  XP_018320187.1_Agrilus_planipe   84.75%    passed      7.80%
  97  XP_018320189.2_Agrilus_planipe   84.66%    failed      1.87%
  98  XP_018320216.1_Agrilus_planipe   84.84%    passed     84.51%
  99  XP_018320224.1_Agrilus_planipe   83.85%    failed      2.82%
 100  XP_018320225.2_Agrilus_planipe   76.32%    passed      8.28%
 101  XP_018320233.1_Agrilus_planipe   84.50%    passed     12.98%
 102  XP_018320779.1_Agrilus_planipe   83.24%    failed      2.16%
 103  XP_018320791.1_Agrilus_planipe   82.96%    failed      1.27%
 104  XP_018321395.1_Agrilus_planipe   84.84%    passed     17.91%
 105  XP_018322931.1_Agrilus_planipe   85.12%    passed     76.88%
 106  XP_018330919.1_Agrilus_planipe   84.13%    passed     80.43%
 107  XP_018332984.1_Agrilus_planipe   84.81%    passed     23.46%
 108  XP_018335102.1_Agrilus_planipe   84.47%    passed     55.92%
 109  XP_025828881.1_Agrilus_planipe   84.78%    failed      4.75%
 110  XP_025828888.1_Agrilus_planipe   84.78%    passed     48.05%
 111  XP_025830222.1_Agrilus_planipe   84.50%    passed     15.15%
 112  XP_025830262.1_Agrilus_planipe   84.78%    passed     71.70%
 113  XP_025830269.1_Agrilus_planipe   84.56%    failed      0.85%
 114  XP_025830271.1_Agrilus_planipe   84.59%    passed     29.00%
 115  XP_025830272.1_Agrilus_planipe   84.66%    failed      1.87%
 116  XP_025830274.1_Agrilus_planipe   84.87%    passed     19.42%
 117  XP_025830317.1_Agrilus_planipe   80.02%    failed      3.08%
 118  XP_025835611.1_Agrilus_planipe   83.48%    failed      2.26%
 119  XP_025835618.1_Agrilus_planipe   82.71%    failed      0.00%
 120  XP_022906938.1_Onthophagus_tau   84.59%    passed     12.57%
 121  XP_022913989.1_Onthophagus_tau   83.51%    passed     51.66%
 122  XP_022913991.1_Onthophagus_tau   83.61%    failed      0.99%
 123  XP_022913994.1_Onthophagus_tau   83.70%    failed      4.60%
 124  XP_022913995.1_Onthophagus_tau   83.79%    failed      0.51%
 125  XP_022915096.1_Onthophagus_tau   84.19%    passed     99.52%
 126  XP_022915458.1_Onthophagus_tau   84.66%    passed     21.64%
 127  XP_022915568.1_Onthophagus_tau   83.85%    passed      6.01%
 128  XP_022915650.1_Onthophagus_tau   84.66%    passed     42.41%
 129  XP_022915744.1_Onthophagus_tau   84.66%    passed     22.40%
 130  XP_022915768.1_Onthophagus_tau   84.56%    passed     67.15%
 131  XP_022917213.1_Onthophagus_tau   84.22%    passed     75.12%
 132  XP_022917226.1_Onthophagus_tau   84.62%    passed     60.93%
 133  XP_017770832.1_Nicrophorus_ves   83.05%    passed     37.59%
 134  XP_017774277.1_Nicrophorus_ves   82.62%    passed     45.17%
 135  XP_017775985.1_Nicrophorus_ves   84.19%    passed     21.30%
 136  XP_017782121.1_Nicrophorus_ves   83.54%    passed     39.24%
 137  XP_017782709.1_Nicrophorus_ves   84.72%    passed     38.35%
 138  XP_017782710.1_Nicrophorus_ves   85.21%    passed     38.99%
 139  XP_008195643.1_Tribolium_casta   84.72%    passed     60.03%
 140  XP_008195645.1_Tribolium_casta   84.72%    passed     78.37%
 141  XP_015837060.1_Tribolium_casta   68.91%    failed      0.01%
 142  XP_015837080.1_Tribolium_casta   84.81%    passed     83.10%
 143  XP_966332.1_Tribolium_castaneu   84.81%    failed      3.71%
 144  XP_968318.1_Tribolium_castaneu   84.66%    passed     23.28%
 145  XP_970224.1_Tribolium_castaneu   85.00%    passed     13.18%
 146  XP_972032.1_Tribolium_castaneu   84.62%    passed     25.30%
 147  XP_972082.1_Tribolium_castaneu   84.75%    passed     65.57%
 148  XP_972134.1_Tribolium_castaneu   84.75%    passed     47.91%
 149  XP_972182.1_Tribolium_castaneu   85.09%    passed     36.14%
 150  XP_972386.3_Tribolium_castaneu   84.53%    passed     92.18%
 151  XP_975666.1_Tribolium_castaneu   84.50%    passed     43.19%
 152  XP_018564640.1_Anoplophora_gla   84.75%    passed     51.37%
 153  XP_018565386.1_Anoplophora_gla   84.50%    failed      2.50%
 154  XP_018565412.1_Anoplophora_gla   83.42%    passed     14.13%
 155  XP_018565413.1_Anoplophora_gla   84.75%    passed     82.37%
 156  XP_018565416.1_Anoplophora_gla   83.61%    passed     40.57%
 157  XP_018565422.1_Anoplophora_gla   84.75%    passed     20.21%
 158  XP_018565423.1_Anoplophora_gla   84.75%    passed     19.49%
 159  XP_018565424.1_Anoplophora_gla   81.32%    failed      0.00%
 160  XP_018565428.1_Anoplophora_gla   83.73%    failed      4.84%
 161  XP_018565434.1_Anoplophora_gla   82.40%    failed      0.86%
 162  XP_018565435.1_Anoplophora_gla   83.73%    passed     15.46%
 163  XP_018565438.1_Anoplophora_gla   84.29%    passed     85.83%
 164  XP_018565439.1_Anoplophora_gla   84.78%    passed     63.47%
 165  XP_018567960.1_Anoplophora_gla   84.78%    failed      1.02%
 166  XP_018567975.1_Anoplophora_gla   84.75%    passed     50.56%
 167  XP_018568746.1_Anoplophora_gla   84.62%    passed     60.04%
 168  XP_018568748.1_Anoplophora_gla   84.75%    passed     38.50%
 169  XP_018568749.1_Anoplophora_gla   84.75%    passed     40.67%
 170  XP_018568750.1_Anoplophora_gla   84.75%    passed     44.67%
 171  XP_018570324.1_Anoplophora_gla   84.81%    passed     99.13%
 172  XP_018570851.1_Anoplophora_gla   84.75%    passed     45.32%
 173  XP_018571131.1_Anoplophora_gla   84.53%    failed      4.15%
 174  XP_018571865.1_Anoplophora_gla   84.78%    passed     44.15%
 175  XP_018572133.1_Anoplophora_gla   84.75%    passed     57.61%
 176  XP_018573206.1_Anoplophora_gla   84.75%    passed     76.66%
 177  XP_018573214.1_Anoplophora_gla   84.78%    passed     74.52%
 178  XP_018573472.1_Anoplophora_gla   86.23%    passed     38.94%
 179  XP_018573475.1_Anoplophora_gla   84.78%    passed     85.63%
 180  XP_018573476.1_Anoplophora_gla   84.78%    passed     87.05%
 181  XP_018573477.2_Anoplophora_gla   69.06%    passed     32.77%
 182  XP_018573524.1_Anoplophora_gla   84.75%    passed     76.11%
 183  XP_018573699.1_Anoplophora_gla   84.78%    failed      3.34%
 184  XP_018573700.1_Anoplophora_gla   84.81%    passed      8.11%
 185  XP_018575352.1_Anoplophora_gla   84.75%    passed     38.04%
 186  XP_018576585.1_Anoplophora_gla   84.50%    passed     18.94%
 187  XP_023310604.1_Anoplophora_gla   85.86%    passed     60.56%
 188  XP_023310664.1_Anoplophora_gla   84.75%    passed     62.07%
 189  XP_023311341.1_Anoplophora_gla   84.81%    passed     89.84%
 190  XP_023311342.1_Anoplophora_gla   84.78%    passed     87.04%
 191  XP_023311344.1_Anoplophora_gla   69.31%    passed     24.42%
 192  XP_023311495.1_Anoplophora_gla   84.78%    passed     85.02%
 193  XP_023311712.1_Anoplophora_gla   85.00%    passed     91.09%
 194  XP_023312165.1_Anoplophora_gla   90.95%    passed     84.14%
 195  XP_023312869.1_Anoplophora_gla   84.78%    passed     64.06%
 196  XP_028129562.1_virgifera_virgi   85.52%    passed     21.01%
 197  XP_028132061.1_virgifera_virgi   85.03%    passed     28.70%
 198  XP_028132800.1_virgifera_virgi   84.62%    passed     64.22%
 199  XP_028132801.1_virgifera_virgi   84.69%    passed     73.55%
 200  XP_028132802.1_virgifera_virgi   84.72%    passed     66.75%
 201  XP_028132804.1_virgifera_virgi   83.98%    passed     31.73%
 202  XP_028132805.1_virgifera_virgi   84.19%    passed     53.21%
 203  XP_028132806.1_virgifera_virgi   81.38%    passed     42.11%
 204  XP_028133139.1_virgifera_virgi   84.47%    passed     54.60%
 205  XP_028133140.1_virgifera_virgi   84.66%    passed     78.66%
 206  XP_028134781.1_virgifera_virgi   84.29%    passed     63.87%
 207  XP_028137807.1_virgifera_virgi   84.66%    passed     22.25%
 208  XP_028138419.1_virgifera_virgi   87.77%    passed     55.14%
 209  XP_028139019.1_virgifera_virgi   84.10%    passed     52.27%
 210  XP_028139020.1_virgifera_virgi   86.11%    passed     41.29%
 211  XP_028139021.1_virgifera_virgi   83.73%    passed     52.65%
 212  XP_028139023.1_virgifera_virgi   84.16%    passed     14.04%
 213  XP_028142169.1_virgifera_virgi   84.35%    passed     81.84%
 214  XP_028142171.1_virgifera_virgi   69.50%    passed      8.35%
 215  XP_028142751.1_virgifera_virgi   78.14%    passed     14.23%
 216  XP_028143930.1_virgifera_virgi   84.69%    passed     27.22%
 217  XP_028145693.1_virgifera_virgi   84.66%    passed     52.41%
 218  XP_028146876.1_virgifera_virgi   84.96%    passed     70.61%
 219  XP_028146915.1_virgifera_virgi   84.50%    passed     38.62%
 220  XP_028146916.1_virgifera_virgi   84.96%    passed     26.63%
 221  XP_028149029.1_virgifera_virgi   83.48%    passed     42.88%
 222  XP_028149430.1_virgifera_virgi   84.62%    passed     52.80%
 223  XP_028151147.1_virgifera_virgi   89.07%    passed     30.96%
 224  XP_028153050.1_virgifera_virgi   85.12%    passed     30.38%
 225  XP_030752208.1_Sitophilus_oryz   84.13%    passed     17.54%
 226  XP_030752209.1_Sitophilus_oryz   84.32%    passed     20.63%
 227  XP_030752211.1_Sitophilus_oryz   84.35%    passed     54.65%
 228  XP_030753323.1_Sitophilus_oryz   70.92%    failed      1.16%
 229  XP_030753325.1_Sitophilus_oryz   68.88%    failed      0.12%
 230  XP_030753399.1_Sitophilus_oryz   84.81%    passed     14.92%
 231  XP_030753401.1_Sitophilus_oryz   85.09%    passed      6.09%
 232  XP_030754216.1_Sitophilus_oryz   86.14%    passed     71.99%
 233  XP_030754217.1_Sitophilus_oryz   84.69%    passed      9.42%
 234  XP_030767112.1_Sitophilus_oryz   85.09%    passed     12.47%
 235  XP_030767119.1_Sitophilus_oryz   85.21%    passed     23.68%
 236  XP_019754716.1_Dendroctonus_po   88.39%    passed     84.87%
 237  XP_019755616.1_Dendroctonus_po   84.66%    passed     10.66%
 238  XP_019755904.1_Dendroctonus_po   84.41%    passed     52.90%
 239  XP_019755905.1_Dendroctonus_po   84.59%    passed     17.62%
 240  XP_019755906.1_Dendroctonus_po   85.06%    passed      8.17%
 241  XP_019755907.1_Dendroctonus_po   85.03%    passed      8.44%
 242  XP_019755936.1_Dendroctonus_po   83.82%    passed     71.94%
 243  XP_019756934.1_Dendroctonus_po   90.06%    passed      6.62%
 244  XP_019756936.1_Dendroctonus_po   85.43%    passed      5.33%
 245  XP_019757500.1_Dendroctonus_po   83.98%    passed     25.08%
 246  XP_019757617.1_Dendroctonus_po   86.94%    passed      5.66%
 247  XP_019757624.1_Dendroctonus_po   85.00%    failed      1.62%
 248  XP_019758264.1_Dendroctonus_po   84.62%    passed     20.41%
 249  XP_019761744.1_Dendroctonus_po   83.98%    passed     67.55%
 250  XP_019764449.1_Dendroctonus_po   84.66%    failed      1.33%
 251  XP_019764511.1_Dendroctonus_po   84.90%    passed      6.79%
 252  XP_019764512.1_Dendroctonus_po   85.03%    passed     39.05%
 253  XP_019764591.1_Dendroctonus_po   84.56%    passed     24.30%
 254  XP_019764592.1_Dendroctonus_po   84.72%    passed     10.63%
 255  XP_019764658.1_Dendroctonus_po   84.62%    passed     51.34%
 256  XP_019764667.1_Dendroctonus_po   85.55%    passed     42.03%
 257  XP_019766466.1_Dendroctonus_po   84.93%    passed     16.94%
 258  XP_019772434.1_Dendroctonus_po   90.09%    passed     11.86%
 259  XP_011548449.1_Plutella_xylost   84.32%    passed     38.31%
 260  XP_011548743.1_Plutella_xylost   72.95%    failed      0.86%
 261  XP_011548965.1_Plutella_xylost   83.95%    passed     42.00%
 262  XP_011551788.1_Plutella_xylost   84.62%    passed     86.75%
 263  XP_011553997.1_Plutella_xylost   84.13%    passed     20.56%
 264  XP_011554237.1_Plutella_xylost   83.85%    passed     56.22%
 265  XP_011554532.1_Plutella_xylost   85.77%    passed     14.62%
 266  XP_011556095.1_Plutella_xylost   83.85%    passed     61.57%
 267  XP_011557578.1_Plutella_xylost   84.41%    passed     56.47%
 268  XP_011558678.1_Plutella_xylost   84.38%    passed     34.82%
 269  XP_011559164.1_Plutella_xylost   83.33%    passed     18.50%
 270  XP_011559165.1_Plutella_xylost   83.02%    passed     36.19%
 271  XP_011560971.1_Plutella_xylost   83.48%    passed     33.10%
 272  XP_011560972.1_Plutella_xylost   83.48%    passed     31.10%
 273  XP_011560990.1_Plutella_xylost   84.62%    passed     16.26%
 274  XP_011561511.1_Plutella_xylost   86.72%    passed     71.13%
 275  XP_011563308.1_Plutella_xylost   84.47%    passed     76.22%
 276  XP_011564248.1_Plutella_xylost   84.62%    passed     84.26%
 277  XP_011566332.1_Plutella_xylost   85.30%    passed     12.23%
 278  XP_011566720.1_Plutella_xylost   85.37%    passed     18.69%
 279  XP_011567270.1_Plutella_xylost   88.02%    passed     20.05%
 280  XP_011567357.1_Plutella_xylost   76.54%    failed      0.00%
 281  XP_011567408.1_Plutella_xylost   89.53%    passed     57.29%
 282  XP_011567669.1_Plutella_xylost   84.10%    passed     46.65%
 283  XP_011569365.1_Plutella_xylost   84.29%    passed     24.55%
 284  XP_014362015.1_Papilio_machaon   68.60%    failed      2.11%
 285  XP_014362016.1_Papilio_machaon   63.88%    failed      0.82%
 286  XP_014362018.1_Papilio_machaon   68.14%    passed      6.69%
 287  XP_014362019.1_Papilio_machaon   68.51%    failed      1.92%
 288  XP_014362958.1_Papilio_machaon   83.61%    passed      5.62%
 289  XP_014364862.1_Papilio_machaon   84.41%    passed     24.50%
 290  XP_014364917.1_Papilio_machaon   83.91%    passed     85.43%
 291  XP_014364994.1_Papilio_machaon   84.72%    failed      2.38%
 292  XP_014366706.1_Papilio_machaon   83.88%    passed     40.34%
 293  XP_014366709.1_Papilio_machaon   84.16%    passed     12.78%
 294  XP_014367000.1_Papilio_machaon   84.44%    passed     91.53%
 295  XP_014367803.1_Papilio_machaon   85.83%    passed     47.90%
 296  XP_014367804.1_Papilio_machaon   87.16%    passed     69.44%
 297  XP_014367814.1_Papilio_machaon   87.62%    passed     62.22%
 298  XP_014370888.1_Papilio_machaon   87.50%    passed     80.45%
 299  XP_014371456.1_Papilio_machaon   82.77%    passed     64.49%
 300  XP_032510674.1_plexippus_plexi   86.94%    passed     83.23%
 301  XP_032513180.1_plexippus_plexi   83.88%    passed     67.14%
 302  XP_032523485.1_plexippus_plexi   84.01%    passed     69.54%
 303  XP_032523499.1_plexippus_plexi   86.11%    passed     75.41%
 304  XP_032523501.1_plexippus_plexi   84.66%    passed     64.40%
 305  XP_032523523.1_plexippus_plexi   84.62%    passed     21.17%
 306  XP_032523527.1_plexippus_plexi   84.50%    passed     49.37%
 307  XP_032523564.1_plexippus_plexi   86.11%    passed     72.06%
 308  XP_032523585.1_plexippus_plexi   85.12%    passed     39.43%
 309  XP_032525939.1_plexippus_plexi   84.13%    passed     15.24%
 310  XP_032526253.1_plexippus_plexi   88.27%    passed     21.96%
 311  XP_032527041.1_plexippus_plexi   83.67%    passed     16.45%
 312  XP_032528982.1_plexippus_plexi   84.44%    passed     82.15%
 313  XP_032529516.1_plexippus_plexi   68.79%    failed      1.74%
 314  XP_032529517.1_plexippus_plexi   89.16%    passed     54.31%
 315  XP_032529519.1_plexippus_plexi   68.91%    failed      4.05%
 316  XP_032530179.1_plexippus_plexi   84.32%    passed     82.69%
 317  XP_023934074.1_Bicyclus_anynan   81.78%    passed     48.92%
 318  XP_023935446.1_Bicyclus_anynan   84.41%    passed     81.57%
 319  XP_023935450.1_Bicyclus_anynan   84.41%    passed     78.43%
 320  XP_023935452.1_Bicyclus_anynan   84.35%    passed     76.65%
 321  XP_023935490.1_Bicyclus_anynan   84.38%    passed     89.31%
 322  XP_023935495.1_Bicyclus_anynan   84.41%    passed     97.08%
 323  XP_023935498.1_Bicyclus_anynan   83.42%    passed     52.06%
 324  XP_023936329.1_Bicyclus_anynan   83.61%    passed     97.11%
 325  XP_023936365.1_Bicyclus_anynan   66.63%    failed      3.27%
 326  XP_023941626.1_Bicyclus_anynan   84.62%    passed     90.64%
 327  XP_023947340.1_Bicyclus_anynan   68.72%    passed     10.84%
 328  XP_023947354.1_Bicyclus_anynan   68.88%    passed      7.03%
 329  XP_023948567.1_Bicyclus_anynan   87.43%    passed     94.19%
 330  XP_023948571.1_Bicyclus_anynan   84.01%    passed     84.02%
 331  XP_023948991.1_Bicyclus_anynan   83.95%    passed     26.09%
 332  XP_023949451.1_Bicyclus_anynan   85.03%    passed     88.99%
 333  XP_023949452.1_Bicyclus_anynan   68.14%    passed     15.19%
 334  XP_023950089.1_Bicyclus_anynan   85.12%    passed     55.82%
 335  XP_023950607.1_Bicyclus_anynan   82.83%    passed     65.86%
 336  XP_023951152.1_Bicyclus_anynan   85.98%    passed     64.67%
 337  XP_023951871.1_Bicyclus_anynan   83.70%    passed     11.61%
 338  XP_023952311.1_Bicyclus_anynan   83.42%    passed     16.19%
 339  XP_023952689.1_Bicyclus_anynan   84.50%    passed     93.65%
 340  XP_023952790.1_Bicyclus_anynan   83.54%    passed     28.65%
 341  XP_023952801.1_Bicyclus_anynan   85.21%    passed     60.42%
 342  XP_023953337.1_Bicyclus_anynan   84.44%    passed     57.75%
 343  XP_023953689.1_Bicyclus_anynan   90.98%    passed     91.43%
 344  XP_026313554.1_Hyposmocoma_kah   68.20%    passed     28.59%
 345  XP_026316492.1_Hyposmocoma_kah   84.81%    passed     54.49%
 346  XP_026319443.1_Hyposmocoma_kah   83.58%    passed     46.61%
 347  XP_026319716.1_Hyposmocoma_kah   91.51%    passed     91.18%
 348  XP_026319979.1_Hyposmocoma_kah   84.19%    passed     18.47%
 349  XP_026320223.1_Hyposmocoma_kah   84.59%    passed     62.16%
 350  XP_026322188.1_Hyposmocoma_kah   89.97%    passed     98.80%
 351  XP_026322239.1_Hyposmocoma_kah   83.17%    passed     24.35%
 352  XP_026322901.1_Hyposmocoma_kah   84.22%    failed      3.68%
 353  XP_026323140.1_Hyposmocoma_kah   83.58%    passed     24.47%
 354  XP_026323169.1_Hyposmocoma_kah   84.04%    passed     84.38%
 355  XP_026324189.1_Hyposmocoma_kah   68.76%    passed      5.05%
 356  XP_026324190.1_Hyposmocoma_kah   82.83%    passed     93.24%
 357  XP_026324191.1_Hyposmocoma_kah   68.23%    failed      1.76%
 358  XP_026331740.1_Hyposmocoma_kah   88.36%    passed     49.83%
 359  XP_026754137.1_Galleria_mellon   84.50%    passed     83.27%
 360  XP_026754269.1_Galleria_mellon   84.22%    passed     16.95%
 361  XP_026755414.1_Galleria_mellon   83.70%    passed     86.65%
 362  XP_026756863.1_Galleria_mellon   84.19%    passed     69.19%
 363  XP_026757122.1_Galleria_mellon   68.05%    passed     11.97%
 364  XP_026758988.2_Galleria_mellon   84.47%    passed     80.72%
 365  XP_026759049.1_Galleria_mellon   83.67%    failed      1.43%
 366  XP_026762202.1_Galleria_mellon   84.56%    passed     23.91%
 367  XP_026764169.1_Galleria_mellon   84.41%    passed     69.62%
 368  XP_031763669.1_Galleria_mellon   69.03%    failed      0.88%
 369  XP_031763958.1_Galleria_mellon   85.18%    passed     25.52%
 370  XP_031768072.1_Galleria_mellon   72.99%    failed      1.44%
 371  XP_031768073.1_Galleria_mellon   71.72%    passed     46.76%
 372  XP_031768866.1_Galleria_mellon   89.29%    passed     88.18%
 373  XP_013182836.1_Amyelois_transi   84.07%    passed     82.67%
 374  XP_013185165.1_Amyelois_transi   84.44%    passed     61.86%
 375  XP_013188038.1_Amyelois_transi   84.44%    passed     95.18%
 376  XP_013188067.1_Amyelois_transi   84.01%    passed     66.45%
 377  XP_013189559.1_Amyelois_transi   68.60%    failed      1.64%
 378  XP_013190175.1_Amyelois_transi   83.91%    passed     84.75%
 379  XP_013193075.1_Amyelois_transi   84.35%    passed     91.88%
 380  XP_013194175.1_Amyelois_transi   84.25%    passed     82.79%
 381  XP_013194729.1_Amyelois_transi   83.61%    failed      4.37%
 382  XP_013200045.1_Amyelois_transi   83.17%    passed     41.45%
 383  XP_013200053.1_Amyelois_transi   82.99%    passed     45.06%
 384  XP_013201179.1_Amyelois_transi   67.77%    passed     31.05%
 385  XP_021183317.1_Helicoverpa_arm   84.53%    passed     53.44%
 386  XP_021186007.1_Helicoverpa_arm   84.25%    passed     58.59%
 387  XP_021191415.1_Helicoverpa_arm   83.85%    passed     97.25%
 388  XP_021191417.1_Helicoverpa_arm   84.32%    passed     82.07%
 389  XP_021191446.1_Helicoverpa_arm   68.94%    passed     39.49%
 390  XP_021191447.1_Helicoverpa_arm   68.29%    passed     10.63%
 391  XP_021194049.1_Helicoverpa_arm   84.32%    passed     76.64%
 392  XP_021194593.1_Helicoverpa_arm   84.53%    passed     77.60%
 393  XP_021194605.1_Helicoverpa_arm   84.29%    passed     57.35%
 394  XP_021196645.1_Helicoverpa_arm   84.29%    passed     34.47%
 395  XP_021196646.1_Helicoverpa_arm   83.98%    passed     10.38%
 396  XP_021196985.1_Helicoverpa_arm   83.95%    passed     76.87%
 397  XP_021197047.1_Helicoverpa_arm   84.78%    passed     82.61%
 398  XP_021197058.1_Helicoverpa_arm   84.66%    passed     81.54%
 399  XP_021197062.1_Helicoverpa_arm   84.90%    passed     20.08%
 400  XP_021197068.1_Helicoverpa_arm   72.28%    passed     17.60%
 401  XP_021200129.1_Helicoverpa_arm   84.41%    passed     51.08%
 402  XP_021200470.1_Helicoverpa_arm   83.67%    failed      3.12%
 403  XP_021200637.1_Helicoverpa_arm   83.76%    passed     40.38%
 404  XP_021200721.1_Helicoverpa_arm   83.85%    passed     47.44%
 405  XP_022818242.1_Spodoptera_litu   84.66%    passed     63.75%
 406  XP_022818244.1_Spodoptera_litu   84.69%    passed     27.96%
 407  XP_022818247.1_Spodoptera_litu   84.62%    passed     63.43%
 408  XP_022818485.1_Spodoptera_litu   85.55%    passed     72.79%
 409  XP_022818653.1_Spodoptera_litu   84.69%    passed     23.63%
 410  XP_022818654.1_Spodoptera_litu   84.56%    passed     53.41%
 411  XP_022818655.1_Spodoptera_litu   69.34%    passed     38.94%
 412  XP_022820790.1_Spodoptera_litu   84.25%    passed     86.29%
 413  XP_022821775.1_Spodoptera_litu   84.38%    passed     67.00%
 414  XP_022822385.1_Spodoptera_litu   84.59%    passed     89.81%
 415  XP_022822475.1_Spodoptera_litu   83.64%    passed      6.79%
 416  XP_022825294.1_Spodoptera_litu   83.88%    passed     38.96%
 417  XP_022825432.1_Spodoptera_litu   84.16%    passed     46.68%
 418  XP_022827201.1_Spodoptera_litu   68.69%    passed     20.66%
 419  XP_022827202.1_Spodoptera_litu   66.32%    passed     25.38%
 420  XP_022827203.1_Spodoptera_litu   66.78%    passed     11.82%
 421  XP_022827260.1_Spodoptera_litu   84.38%    passed     80.05%
 422  XP_022827446.1_Spodoptera_litu   84.41%    passed     24.66%
 423  XP_022827475.1_Spodoptera_litu   83.27%    passed     20.42%
 424  XP_022827607.1_Spodoptera_litu   83.98%    passed     20.84%
 425  XP_022830560.1_Spodoptera_litu   83.82%    passed     18.70%
 426  XP_022833294.1_Spodoptera_litu   90.80%    passed     62.74%
 427  XP_022833531.1_Spodoptera_litu   90.89%    passed     30.53%
 428  XP_022833696.1_Spodoptera_litu   85.12%    passed     23.43%
 429  XP_022833742.1_Spodoptera_litu   86.54%    passed     28.76%
 430  XP_022833751.1_Spodoptera_litu   85.30%    passed     22.34%
 431  XP_022833797.1_Spodoptera_litu   84.07%    failed      0.11%
 432  XP_022833843.1_Spodoptera_litu   85.06%    passed     44.77%
 433  XP_022833885.1_Spodoptera_litu   85.12%    passed     16.34%
 434  XP_022835024.1_Spodoptera_litu   85.27%    passed      6.53%
 435  XP_022835647.1_Spodoptera_litu   85.71%    failed      3.20%
 436  XP_028026026.1_Bombyx_mandarin   83.91%    passed     62.78%
 437  XP_028028070.1_Bombyx_mandarin   84.35%    passed     56.01%
 438  XP_028028071.1_Bombyx_mandarin   84.35%    passed     36.61%
 439  XP_028028072.1_Bombyx_mandarin   84.35%    passed     48.81%
 440  XP_028028205.1_Bombyx_mandarin   84.22%    passed     66.79%
 441  XP_028029940.1_Bombyx_mandarin   84.81%    passed     19.95%
 442  XP_028029942.1_Bombyx_mandarin   85.18%    failed      2.36%
 443  XP_028029973.1_Bombyx_mandarin   84.35%    passed     76.45%
 444  XP_028029974.1_Bombyx_mandarin   84.32%    passed     89.07%
 445  XP_028030232.1_Bombyx_mandarin   72.06%    passed      8.37%
 446  XP_028035150.1_Bombyx_mandarin   83.67%    passed     46.92%
 447  XP_028036753.1_Bombyx_mandarin   87.31%    passed     64.54%
 448  XP_028036762.1_Bombyx_mandarin   85.06%    passed     59.41%
 449  XP_028036782.1_Bombyx_mandarin   83.67%    passed     59.72%
 450  XP_028037389.1_Bombyx_mandarin   83.82%    passed     56.48%
 451  XP_028037411.1_Bombyx_mandarin   85.52%    passed     67.09%
 452  XP_028038643.1_Bombyx_mandarin   85.09%    passed     60.56%
 453  XP_028040485.1_Bombyx_mandarin   85.03%    passed      5.46%
 454  XP_028040808.1_Bombyx_mandarin   84.44%    passed     78.53%
 455  XP_028043691.1_Bombyx_mandarin   84.41%    passed     34.53%
 456  XP_028043767.1_Bombyx_mandarin   84.38%    passed     61.75%
 457  XP_030020991.1_Manduca_sexta     84.44%    passed     63.29%
 458  XP_030025072.1_Manduca_sexta     55.91%    failed      0.06%
 459  XP_030025073.1_Manduca_sexta     68.69%    passed     31.31%
 460  XP_030026236.1_Manduca_sexta     83.91%    passed     60.06%
 461  XP_030026240.1_Manduca_sexta     84.87%    passed     27.47%
 462  XP_030026255.1_Manduca_sexta     84.84%    passed     59.65%
 463  XP_030026258.1_Manduca_sexta     84.87%    passed     82.99%
 464  XP_030026260.1_Manduca_sexta     83.88%    passed     91.04%
 465  XP_030026263.1_Manduca_sexta     84.75%    passed     32.57%
 466  XP_030026264.1_Manduca_sexta     69.59%    passed     22.65%
 467  XP_030026265.1_Manduca_sexta     85.18%    passed     92.18%
 468  XP_030026267.1_Manduca_sexta     84.93%    passed     71.30%
 469  XP_030026270.1_Manduca_sexta     84.56%    passed     66.69%
 470  XP_030026885.1_Manduca_sexta     83.67%    passed     11.86%
 471  XP_030029896.1_Manduca_sexta     84.19%    passed     23.13%
 472  XP_030032537.1_Manduca_sexta     84.59%    passed     73.44%
 473  XP_030032559.1_Manduca_sexta     84.62%    passed     77.11%
 474  XP_030032573.1_Manduca_sexta     84.62%    passed     98.68%
 475  XP_030033142.1_Manduca_sexta     84.16%    passed     36.33%
 476  XP_030035516.1_Manduca_sexta     67.98%    failed      0.21%
 477  XP_030037279.1_Manduca_sexta     84.41%    passed     85.10%
 478  XP_030037524.1_Manduca_sexta     84.35%    passed     38.71%
 479  XP_030037804.1_Manduca_sexta     84.16%    passed     23.78%
 480  XP_030039701.1_Manduca_sexta     92.84%    passed     89.33%
 481  XP_030041345.1_Manduca_sexta     83.98%    passed     72.77%
 482  XP_001850318.1_Culex_quinquefa   71.60%    passed     38.48%
 483  XP_001850319.1_Culex_quinquefa   83.51%    passed     87.29%
 484  XP_001850320.1_Culex_quinquefa   83.58%    passed     84.68%
 485  XP_001850321.1_Culex_quinquefa   82.40%    failed      0.38%
 486  XP_001864161.1_Culex_quinquefa   83.98%    passed      8.05%
 487  XP_001864465.1_Culex_quinquefa   84.25%    failed      4.39%
 488  XP_001864466.1_Culex_quinquefa   85.27%    failed      0.14%
 489  XP_001650340.2_Aedes_aegypti     83.67%    passed     95.55%
 490  XP_001650404.2_Aedes_aegypti     83.82%    passed     22.92%
 491  XP_001659854.2_Aedes_aegypti     86.29%    passed     88.69%
 492  XP_021694990.1_Aedes_aegypti     83.98%    failed      4.02%
 493  XP_021698828.1_Aedes_aegypti     82.03%    failed      0.98%
 494  XP_021698830.1_Aedes_aegypti     83.54%    passed     92.31%
 495  XP_021698831.1_Aedes_aegypti     83.58%    passed     78.91%
 496  XP_001237813.1_str._PEST         84.41%    passed     73.47%
 497  XP_310611.5_str._PEST            83.39%    failed      0.00%
 498  XP_316460.3_str._PEST            83.17%    passed     16.81%
 499  XP_316461.3_str._PEST            84.41%    passed     48.01%
 500  XP_557098.2_str._PEST            83.11%    passed     37.93%
 501  XP_557100.2_str._PEST            82.56%    passed     58.57%
 502  NP_648918.1_Drosophila_melanog   83.30%    passed     33.18%
 503  XP_017461585.1_Rhagoletis_zeph   92.71%    passed     99.78%
 504  XP_017465109.1_Rhagoletis_zeph   84.66%    passed     87.71%
 505  XP_017483824.1_Rhagoletis_zeph   82.87%    passed     74.50%
 506  XP_017484266.1_Rhagoletis_zeph   88.76%    passed     71.28%
 507  NP_001295947.1_Musca_domestica   84.62%    passed     46.27%
 508  XP_005191668.2_Musca_domestica   91.08%    passed     69.51%
WARNING: 507 sequences contain more than 50% gaps/ambiguity
****  TOTAL                            83.11%  73 sequences failed composition chi2 test (p-value<5%; df=19)
NOTE: XP_023289587.1_Orussus_abietin is identical to XP_023289585.1_Orussus_abietin but kept for subsequent analysis
NOTE: XP_015191850.1_Polistes_dominu is identical to XP_015182011.1_Polistes_dominu but kept for subsequent analysis
NOTE: XP_025830272.1_Agrilus_planipe is identical to XP_018320189.2_Agrilus_planipe but kept for subsequent analysis

NOTE: Restoring information from model checkpoint file output.model.gz

CHECKPOINT: Initial tree restored
Perform fast likelihood tree search using LG+I+G model...
CHECKPOINT: Tree restored, LogL: -341462.808
NOTE: ModelFinder requires 1479 MB RAM!
ModelFinder will test up to 546 protein models (sample size: 3239) ...
 No. Model         -LnL         df  AIC          AICc         BIC
  1  LG            360048.443   1013 722122.886   723046.196   728284.985
  2  LG+I          359818.621   1014 721665.242   722590.791   727833.425
  3  LG+G4         341107.827   1014 684243.654   685169.202   690411.836
  4  LG+I+G4       341089.940   1015 684209.880   685137.671   690384.145
  5  LG+R2         345465.374   1015 692960.749   693888.540   699135.014
  6  LG+R3         342272.696   1017 686579.393   687511.681   692765.824
  7  LG+R4         340887.844   1019 683813.688   684750.488   690012.285
  8  LG+R5         340342.865   1021 682727.731   683669.059   688938.494
  9  LG+R6         340120.496   1023 682286.991   683232.862   688509.920
 10  LG+R7         339983.999   1025 682017.999   682968.428   688253.094
 11  LG+R8         339926.098   1027 681906.197   682861.200   688153.458
 12  LG+R9         339891.883   1029 681841.767   682801.360   688101.194
 13  LG+R10        339888.005   1031 681838.011   682802.208   688109.604
 25  LG+F+R9       340746.051   1048 683588.101   684592.075   689963.106
 26  LG+F+R10      340706.321   1050 683512.641   684521.371   689899.812
 38  WAG+R9        340422.157   1029 682902.314   683861.907   689161.742
 39  WAG+R10       340422.179   1031 682906.358   683870.556   689177.952
 51  WAG+F+R9      340610.103   1048 683316.206   684320.180   689691.211
 52  WAG+F+R10     340603.021   1050 683306.042   684314.772   689693.213
 64  JTT+R9        342778.021   1029 687614.042   688573.635   693873.469
 65  JTT+R10       342743.294   1031 687548.588   688512.786   693820.182
 77  JTT+F+R9      342705.872   1048 687507.744   688511.719   693882.749
 78  JTT+F+R10     342666.207   1050 687432.415   688441.144   693819.586
 90  JTTDCMut+R9   342677.445   1029 687412.890   688372.483   693672.317
 91  JTTDCMut+R10  342642.403   1031 687346.805   688311.003   693618.399
103  JTTDCMut+F+R9 342623.650   1048 687343.300   688347.274   693718.304
104  JTTDCMut+F+R10 342583.855   1050 687267.709   688276.439   693654.880
116  DCMut+R9      345890.073   1029 693838.146   694797.738   700097.573
117  DCMut+R10     345886.742   1031 693835.484   694799.682   700107.078
129  DCMut+F+R9    344504.134   1048 691104.267   692108.242   697479.272
130  DCMut+F+R10   344490.219   1050 691080.437   692089.166   697467.608
142  VT+R9         340598.740   1029 683255.480   684215.072   689514.907
143  VT+R10        340598.474   1031 683258.949   684223.146   689530.542
155  VT+F+R9       341139.028   1048 684374.057   685378.031   690749.061
156  VT+F+R10      341138.845   1050 684377.691   685386.420   690764.862
168  PMB+R9        342194.374   1029 686446.748   687406.341   692706.175
169  PMB+R10       342186.578   1031 686435.156   687399.353   692706.749
181  PMB+F+R9      342785.347   1048 687666.694   688670.669   694041.699
182  PMB+F+R10     342777.241   1050 687654.481   688663.211   694041.652
194  Blosum62+R9   341906.912   1029 685871.825   686831.417   692131.252
195  Blosum62+R10  341909.043   1031 685880.085   686844.283   692151.679
207  Blosum62+F+R9 342538.394   1048 687172.788   688176.763   693547.793
208  Blosum62+F+R10 342540.720   1050 687181.440   688190.170   693568.611
220  Dayhoff+R9    345905.981   1029 693869.961   694829.554   700129.388
221  Dayhoff+R10   345902.596   1031 693867.191   694831.389   700138.785
233  Dayhoff+F+R9  344521.014   1048 691138.027   692142.001   697513.032
234  Dayhoff+F+R10 344507.032   1050 691114.064   692122.794   697501.235
246  mtREV+R9      355521.631   1029 713101.262   714060.855   719360.690
247  mtREV+R10     355492.449   1031 713046.898   714011.095   719318.491
259  mtREV+F+R9    347723.719   1048 697543.438   698547.412   703918.442
260  mtREV+F+R10   347706.873   1050 697513.746   698522.476   703900.917
272  mtART+R9      359878.709   1029 721815.417   722775.010   728074.845
273  mtART+R10     359835.308   1031 721732.616   722696.814   728004.210
285  mtART+F+R9    351706.947   1048 705509.894   706513.869   711884.899
286  mtART+F+R10   351688.140   1050 705476.279   706485.009   711863.450
298  mtZOA+R9      352315.566   1029 706689.132   707648.725   712948.559
299  mtZOA+R10     352293.822   1031 706649.645   707613.842   712921.238
311  mtZOA+F+R9    347190.622   1048 696477.245   697481.219   702852.249
312  mtZOA+F+R10   347165.919   1050 696431.837   697440.567   702819.008
324  mtMet+R9      354984.511   1029 712027.021   712986.614   718286.449
325  mtMet+R10     354979.657   1031 712021.314   712985.511   718292.907
337  mtMet+F+R9    347920.284   1048 697936.568   698940.542   704311.573
338  mtMet+F+R10   347916.064   1050 697932.129   698940.858   704319.300
350  mtVer+R9      359368.093   1029 720794.186   721753.778   727053.613
351  mtVer+R10     359349.375   1031 720760.750   721724.948   727032.344
363  mtVer+F+R9    353905.533   1048 709907.065   710911.040   716282.070
364  mtVer+F+R10   353899.030   1050 709898.060   710906.790   716285.231
376  mtInv+R9      355870.558   1029 713799.115   714758.708   720058.543
377  mtInv+R10     355845.652   1031 713753.304   714717.502   720024.898
389  mtInv+F+R9    345404.399   1048 692904.798   693908.773   699279.803
390  mtInv+F+R10   345389.536   1050 692879.072   693887.802   699266.243
402  mtMAM+R9      363480.489   1029 729018.977   729978.570   735278.405
403  mtMAM+R10     363440.081   1031 728942.162   729906.359   735213.755
415  mtMAM+F+R9    356301.128   1048 714698.256   715702.231   721073.261
416  mtMAM+F+R10   356289.044   1050 714678.088   715686.817   721065.259
428  HIVb+R9       350461.098   1029 702980.197   703939.789   709239.624
429  HIVb+R10      350442.037   1031 702946.075   703910.273   709217.669
441  HIVb+F+R9     349703.732   1048 701503.463   702507.438   707878.468
442  HIVb+F+R10    349693.647   1050 701487.295   702496.024   707874.466
454  HIVw+R9       365166.342   1029 732390.685   733350.277   738650.112
455  HIVw+R10      365111.443   1031 732284.886   733249.084   738556.480
467  HIVw+F+R9     359390.037   1048 720876.075   721880.049   727251.080
468  HIVw+F+R10    359335.233   1050 720770.466   721779.195   727157.637
480  FLU+R9        348021.800   1029 698101.599   699061.192   704361.026
481  FLU+R10       347994.002   1031 698050.004   699014.202   704321.598
493  FLU+F+R9      346566.706   1048 695229.411   696233.386   701604.416
494  FLU+F+R10     346545.412   1050 695190.824   696199.553   701577.995
506  rtREV+R9      343538.305   1029 689134.609   690094.202   695394.037
507  rtREV+R10     343518.486   1031 689098.973   690063.170   695370.566
519  rtREV+F+R9    342388.824   1048 686873.648   687877.623   693248.653
520  rtREV+F+R10   342374.160   1050 686848.320   687857.050   693235.491
532  cpREV+R9      342233.147   1029 686524.294   687483.886   692783.721
533  cpREV+R10     342212.405   1031 686486.811   687451.008   692758.404
545  cpREV+F+R9    342746.352   1048 687588.704   688592.678   693963.708
546  cpREV+F+R10   342726.797   1050 687553.595   688562.324   693940.766
Akaike Information Criterion:           LG+R10
Corrected Akaike Information Criterion: LG+R9
Bayesian Information Criterion:         LG+R9
Best-fit model: LG+R9 chosen according to BIC

All model information printed to output.model.gz
CPU time for ModelFinder: 5.071 seconds (0h:0m:5s)
Wall-clock time for ModelFinder: 0.552 seconds (0h:0m:0s)
Generating 1000 samples for ultrafast bootstrap (seed: 478388)...
CHECKPOINT: 1000 UFBoot trees and 0 UFBootSplits restored

NOTE: 1332 MB RAM (1 GB) is required!
CHECKPOINT: Model parameters restored, LogL: -339546.061
--------------------------------------------------------------------
|             INITIALIZING CANDIDATE TREE SET                      |
--------------------------------------------------------------------
CHECKPOINT: Candidate tree set restored, best LogL: -339546.061
Finish initializing candidate tree set (20)
Current best tree score: -339546.061 / CPU time: 0.000
Number of iterations: 351
--------------------------------------------------------------------
|               OPTIMIZING CANDIDATE TREE SET                      |
--------------------------------------------------------------------
Iteration 360 / LogL: -339562.294 / Time: 0h:2m:14s (0h:0m:24s left)
Estimate model parameters (epsilon = 0.100)
BETTER TREE FOUND at iteration 366: -339545.596
Iteration 370 / LogL: -339573.527 / Time: 0h:5m:20s (0h:1m:23s left)
Iteration 380 / LogL: -339563.503 / Time: 0h:8m:44s (0h:1m:58s left)
Iteration 390 / LogL: -339558.210 / Time: 0h:12m:10s (0h:2m:22s left)
Iteration 400 / LogL: -339581.925 / Time: 0h:15m:14s (0h:2m:31s left)
Estimate model parameters (epsilon = 0.100)
BETTER TREE FOUND at iteration 403: -339541.996
Iteration 410 / LogL: -339542.804 / Time: 0h:18m:25s (0h:4m:11s left)
Iteration 420 / LogL: -339557.473 / Time: 0h:21m:50s (0h:4m:19s left)
Iteration 430 / LogL: -339567.168 / Time: 0h:24m:54s (0h:4m:14s left)
Iteration 440 / LogL: -339592.963 / Time: 0h:27m:51s (0h:3m:59s left)
Iteration 450 / LogL: -339547.003 / Time: 0h:30m:52s (0h:3m:38s left)
Iteration 460 / LogL: -339582.826 / Time: 0h:34m:22s (0h:3m:13s left)
Iteration 470 / LogL: -339581.847 / Time: 0h:38m:31s (0h:2m:42s left)
Iteration 480 / LogL: -339557.914 / Time: 0h:41m:48s (0h:2m:0s left)
Iteration 490 / LogL: -339551.883 / Time: 0h:44m:35s (0h:1m:11s left)
Iteration 500 / LogL: -339574.641 / Time: 0h:47m:33s (0h:0m:17s left)
Refining ufboot trees with NNI 1 branch...
100 samples done
200 samples done
300 samples done
400 samples done
500 samples done
600 samples done
700 samples done
800 samples done
900 samples done
1000 samples done
Total 1000 ufboot trees refined
TREE SEARCH COMPLETED AFTER 504 ITERATIONS / Time: 1h:41m:4s

--------------------------------------------------------------------
|                    FINALIZING TREE SEARCH                        |
--------------------------------------------------------------------
Performs final model parameters optimization
Estimate model parameters (epsilon = 0.010)
1. Initial log-likelihood: -339541.996
2. Current log-likelihood: -339541.952
3. Current log-likelihood: -339541.922
4. Current log-likelihood: -339541.876
5. Current log-likelihood: -339541.817
6. Current log-likelihood: -339541.775
7. Current log-likelihood: -339541.731
8. Current log-likelihood: -339541.688
9. Current log-likelihood: -339541.660
10. Current log-likelihood: -339541.618
11. Current log-likelihood: -339541.574
12. Current log-likelihood: -339541.532
13. Current log-likelihood: -339541.490
14. Current log-likelihood: -339541.478
Optimal log-likelihood: -339541.463
Site proportion and rates:  (0.043,0.031) (0.060,0.098) (0.080,0.208) (0.115,0.332) (0.123,0.519) (0.147,0.788) (0.175,1.190) (0.128,1.735) (0.127,2.565)
Parameters optimization took 14 rounds (56.392 sec)
BEST SCORE FOUND : -339541.463

Testing tree branches by SH-like aLRT with 1000 replicates...
Alternative NNI shows better log-likelihood -339540.554 > -339541.463
Alternative NNI shows better log-likelihood -339540.804 > -339541.463
2.464 sec.
Creating bootstrap support values...
Split supports printed to NEXUS file output.splits.nex
Total tree length: 306.419

Total number of iterations: 504
CPU time used for tree search: 141234.879 sec (39h:13m:54s)
Wall-clock time used for tree search: 6064.401 sec (1h:41m:4s)
Total CPU time used: 142639.117 sec (39h:37m:19s)
Total wall-clock time used: 6125.715 sec (1h:42m:5s)
UFBoot trees printed to output.ufboot

Computing bootstrap consensus tree...
Reading input file output.splits.nex...
508 taxa and 5475 splits.
Consensus tree written to output.contree
Reading input trees file output.contree
Log-likelihood of consensus tree: -339551.184

Analysis results written to: 
  IQ-TREE report:                output.iqtree
  Maximum-likelihood tree:       output.treefile
  Likelihood distances:          output.mldist

Ultrafast bootstrap approximation results written to:
  Split support values:          output.splits.nex
  Consensus tree:                output.contree
  UFBoot trees:                  output.ufboot
  Screen log file:               output.log

Date and Time: Fri Jun 26 11:09:01 2020
