CAZy Family	PPR Subfamily	Gene ID	Frequency	Hits	Signature Peptides
GH1	2	XP_028138419.1	3.86	8	SLLDNF,RFSISW,LLDNFE,YRFSIS,WSLLDN,YHWDLP,LDNFEW,HWDLPQ
GH1	6	XP_028134781.1	4.16	10	HWDLPQ,SISWSR,TLFHWD,VTLFHW,LFHWDL,FSISWS,YRFSIS,FHWDLP,DFLGLN,RFSISW
GH1	13	XP_028149029.1	6.18	19	LIDNFE,DSYHKY,YHWDLP,CDSYHK,IEGAWN,HWDLPQ,KYKEDV,RFSISW,IDNFEW,SYHKYK,YHKYKE,ACDSYH,SLIDNF,AYQIEG,YRFSIS,WSLIDN,YQIEGA,QIEGAW,HKYKED
GH1	13	XP_028132805.1	5.99	21	SYHKYK,GAWNED,GAATAS,ATASYQ,CDSYHK,RFSISW,DSYHKY,EGAWNE,WSRILP,MDNFEW,WNEDGK,YRFSIS,NVIGYT,AWNEDG,SWSRIL,HKYKED,ACDSYH,AATASY,KYKEDV,NEDGKG,YHKYKE
GH1	13	XP_028139023.1	5.29	17	QIEGAW,YHKYKE,CDSYHK,RFSISW,ITFNEP,YRFSIS,ACDSYH,HKYKED,SWSRIL,DSYHKY,AYQIEG,WSRILP,YQIEGA,KYKEDV,WITFNE,HWDLPQ,SYHKYK
GH1	13	XP_028139019.1	4.83	16	QIEGAW,GAWNED,WNEDGK,YHKYKE,CDSYHK,RFSISW,EGAWNE,YRFSIS,NEDGKG,HKYKED,ACDSYH,DSYHKY,AWNEDG,KYKEDV,IEGAWN,SYHKYK
GH1	13	XP_028132806.1	4.64	18	DNFEWL,SYHKYK,DSYHKY,EGAWNE,KYKEDV,GAWNED,NEDGKG,WSRILP,SASSWL,MDNFEW,ATASYQ,CDSYHK,AWNEDG,SWSRIL,HKYKED,WNEDGK,ACDSYH,YHKYKE
GH1	13	XP_028151147.1	4.27	14	WNEDGK,RFSISW,SYHKYK,CDSYHK,IEGAWN,YHKYKE,YRFSIS,DSYHKY,EGAWNE,KYKEDV,GAWNED,HKYKED,QIEGAW,AWNEDG
GH1	13	XP_028153050.1	4.27	14	WNEDGK,RFSISW,SYHKYK,CDSYHK,IEGAWN,YHKYKE,YRFSIS,DSYHKY,EGAWNE,KYKEDV,GAWNED,HKYKED,QIEGAW,AWNEDG
GH1	13	XP_028153058.1	4.27	14	WNEDGK,RFSISW,SYHKYK,CDSYHK,IEGAWN,YHKYKE,YRFSIS,DSYHKY,EGAWNE,KYKEDV,GAWNED,QIEGAW,AWNEDG,HKYKED
GH1	13	XP_028139020.1	3.94	13	GAWNED,WNEDGK,YHKYKE,CDSYHK,RFSISW,AWNEDG,YRFSIS,NEDGKG,HKYKED,ACDSYH,DSYHKY,KYKEDV,SYHKYK
GH1	13	XP_028154640.1	3.92	15	WNEDGK,SYHKYK,CDSYHK,ATASYQ,YHKYKE,SWSRIL,DSYHKY,ACDSYH,WSRILP,NEDGKG,EGAWNE,KYKEDV,GAWNED,AWNEDG,HKYKED
GH1	13	XP_028155215.1	3.92	15	WNEDGK,SYHKYK,CDSYHK,ATASYQ,YHKYKE,DSYHKY,SWSRIL,ACDSYH,WSRILP,NEDGKG,EGAWNE,KYKEDV,GAWNED,HKYKED,AWNEDG
GH1	13	XP_028146173.1	3.63	9	QIEGAW,RFSISW,YRFSIS,YQIEGA,AYQIEG,YHWDLP,KYKEDV,HWDLPQ,IEGAWN
GH1	13	XP_028137807.1	3.21	10	QIEGAW,YHKYKE,SISWAR,ISWARI,HKYKED,DSYHKY,YHWDLP,KYKEDV,HWDLPQ,SYHKYK
GH1	20	XP_028129562.1	6.84	7	SISWSR,LIDGLL,FSISWS,YRFSIS,RFSISW,ISWSRI,ACDSYH
GH1	31	XP_028142171.1	7.8	17	AYQVEG,VEGAWN,VEGGWN,QVEGGW,RFSISW,SISWSR,YRFSIS,MDNFEW,YQVEGA,YQVEGG,IVTENG,TAAYQV,HWDLPQ,YHWDLP,QVEGAW,AAYQVE,FSISWS
GH1	31	XP_028132801.1	6.6	15	GDIACD,KYKEDV,SISWSR,SWSRVL,MDNFEW,FSISWS,ISWSRV,WSRVLP,LMDNFE,RFSISW,YRFSIS,QVEGAW,YQVEGA,RVLPTG,VEGAWN
GH1	31	XP_028145693.1	5.69	12	AYQVEG,VEGGWN,QVEGGW,RFSISW,SISWSR,YRFSIS,MDNFEW,YQVEGG,TAAYQV,LMDNFE,AAYQVE,FSISWS
GH1	31	XP_028154745.1	5.5	11	RFSISW,SWSRVL,ISWSRV,RVLPNG,HWDLPQ,SISWSR,KYKEDV,FSISWS,YHWDLP,WSRVLP,YRFSIS
GH1	31	XP_028143930.1	4.2	8	ISWSRV,NADGKG,RFSISW,SISWSR,YRFSIS,SWSRVL,WSRVLP,FSISWS
GH1	31	XP_028143931.1	4.2	8	ISWSRV,NADGKG,RFSISW,SISWSR,YRFSIS,SWSRVL,WSRVLP,FSISWS
GH1	33	XP_028149430.1	3.0	6	YKEDIA,RLSIAW,LSIAWS,IEPLVT,IAWSRI,SIAWSR
GH1	40	XP_028133140.1	5.01	6	LSWSRI,SLSWSR,RFSLSW,FSLSWS,PQALED,YRFSLS
GH1	46	XP_028132804.1	6.66	7	SRLPEF,HNLLKA,RLPEFT,IEGGWN,QIEGGW,LLKAHA,YQIEGG
GH1	46	XP_028139021.1	5.66	6	LYHVDF,RSRLPE,RLPEFT,SRLPEF,FGLYHV,YHVDFN
GH1	46	XP_028139022.1	5.66	6	LYHVDF,RSRLPE,RLPEFT,SRLPEF,FGLYHV,YHVDFN
GH1	54	XP_028142169.1	10.0	24	VTHYRF,ARSAAE,FSSPNR,MDNFEW,AARSAA,SGYTQK,FHWDIP,SAAEGR,SPNRTR,WSLMDN,SLMDNF,DFSSPN,DNFEWA,HWDIPQ,LIKELK,THYRFS,SRLPEF,GVTHYR,RSAAEG,VDFSSP,PNRTRT,LGVTHY,LMDNFE,SSPNRT
GH1	54	XP_028142751.1	8.0	19	GLNYYT,VTHYRF,FSSPNR,MDNFEW,TIFHWD,SPNRTR,WSLMDN,SLMDNF,DFSSPN,THYRFS,SRLPEF,GVTHYR,VDFSSP,PNRTRT,CDSYHK,LGVTHY,VTIFHW,LMDNFE,SSPNRT
GH1	54	XP_028132800.1	6.8	16	WSLMDN,SRLPEF,SLMDNF,IITENG,VTIFHW,GLNYYT,THYRFS,GVTHYR,TIFHWD,MDNFEW,PNRTRT,LMDNFE,CDSYHK,SPNRTR,VTHYRF,LGVTHY
GH1	54	XP_028132802.1	6.8	16	WSLMDN,SRLPEF,SLMDNF,IITENG,VTIFHW,GLNYYT,THYRFS,GVTHYR,TIFHWD,MDNFEW,PNRTRT,LMDNFE,CDSYHK,SPNRTR,VTHYRF,LGVTHY
GH1	54	XP_028132803.1	6.8	16	WSLMDN,SRLPEF,SLMDNF,IITENG,VTIFHW,GLNYYT,THYRFS,GVTHYR,TIFHWD,MDNFEW,PNRTRT,LMDNFE,CDSYHK,SPNRTR,VTHYRF,LGVTHY
GH1	54	XP_028146876.1	6.2	12	SAYQVE,RFSISW,AYQVEG,SRLPEF,IITENG,TSAYQV,MDNFEW,ATSAYQ,YQVEGG,HYRFSI,LIKELK,YRFSIS
GH1	54	XP_028133139.1	5.0	11	IITENG,TENGYP,MDNFEW,RFSIAW,HYRFSI,WITFNE,CDSYHK,SPNRTR,PNRTRT,YRFSIA,ITENGY
GH1	54	XP_028132061.1	3.4	7	WSLMDN,SLMDNF,MDNFEW,RFSIAW,HYRFSI,LMDNFE,YRFSIA
GH1	54	XP_028132062.1	3.4	7	WSLMDN,SLMDNF,MDNFEW,RFSIAW,HYRFSI,LMDNFE,YRFSIA
GH1	59	XP_028146915.1	3.2	6	GVATAA,YQIEGA,IEGAWN,QIEGAW,FGVATA,TAAYQI
GH1	59	XP_028146916.1	3.2	6	GVATAA,YQIEGA,IEGAWN,QIEGAW,FGVATA,TAAYQI
