CAZy Family	PPR Subfamily	Gene ID	Frequency	Hits	Signature Peptides
GH1	9	XP_023721122.1	6.93	7	FSLSWP,LSWPRI,HWDLPQ,RFSLSW,SLSWPR,YRFSLS,TFNEPK
GH1	9	XP_023721124.1	6.93	7	FSLSWP,LSWPRI,HWDLPQ,RFSLSW,SLSWPR,YRFSLS,TFNEPK
GH1	9	XP_023721123.1	5.94	6	FSLSWP,LSWPRI,RFSLSW,SLSWPR,YRFSLS,TFNEPK
GH1	13	XP_023723772.1	11.3	35	ASYQIE,VTMYHW,AATASY,SASSWL,GDRVKL,YRFSIS,NVIGYT,QDLGGW,RFSISW,MDNFEW,MYHWDL,LGGWPN,QIEGAW,YARVLF,DLGGWP,FGDRVK,YQIEGA,YHWDLP,TFNEPL,DNFEWL,TMYHWD,GAATAS,HWDLPQ,TENGFS,GIDYYN,DRVKLW,YTAWSL,ATASYQ,LQDLGG,TASYQI,ITENGF,GYTAWS,SYQIEG,NFGDRV,ENGFSD
GH1	13	XP_023723770.1	10.9	35	VTMYHW,AATASY,DSYHKY,GDRVKL,YRFSIS,YHKYKE,QDLGGW,MLKAIH,FSISWA,RFSISW,MDNFEW,MYHWDL,LGGWPN,WITFNE,DLGGWP,FGDRVK,CDSYHK,YHWDLP,TFNEPL,SISWAR,EMLKAI,TMYHWD,GAATAS,ACDSYH,HWDLPQ,TENGFS,HKYKED,GIDYYN,DRVKLW,ITFNEP,ATASYQ,LQDLGG,KYKEDV,ENGFSD,SYHKYK
GH1	13	XP_023723771.1	10.3	33	VTMYHW,DSYHKY,GDRVKL,YRFSIS,YHKYKE,QDLGGW,MLKAIH,FSISWA,RFSISW,MDNFEW,MYHWDL,LGGWPN,WITFNE,DLGGWP,FGDRVK,CDSYHK,YHWDLP,SISWAR,TFNEPL,EMLKAI,TMYHWD,ACDSYH,HWDLPQ,TENGFS,HKYKED,GIDYYN,DRVKLW,ITFNEP,LQDLGG,KYKEDV,QIEGGW,ENGFSD,SYHKYK
GH1	13	XP_033609442.1	9.52	28	VTMYHW,YRFSIS,QDLGGW,RFSISW,EGAWNE,MDNFEW,MYHWDL,QIEGAW,YARVLF,AYQIEG,FGDRVK,YQIEGA,YHWDLP,EMLKAI,TMYHWD,ACDSYH,HWDLPQ,TENGFS,GIDYYN,WSRILP,YTAWSL,LQDLGG,IEGAWN,SWSRIL,ITENGF,GYTAWS,NFGDRV,ENGFSD
GH1	13	XP_023717252.2	7.92	23	EGAWNE,HWDLPQ,NEDGKG,FGDRVK,AWNEDG,ITFNEP,WSRILP,IEGAWN,WITFNE,NFGDRV,SWSRIL,GAWNED,RFSISW,LQDLGG,YHWDLP,YRFSIS,WNEDGK,QIEGAW,SYQIEG,YQIEGA,EMLKAI,ACDSYH,QDLGGW
GH1	13	XP_023721112.1	6.02	18	YQIEGA,TMYHWD,FGDRVK,ENGFSD,IEGAWN,YHWDLP,GDYPSV,GYTAWS,HWDLPQ,AYQIEG,VTMYHW,TFNEPL,YTAWSL,YARVLF,WSLIDN,QIEGAW,TENGFS,MYHWDL
GH1	13	XP_023721113.1	6.02	18	YQIEGA,TMYHWD,FGDRVK,ENGFSD,IEGAWN,YHWDLP,GDYPSV,GYTAWS,HWDLPQ,AYQIEG,VTMYHW,TFNEPL,YTAWSL,YARVLF,WSLIDN,QIEGAW,TENGFS,MYHWDL
GH1	13	XP_023723773.1	5.93	18	ACDSYH,MDNFEW,HWDLPQ,LQDLGG,TENGFS,ITENGF,LGGWPN,GYTAWS,WITFNE,SASSWL,DLGGWP,GIDYYN,ITFNEP,YHWDLP,ENGFSD,QDLGGW,YTAWSL,ATASYQ
GH1	13	XP_023717245.1	5.72	15	RFSISW,LQDLGG,EGAWNE,FGDRVK,ENGFSD,ITENGF,YHWDLP,NVIGYT,HWDLPQ,YRFSIS,QDLGGW,WSRILP,TENGFS,MYHWDL,SWSRIL
GH1	13	XP_023717246.1	5.72	15	RFSISW,LQDLGG,EGAWNE,FGDRVK,ENGFSD,ITENGF,YHWDLP,NVIGYT,HWDLPQ,YRFSIS,QDLGGW,WSRILP,TENGFS,MYHWDL,SWSRIL
GH1	13	XP_023717247.1	5.72	15	RFSISW,LQDLGG,EGAWNE,FGDRVK,ENGFSD,ITENGF,YHWDLP,NVIGYT,HWDLPQ,YRFSIS,QDLGGW,WSRILP,TENGFS,MYHWDL,SWSRIL
GH1	13	XP_023717244.1	5.56	14	RFSISW,LQDLGG,EGAWNE,TMYHWD,FGDRVK,YHWDLP,HWDLPQ,YRFSIS,QDLGGW,VTMYHW,IEGAWN,WSLIDN,QIEGAW,MYHWDL
GH1	13	XP_023717248.1	5.56	14	RFSISW,LQDLGG,EGAWNE,TMYHWD,FGDRVK,YHWDLP,HWDLPQ,YRFSIS,QDLGGW,VTMYHW,IEGAWN,WSLIDN,QIEGAW,MYHWDL
GH1	13	XP_023723774.1	4.91	16	SWSRIL,LQDLGG,HWDLPQ,WSLIDN,KYKEDV,AATASY,ATASYQ,YARVLF,WITFNE,WSRILP,FGDRVK,ITFNEP,LIDNFE,IDNFEW,SLIDNF,GAATAS
GH1	13	XP_023715346.1	4.08	12	GDRVKL,LQDLGG,YHKYKE,TMYHWD,ITENGF,YHWDLP,HWDLPQ,DRVKLW,QDLGGW,VTMYHW,HKYKED,MYHWDL
GH1	37	XP_023715347.1	5.53	12	GDYPQV,FSISWP,FGDRVK,SAYQTE,SISWPR,YHWDLP,HWDLPQ,YQTEGA,AYQTEG,PQVMKD,DYPQVM,YPQVMK
GH1	59	XP_023717249.1	8.8	16	WPRILP,AHARAY,ITINEP,DFFGLN,FFGLNH,WITINE,YHWDLP,AADSYH,LAHARA,FGLNHY,SWPRIL,DSYHKY,FEDYAR,LNHYTT,GLNHYT,ISWPRI
GH1	59	XP_033609438.1	8.8	16	LAHARA,ITINEP,DSYHKY,FFGLNH,FGLNHY,SWPRIL,FEDYAR,AADSYH,LNHYTT,WITINE,YHWDLP,WPRILP,DFFGLN,GLNHYT,AHARAY,ISWPRI
GH1	59	XP_033609439.1	8.8	16	LAHARA,ITINEP,DSYHKY,FFGLNH,FGLNHY,SWPRIL,FEDYAR,AADSYH,LNHYTT,WITINE,YHWDLP,DFFGLN,WPRILP,GLNHYT,AHARAY,ISWPRI
GH1	59	XP_033609437.1	4.4	9	IEGAWN,QIEGAW,ITINEP,SWPRIL,AADSYH,WITINE,WPRILP,DFFGLN,ISWPRI
