CAZy Family	PPR Subfamily	Gene ID	Frequency	Hits	Signature Peptides
GH1	9	XP_015839336.1	7.89	8	YHWDLP,LYHWDL,HWDLPQ,TLYHWD,YRFSLS,RFSLSW,DFIGLN,VTLYHW
GH1	9	XP_015839337.1	7.89	8	YHWDLP,LYHWDL,HWDLPQ,TLYHWD,YRFSLS,RFSLSW,DFIGLN,VTLYHW
GH1	9	XP_968318.1	7.89	8	YHWDLP,LYHWDL,HWDLPQ,TLYHWD,YRFSLS,RFSLSW,DFIGLN,VTLYHW
GH1	9	XP_008195645.1	6.93	7	TLYHWD,RFSLSW,LYHWDL,HWDLPQ,VTLYHW,YRFSLS,YHWDLP
GH1	9	XP_015837318.1	6.93	7	RFSLSW,VTLYHW,YRFSLS,LYHWDL,HWDLPQ,YHWDLP,TLYHWD
GH1	9	XP_972386.3	6.93	7	YHWDLP,LYHWDL,TFNEPK,HWDLPQ,TLYHWD,YRFSLS,RFSLSW
GH1	13	XP_015837080.1	6.63	21	RFSISW,FGDRVK,DSYHKY,CDSYHK,HWDLPQ,ACDSYH,NEDGKG,EGAWNE,HKYKED,GYTAWS,YHKYKE,GAWNED,YRFSIS,WNEDGK,KYKEDV,ITENGF,WSRILP,YTAWSL,AWNEDG,SYHKYK,SWSRIL
GH1	13	XP_966332.1	6.1	18	RFSISW,FGDRVK,NFGDRV,SISWAR,LQDLGG,AYQIEG,ENGFSD,ACDSYH,WARILP,ITENGF,TENGFS,FSISWA,YQIEGG,YRFSIS,ISWARI,DNFEWL,SWARIL,QDLGGW
GH1	20	XP_972082.1	7.76	8	PMVTLF,RFSISW,ISWSRI,FSISWS,SISWSR,ACDSYH,YRFSIS,MVTLFH
GH1	31	XP_975665.2	7.0	14	VEGAWN,RFSISW,TAAYQV,AYQVEG,HWDLPQ,SISWSR,YQVEGA,YRFSIS,LITENG,KYKEDV,AAYQVE,QVEGAW,FSISWS,ATAAYQ
GH1	31	XP_972032.1	2.8	8	MDNFEW,VEGAWN,GWFAHP,NADGKG,YQVEGA,GDIACD,QVEGAW,WNADGK
GH1	40	XP_972134.1	6.87	8	LSWSRI,TLFHWD,YRFSLS,RFSLSW,SLSWSR,EAAERA,FSLSWS,VTLFHW
GH1	45	XP_975666.1	9.02	16	VEGAWN,FGDRVK,TAAYQV,AYQVEG,FGAATA,ACDSYH,YRFSVS,YQVEGA,CDSYHK,AAYQVE,QVEGAW,GAATAA,RFSVSW,EGAWNE,ATAAYQ,AATAAY
GH1	46	XP_015837060.1	10.0	10	LKAHAE,YQIEGG,QIEGGW,GGWNAD,EGGWNA,IEGGWN,KFGLYH,GGWTNP,LGGWTN,FGLYHV
GH1	46	XP_008195643.1	7.66	8	QIEGGW,FGLYHV,LYHVDF,KFGLYH,LKAHAE,YQIEGG,IEGGWN,LLKAHA
GH1	46	XP_972231.1	7.66	8	QIEGGW,LKAHAE,FGLYHV,KFGLYH,YQIEGG,LYHVDF,LLKAHA,IEGGWN
GH1	46	XP_972182.1	6.83	7	QIEGGW,LKAHAE,GGWNAD,EGGWNA,YQIEGG,LLKAHA,IEGGWN
GH1	59	XP_015833762.1	5.6	11	WITINE,FGLNHY,AHPIFS,ITINEP,DFFGLN,FFGLNH,IVTENG,VTLFHW,WPRILP,FHWDLP,SWPRIL
GH1	59	XP_970224.1	5.6	11	VTLFHW,FGLNHY,WPRILP,WITINE,IVTENG,FHWDLP,SWPRIL,DFFGLN,ITINEP,AHPIFS,FFGLNH
