CAZy Family	PPR Subfamily	Gene ID	Frequency	Hits	Signature Peptides
GH1	4	XP_026281265.1	3.4	8	WLTINE,YQVEGA,HRYKED,DHYHRY,AYQVEG,QVEGAW,YHRYKE,SAYQVE
GH1	4	XP_026287231.1	2.83	6	SAYQVE,RFSIAW,VEGAWN,AYQVEG,YQVEGA,QVEGAW
GH1	4	XP_026290116.1	2.73	8	GAWNED,WNEDGK,YHRYKE,VEGAWN,EGAWNE,QVEGAW,HRYKED,AWNEDG
GH1	13	XP_026277353.1	5.43	18	ACDSYH,GAWNED,DSYHKY,HKYKED,LQDLGG,HWDLPQ,WSRILP,QDLGGW,SWSRIL,EGAWNE,CDSYHK,NEDGKG,WNEDGK,SYHKYK,ATASYQ,AWNEDG,YTAWSL,YHKYKE
GH1	13	XP_026277354.1	5.43	18	ACDSYH,GAWNED,DSYHKY,HKYKED,LQDLGG,HWDLPQ,WSRILP,QDLGGW,SWSRIL,EGAWNE,CDSYHK,NEDGKG,WNEDGK,SYHKYK,ATASYQ,AWNEDG,YTAWSL,YHKYKE
GH1	20	XP_026285787.1	7.68	8	RIFPTG,FSISWS,WSRIFP,SISWSR,ISWSRI,SRIFPT,SWSRIF,RFSISW
GH1	20	XP_026290124.1	6.76	7	ISWSRI,SRIFPT,RFSISW,SWSRIF,FSISWS,WSRIFP,SISWSR
GH1	23	XP_026289810.1	4.84	9	FSISWT,VKYWLT,ISWTRI,SISWTR,KYWLTI,RFSISW,YWLTIN,WLTINE,ITENGI
GH1	23	XP_026283914.1	3.07	6	WLTINE,ITENGI,VTIFHF,KYWLTI,YWLTIN,TIFHFD
GH1	31	XP_026289622.1	7.3	16	TAAYQV,VVTLYH,HWDLPQ,GWFAHP,AYQVEG,VEGAWN,RFSISW,YQVEGA,LYHWDL,QVEGAW,YHWDLP,TLYHWD,AAYQVE,YRFSIS,PVVTLY,KYKEDV
GH1	31	XP_026285692.1	3.8	7	SWSRVL,FSISWS,ISWSRV,WSRVLP,YRFSIS,SISWSR,RFSISW
GH1	31	XP_026286630.1	3.8	7	SWSRVL,FSISWS,ISWSRV,WSRVLP,YRFSIS,SISWSR,RFSISW
GH1	31	XP_026287983.1	3.8	7	SWSRVL,WSRVLP,RFSISW,FSISWS,ISWSRV,YRFSIS,SISWSR
GH1	31	XP_026290983.1	3.8	7	SWSRVL,WSRVLP,RFSISW,FSISWS,ISWSRV,YRFSIS,SISWSR
GH1	31	XP_026287599.1	3.6	7	SWSRVL,WSRVLP,RFSISW,FSISWS,ISWSRV,RVLPTG,SISWSR
GH1	31	XP_026288943.1	3.6	7	SWSRVL,WSRVLP,RFSISW,FSISWS,ISWSRV,RVLPTG,SISWSR
GH1	31	XP_026291029.1	3.6	7	SWSRVL,WSRVLP,RFSISW,FSISWS,ISWSRV,RVLPTG,SISWSR
GH1	31	XP_026288136.1	3.2	6	SWSRVL,WSRVLP,RFSISW,FSISWS,ISWSRV,SISWSR
GH1	31	XP_026273946.1	3.1	7	VEGGWN,YQVEGG,GGWNAD,AAYQVE,AYQVEG,QVEGGW,EGGWNA
GH1	37	XP_026279283.1	4.0	8	LYHWDL,TLYHWD,YTAWSL,GYTAWS,VTLYHW,TAWSLL,AWSLLD,YHWDLP
GH1	40	XP_026279277.1	6.16	7	VTLFHW,RFSLSW,SLSWSR,FSLSWS,TLFHWD,YRFSLS,LSWSRI
GH1	45	XP_026292938.1	3.15	7	VEGAWN,EGAWNE,YQVEGA,CDSYHK,QVEGAW,VACDSY,ACDSYH
GH1	54	XP_026274121.1	5.8	13	SPNRTR,WSLMDN,SLMDNF,PNRTRT,CDSYHK,SSPNRT,THYRFS,VDFSSP,LMDNFE,MDNFEW,FSSPNR,DFSSPN,ATSAYQ
GH1	56	XP_026293740.1	3.4	6	GAWNVS,WNVSGK,EGAWNV,YRFSLS,AWNVSG,DGIRYY
GH1	56	XP_026293741.1	3.4	6	GAWNVS,WNVSGK,EGAWNV,YRFSLS,AWNVSG,DGIRYY
GH1	56	XP_026293742.1	3.4	6	GAWNVS,WNVSGK,EGAWNV,YRFSLS,AWNVSG,DGIRYY
