CAZy Family	PPR Subfamily	Gene ID	Frequency	Hits	Signature Peptides
GH1	2	XP_028029942.1	5.43	13	SYQIEG,VTLYHW,YHWDLP,WSLMDN,LYHWDL,SLMDNF,TLYHWD,GDVACD,YRFSIS,HWDLPQ,RFSISW,MDNFEW,LMDNFE
GH1	9	XP_028043767.1	6.93	7	YRFSLS,LYHWDL,HWDLPQ,RFSLSW,YHWDLP,TLYHWD,VTLYHW
GH1	13	XP_028028071.1	6.44	22	YHWDLP,SWSRIL,ITFNEP,IEGAWN,WITFNE,AWNEDG,GDRVKL,DNFEWL,MDNFEW,SYQIEG,QIEGAW,ATASYQ,WSRILP,GAWNED,EGAWNE,YQIEGA,DRVKLW,TASYQI,HWDLPQ,WNEDGK,ASYQIE,NEDGKG
GH1	13	XP_028028205.1	4.44	14	LQDLGG,EGAWNE,ACDSYH,QIEGAW,WNEDGK,GYTAWS,AYQIEG,QDLGGW,YARVLF,IEGAWN,GAWNED,AWNEDG,YQIEGA,YTAWSL
GH1	13	XP_028028070.1	4.3	14	SYQIEG,YHWDLP,QIEGAW,SWSRIL,ATASYQ,ITFNEP,ASYQIE,WSRILP,WITFNE,HWDLPQ,YQIEGA,GDRVKL,DRVKLW,TASYQI
GH1	13	XP_028043690.1	4.04	11	GIDYYN,GYTAWS,QDLGGW,FGDRVK,HWDLPQ,WSRILP,YHWDLP,SWSRIL,NFGDRV,IDNFEW,LQDLGG
GH1	13	XP_028043691.1	4.04	11	GIDYYN,GYTAWS,QDLGGW,FGDRVK,HWDLPQ,WSRILP,YHWDLP,SWSRIL,NFGDRV,IDNFEW,LQDLGG
GH1	15	XP_028028072.1	8.28	9	DRVKHW,FGDRVK,KHWITI,ITINEP,VKHWIT,RVKHWI,GDRVKH,HWITIN,WITINE
GH1	20	XP_028036782.1	7.68	8	SISWSR,NNLIDG,YYNNLI,RFSISW,ACDSYH,YRFSIS,LIDGLL,FSISWS
GH1	20	XP_028036783.1	7.68	8	SISWSR,NNLIDG,YYNNLI,RFSISW,ACDSYH,YRFSIS,LIDGLL,FSISWS
GH1	46	XP_028038643.1	6.83	7	QIEGGW,DKGESI,EGGWNA,GESIWD,IEGGWN,YQIEGG,KGESIW
GH1	54	XP_028029941.1	4.0	9	WSLMDN,YEVDFS,SLMDNF,VDFSSP,LYEVDF,GLYEVD,MDNFEW,EVDFSS,LMDNFE
GH1	54	XP_028029973.1	3.59	8	WSLMDN,SLMDNF,ITENGY,YRFSIS,RFSISW,MDNFEW,LMDNFE,GLNYYT
GH1	54	XP_028029974.1	3.59	8	WSLMDN,SLMDNF,ITENGY,YRFSIS,RFSISW,MDNFEW,LMDNFE,GLNYYT
GH1	54	XP_028036753.1	2.8	6	SLMDNF,LMDNFE,GLNYYT,ITENGY,MDNFEW,WSLMDN
GH1	56	XP_028040807.1	16.7	32	DFYRFS,LFHWDL,QDLGGW,LDALAE,FHWDLP,IKGTSD,DGIRYY,DYFRDY,TLFHWD,ALAEKN,IEPLVT,YRFSLS,KMVDYF,LVTLFH,EKNIEP,PEMIAD,LQDLGG,EPLVTL,DFLGIN,IEGAWN,EGAWNV,QIEGAW,PLVTLF,AWNVSG,LLDALA,THLITG,NIEPLV,VTLFHW,WNVSGK,GAWNVS,EMIADG,ENVWDR
GH1	56	XP_028040808.1	16.7	32	DFYRFS,LFHWDL,QDLGGW,LDALAE,FHWDLP,IKGTSD,DGIRYY,DYFRDY,TLFHWD,ALAEKN,IEPLVT,YRFSLS,KMVDYF,LVTLFH,EKNIEP,PEMIAD,LQDLGG,EPLVTL,DFLGIN,IEGAWN,EGAWNV,QIEGAW,PLVTLF,AWNVSG,LLDALA,THLITG,NIEPLV,VTLFHW,WNVSGK,GAWNVS,EMIADG,ENVWDR
GH1	56	XP_028040809.1	16.7	32	DFYRFS,LFHWDL,QDLGGW,LDALAE,FHWDLP,IKGTSD,DGIRYY,DYFRDY,TLFHWD,ALAEKN,IEPLVT,YRFSLS,KMVDYF,LVTLFH,EKNIEP,PEMIAD,LQDLGG,EPLVTL,DFLGIN,IEGAWN,EGAWNV,QIEGAW,PLVTLF,AWNVSG,LLDALA,THLITG,NIEPLV,VTLFHW,WNVSGK,GAWNVS,EMIADG,ENVWDR
GH1	56	XP_028037389.1	7.19	12	GAWNVS,QDLGGW,EGAWNV,GDIACD,IEGAWN,EPLVTL,IEPLVT,NGDIAC,LQDLGG,DIACDS,IACDSY,QIEGAW
GH1	56	XP_028037411.1	5.99	10	ACDSYN,QDLGGW,LGGWAN,GDIACD,LQDLGG,NGDIAC,GGWANP,DIACDS,IACDSY,DLGGWA
GH1	56	XP_028036762.1	4.0	7	ACDSYN,NIEPLV,GDIACD,IEPLVT,DIACDS,IACDSY,YRFSLS
GH1	56	XP_028029940.1	3.6	6	EGAWNV,QIEGAW,GAWNVS,QDLGGW,IEGAWN,ACDSYN
GH1	56	XP_028042604.1	3.6	6	QDLGGW,DLGGWA,ACDSYN,LGGWAN,GGWANP,LQDLGG
GH1	59	XP_028026026.1	15.2	27	WTLMDD,RLPYFT,YFAWTL,SSDFFG,IEGAWN,DFFGLN,LMDDFE,SDFFGL,IIVTEN,SPERTR,QIEGAW,TLMDDF,AWTLMD,FAWTLM,AAFQIE,GYFAWT,IVTENG,FFGLNH,FGLNHY,GLNHYT,AHPIFS,AADSYH,MDDFEW,LNHYTT,NHYTTY,GVKYYR,VTLFHW
GH1	59	XP_028035150.1	6.99	11	NHYTTY,DFFGLN,YHWDLP,LNHYTT,FFGLNH,WPRILP,SWPRIL,IEGAWN,GLNHYT,FGLNHY,QIEGAW
GH1	59	XP_028030232.1	6.2	11	SPERTR,YHWDLP,QIEGAW,FFGLNH,IEGAWN,ITINEP,DFFGLN,SDFFGL,YQIEGA,FGLNHY,WITINE
GH1	59	XP_028040485.1	5.8	11	GKIGIT,AADSYH,LNHYTT,FGVATA,IGITLD,NHYTTY,AHPIFS,GLNHYT,WPRILP,YHWDLP,SWPRIL
